<?xml version="1.0" encoding="UTF-8"?>
<testsuites name="HOME PAGE - 09-05-2019" time="1129" tests="5" failures="6" errors="0">
   <testsuite name="HOME PAGE - 09-05-2019" tests="5" failures="6" errors="0" time="1129" timestamp="2019-05-09 13:41:12" hostname="sumankompelly - 10.0.126.233" id="Test Suites/OCS-09-05-2019 - Theme2/HOME PAGE - 09-05-2019">
      <properties>
[...]
</properties>
      <testcase name="Test Cases/OCS- HOME PAGE/Announcement" classname="Test Cases/OCS- HOME PAGE/Announcement" status="PASSED">
         <system-out><![CDATA[2019-05-09 13:41:12 - [TEST_CASE][PASSED] - Test Cases/OCS- HOME PAGE/Announcement: Test Cases/OCS- HOME PAGE/Announcement

2019-05-09 13:41:13 - [TEST_STEP][PASSED] - openBrowser(""): Browser is opened with url: ''

2019-05-09 13:41:13 - [MESSAGE][INFO] - Starting 'Remote' driver

2019-05-09 13:41:13 - [MESSAGE][INFO] - User set preference: ['os', 'windows']

2019-05-09 13:41:13 - [MESSAGE][INFO] - User set preference: ['os_version', '10']

2019-05-09 13:41:13 - [MESSAGE][INFO] - User set preference: ['browser', 'Chrome']

2019-05-09 13:41:13 - [MESSAGE][INFO] - User set preference: ['browser_version', '74']

2019-05-09 13:41:13 - [MESSAGE][INFO] - User set preference: ['resolution', '1280x800']

2019-05-09 13:41:13 - [MESSAGE][INFO] - Connecting to remote web server 'https://dianatest3:Z3oqw9ysqTeRQJq5wFCp@hub-cloud.browserstack.com/wd/hub' with type 'Selenium'

2019-05-09 13:41:13 - [MESSAGE][INFO] - Action delay is set to 0 seconds

2019-05-09 13:41:20 - [MESSAGE][PASSED] - Browser is opened with url: ''

2019-05-09 13:41:20 - [TEST_STEP][PASSED] - navigateToUrl("https://ocs.ca/?fts=0&preview_theme_id=53373863756"): Navigate to 'https://ocs.ca/?fts=0&preview_theme_id=53373863756' successfully

2019-05-09 13:41:27 - [MESSAGE][PASSED] - Navigate to 'https://ocs.ca/?fts=0&preview_theme_id=53373863756' successfully

2019-05-09 13:41:27 - [TEST_STEP][PASSED] - click(findTestObject("Object Repository/Theme_oR/Page_Ontario Cannabis Store  Ontari/button_Close preview")): Object: 'Object Repository/Theme_oR/Page_Ontario Cannabis Store  Ontari/button_Close preview' is clicked on

2019-05-09 13:41:31 - [MESSAGE][PASSED] - Object: 'Object Repository/Theme_oR/Page_Ontario Cannabis Store  Ontari/button_Close preview' is clicked on

2019-05-09 13:41:31 - [TEST_STEP][PASSED] - maximizeWindow(): Current window maximized

2019-05-09 13:41:33 - [MESSAGE][PASSED] - Current window maximized

2019-05-09 13:41:33 - [TEST_STEP][PASSED] - selectOptionByValue(findTestObject("Object Repository/Announcement_OR/Page_Ontario Cannabis Store  Ontari/select_Select01020304050607080"), "1", true): All options with value '1' are selected in object 'Object Repository/Announcement_OR/Page_Ontario Cannabis Store  Ontari/select_Select01020304050607080'  using regular expression

2019-05-09 13:41:37 - [MESSAGE][PASSED] - All options with value '1' are selected in object 'Object Repository/Announcement_OR/Page_Ontario Cannabis Store  Ontari/select_Select01020304050607080'  using regular expression

2019-05-09 13:41:37 - [TEST_STEP][PASSED] - selectOptionByValue(findTestObject("Object Repository/Announcement_OR/Page_Ontario Cannabis Store  Ontari/select_SelectJanuary - 01Febru"), "0", true): All options with value '0' are selected in object 'Object Repository/Announcement_OR/Page_Ontario Cannabis Store  Ontari/select_SelectJanuary - 01Febru'  using regular expression

2019-05-09 13:41:38 - [MESSAGE][PASSED] - All options with value '0' are selected in object 'Object Repository/Announcement_OR/Page_Ontario Cannabis Store  Ontari/select_SelectJanuary - 01Febru'  using regular expression

2019-05-09 13:41:38 - [TEST_STEP][PASSED] - selectOptionByValue(findTestObject("Object Repository/Announcement_OR/Page_Ontario Cannabis Store  Ontari/select_Select20182017201620152"), "1968", true): All options with value '1968' are selected in object 'Object Repository/Announcement_OR/Page_Ontario Cannabis Store  Ontari/select_Select20182017201620152'  using regular expression

2019-05-09 13:41:54 - [MESSAGE][PASSED] - All options with value '1968' are selected in object 'Object Repository/Announcement_OR/Page_Ontario Cannabis Store  Ontari/select_Select20182017201620152'  using regular expression

2019-05-09 13:41:54 - [TEST_STEP][PASSED] - delay(2): Delayed 2 second(s)

2019-05-09 13:41:56 - [MESSAGE][PASSED] - Delayed 2 second(s)

2019-05-09 13:41:56 - [TEST_STEP][PASSED] - click(findTestObject("Announcement_OR/Page_Ontario Cannabis Store  Ontari/button_Verify")): Object: 'Object Repository/Announcement_OR/Page_Ontario Cannabis Store  Ontari/button_Verify' is clicked on

2019-05-09 13:41:57 - [MESSAGE][PASSED] - Object: 'Object Repository/Announcement_OR/Page_Ontario Cannabis Store  Ontari/button_Verify' is clicked on

2019-05-09 13:41:57 - [TEST_STEP][PASSED] - click(findTestObject("Object Repository/Announcement_OR/Page_Ontario Cannabis Store  Ontari/span_CONFIRM AND ACKNOWLEDGE_c")): Object: 'Object Repository/Announcement_OR/Page_Ontario Cannabis Store  Ontari/span_CONFIRM AND ACKNOWLEDGE_c' is clicked on

2019-05-09 13:41:57 - [MESSAGE][PASSED] - Object: 'Object Repository/Announcement_OR/Page_Ontario Cannabis Store  Ontari/span_CONFIRM AND ACKNOWLEDGE_c' is clicked on

2019-05-09 13:41:57 - [TEST_STEP][PASSED] - click(findTestObject("Object Repository/Announcement_OR/Page_Ontario Cannabis Store  Ontari/button_CONFIRM")): Object: 'Object Repository/Announcement_OR/Page_Ontario Cannabis Store  Ontari/button_CONFIRM' is clicked on

2019-05-09 13:41:58 - [MESSAGE][PASSED] - Object: 'Object Repository/Announcement_OR/Page_Ontario Cannabis Store  Ontari/button_CONFIRM' is clicked on

2019-05-09 13:41:58 - [TEST_STEP][PASSED] - click(findTestObject("Object Repository/Announcement_OR/Page_Ontario Cannabis Store  Ontari/button_Start Browsing")): Object: 'Object Repository/Announcement_OR/Page_Ontario Cannabis Store  Ontari/button_Start Browsing' is clicked on

2019-05-09 13:41:58 - [MESSAGE][PASSED] - Object: 'Object Repository/Announcement_OR/Page_Ontario Cannabis Store  Ontari/button_Start Browsing' is clicked on

2019-05-09 13:41:58 - [TEST_STEP][PASSED] - flag = verifyTextNotPresent("Due to holiday closures within the Canada Post network through Good Friday and Easter Monday, please expect some order delivery delays.", false): Text 'Due to holiday closures within the Canada Post network through Good Friday and Easter Monday, please expect some order delivery delays.' is not present on page

2019-05-09 13:41:59 - [MESSAGE][PASSED] - Text 'Due to holiday closures within the Canada Post network through Good Friday and Easter Monday, please expect some order delivery delays.' is not present on page

2019-05-09 13:41:59 - [TEST_STEP][PASSED] - comment("flag =" + flag): flag =true

2019-05-09 13:41:59 - [MESSAGE][INFO] - flag =true

2019-05-09 13:41:59 - [TEST_STEP][PASSED] - if (flag == false): null

2019-05-09 13:41:59 - [TEST_STEP][PASSED] - else:  there are announcemnts 

2019-05-09 13:41:59 - [TEST_STEP][PASSED] - comment(" there are announcemnts "):  there are announcemnts 

2019-05-09 13:41:59 - [MESSAGE][INFO] -  there are announcemnts 

2019-05-09 13:41:59 - [TEST_STEP][PASSED] - closeBrowser(): Browser is closed

2019-05-09 13:42:00 - [MESSAGE][PASSED] - Browser is closed]]></system-out>
         <system-err><![CDATA[]]></system-err>
      </testcase>
      <testcase name="Test Cases/OCS- HOME PAGE/cart flyout" classname="Test Cases/OCS- HOME PAGE/cart flyout" status="PASSED">
         <system-out><![CDATA[2019-05-09 13:42:00 - [TEST_CASE][PASSED] - Test Cases/OCS- HOME PAGE/cart flyout: Test Cases/OCS- HOME PAGE/cart flyout

2019-05-09 13:42:00 - [TEST_STEP][PASSED] - openBrowser(""): Browser is opened with url: ''

2019-05-09 13:42:00 - [MESSAGE][INFO] - Starting 'Remote' driver

2019-05-09 13:42:00 - [MESSAGE][INFO] - User set preference: ['os', 'windows']

2019-05-09 13:42:00 - [MESSAGE][INFO] - User set preference: ['os_version', '10']

2019-05-09 13:42:00 - [MESSAGE][INFO] - User set preference: ['browser', 'Chrome']

2019-05-09 13:42:00 - [MESSAGE][INFO] - User set preference: ['browser_version', '74']

2019-05-09 13:42:00 - [MESSAGE][INFO] - User set preference: ['resolution', '1280x800']

2019-05-09 13:42:00 - [MESSAGE][INFO] - Connecting to remote web server 'https://dianatest3:Z3oqw9ysqTeRQJq5wFCp@hub-cloud.browserstack.com/wd/hub' with type 'Selenium'

2019-05-09 13:42:06 - [MESSAGE][PASSED] - Browser is opened with url: ''

2019-05-09 13:42:06 - [TEST_STEP][PASSED] - delay(4): Delayed 4 second(s)

2019-05-09 13:42:10 - [MESSAGE][PASSED] - Delayed 4 second(s)

2019-05-09 13:42:10 - [TEST_STEP][PASSED] - navigateToUrl("https://ocs.ca/?fts=0&preview_theme_id=53373863756"): Navigate to 'https://ocs.ca/?fts=0&preview_theme_id=53373863756' successfully

2019-05-09 13:42:16 - [MESSAGE][PASSED] - Navigate to 'https://ocs.ca/?fts=0&preview_theme_id=53373863756' successfully

2019-05-09 13:42:16 - [TEST_STEP][PASSED] - click(findTestObject("Object Repository/Theme_oR/Page_Ontario Cannabis Store  Ontari/button_Close preview")): Object: 'Object Repository/Theme_oR/Page_Ontario Cannabis Store  Ontari/button_Close preview' is clicked on

2019-05-09 13:42:17 - [MESSAGE][PASSED] - Object: 'Object Repository/Theme_oR/Page_Ontario Cannabis Store  Ontari/button_Close preview' is clicked on

2019-05-09 13:42:19 - [TEST_STEP][PASSED] - maximizeWindow(): Current window maximized

2019-05-09 13:42:20 - [MESSAGE][PASSED] - Current window maximized

2019-05-09 13:42:20 - [TEST_STEP][PASSED] - selectOptionByValue(findTestObject("Object Repository/cart flyout_OR/Page_Ontario Cannabis Store  Ontari/select_Select01020304050607080"), "1", true): All options with value '1' are selected in object 'Object Repository/cart flyout_OR/Page_Ontario Cannabis Store  Ontari/select_Select01020304050607080'  using regular expression

2019-05-09 13:42:26 - [MESSAGE][PASSED] - All options with value '1' are selected in object 'Object Repository/cart flyout_OR/Page_Ontario Cannabis Store  Ontari/select_Select01020304050607080'  using regular expression

2019-05-09 13:42:26 - [TEST_STEP][PASSED] - selectOptionByValue(findTestObject("Object Repository/cart flyout_OR/Page_Ontario Cannabis Store  Ontari/select_SelectJanuary - 01Febru"), "0", true): All options with value '0' are selected in object 'Object Repository/cart flyout_OR/Page_Ontario Cannabis Store  Ontari/select_SelectJanuary - 01Febru'  using regular expression

2019-05-09 13:42:28 - [MESSAGE][PASSED] - All options with value '0' are selected in object 'Object Repository/cart flyout_OR/Page_Ontario Cannabis Store  Ontari/select_SelectJanuary - 01Febru'  using regular expression

2019-05-09 13:42:28 - [TEST_STEP][PASSED] - selectOptionByValue(findTestObject("Object Repository/cart flyout_OR/Page_Ontario Cannabis Store  Ontari/select_Select20182017201620152"), "1968", true): All options with value '1968' are selected in object 'Object Repository/cart flyout_OR/Page_Ontario Cannabis Store  Ontari/select_Select20182017201620152'  using regular expression

2019-05-09 13:42:44 - [MESSAGE][PASSED] - All options with value '1968' are selected in object 'Object Repository/cart flyout_OR/Page_Ontario Cannabis Store  Ontari/select_Select20182017201620152'  using regular expression

2019-05-09 13:42:44 - [TEST_STEP][PASSED] - click(findTestObject("Object Repository/cart flyout_OR/Page_Ontario Cannabis Store  Ontari/button_Verify")): Object: 'Object Repository/cart flyout_OR/Page_Ontario Cannabis Store  Ontari/button_Verify' is clicked on

2019-05-09 13:42:44 - [MESSAGE][PASSED] - Object: 'Object Repository/cart flyout_OR/Page_Ontario Cannabis Store  Ontari/button_Verify' is clicked on

2019-05-09 13:42:44 - [TEST_STEP][PASSED] - click(findTestObject("Object Repository/cart flyout_OR/Page_Ontario Cannabis Store  Ontari/span_CONFIRM AND ACKNOWLEDGE_c")): Object: 'Object Repository/cart flyout_OR/Page_Ontario Cannabis Store  Ontari/span_CONFIRM AND ACKNOWLEDGE_c' is clicked on

2019-05-09 13:42:45 - [MESSAGE][PASSED] - Object: 'Object Repository/cart flyout_OR/Page_Ontario Cannabis Store  Ontari/span_CONFIRM AND ACKNOWLEDGE_c' is clicked on

2019-05-09 13:42:45 - [TEST_STEP][PASSED] - click(findTestObject("Object Repository/cart flyout_OR/Page_Ontario Cannabis Store  Ontari/button_CONFIRM")): Object: 'Object Repository/cart flyout_OR/Page_Ontario Cannabis Store  Ontari/button_CONFIRM' is clicked on

2019-05-09 13:42:45 - [MESSAGE][PASSED] - Object: 'Object Repository/cart flyout_OR/Page_Ontario Cannabis Store  Ontari/button_CONFIRM' is clicked on

2019-05-09 13:42:45 - [TEST_STEP][PASSED] - click(findTestObject("Object Repository/cart flyout_OR/Page_Ontario Cannabis Store  Ontari/button_Start Browsing")): Object: 'Object Repository/cart flyout_OR/Page_Ontario Cannabis Store  Ontari/button_Start Browsing' is clicked on

2019-05-09 13:42:45 - [MESSAGE][PASSED] - Object: 'Object Repository/cart flyout_OR/Page_Ontario Cannabis Store  Ontari/button_Start Browsing' is clicked on

2019-05-09 13:42:45 - [TEST_STEP][PASSED] - delay(3): Delayed 3 second(s)

2019-05-09 13:42:48 - [MESSAGE][PASSED] - Delayed 3 second(s)

2019-05-09 13:42:48 - [TEST_STEP][NOT_RUN] - click(findTestObject("cart flyout_OR/Page_Ontario Cannabis Store  Ontari/div_00.00")): NOT_RUN: click(findTestObject("cart flyout_OR/Page_Ontario Cannabis Store  Ontari/div_00.00"))

2019-05-09 13:42:48 - [MESSAGE][NOT_RUN] - NOT_RUN: click(findTestObject("cart flyout_OR/Page_Ontario Cannabis Store  Ontari/div_00.00"))

2019-05-09 13:42:48 - [TEST_STEP][PASSED] - click(findTestObject("cart flyout_OR/Page_Ontario Cannabis Store  Ontari/div_00.00")): Object: 'Object Repository/cart flyout_OR/Page_Ontario Cannabis Store  Ontari/div_00.00' is clicked on

2019-05-09 13:42:49 - [MESSAGE][PASSED] - Object: 'Object Repository/cart flyout_OR/Page_Ontario Cannabis Store  Ontari/div_00.00' is clicked on

2019-05-09 13:42:49 - [TEST_STEP][PASSED] - delay(3): Delayed 3 second(s)

2019-05-09 13:42:52 - [MESSAGE][PASSED] - Delayed 3 second(s)

2019-05-09 13:42:52 - [TEST_STEP][PASSED] - verifyTextPresent("Bag", false): Text 'Bag' is present on page 

2019-05-09 13:42:53 - [MESSAGE][PASSED] - Text 'Bag' is present on page 

2019-05-09 13:42:53 - [TEST_STEP][PASSED] - if (true):  cart flyout opened 

2019-05-09 13:42:53 - [TEST_STEP][PASSED] - comment(" cart flyout opened "):  cart flyout opened 

2019-05-09 13:42:53 - [MESSAGE][INFO] -  cart flyout opened 

2019-05-09 13:42:53 - [TEST_STEP][PASSED] - delay(5): Delayed 5 second(s)

2019-05-09 13:42:58 - [MESSAGE][PASSED] - Delayed 5 second(s)

2019-05-09 13:42:58 - [TEST_STEP][PASSED] - click(findTestObject("cart flyout_OR/Page_Ontario Cannabis Store  Ontari/i_0.00_icon icon--back js-clos")): Object: 'Object Repository/cart flyout_OR/Page_Ontario Cannabis Store  Ontari/i_0.00_icon icon--back js-clos' is clicked on

2019-05-09 13:42:58 - [MESSAGE][PASSED] - Object: 'Object Repository/cart flyout_OR/Page_Ontario Cannabis Store  Ontari/i_0.00_icon icon--back js-clos' is clicked on

2019-05-09 13:42:58 - [TEST_STEP][PASSED] - verifyTextNotPresent("Bag", false): Text 'Bag' is not present on page

2019-05-09 13:42:59 - [MESSAGE][PASSED] - Text 'Bag' is not present on page

2019-05-09 13:42:59 - [TEST_STEP][PASSED] - if (true):  cart flyout closed 

2019-05-09 13:42:59 - [TEST_STEP][PASSED] - comment(" cart flyout closed "):  cart flyout closed 

2019-05-09 13:42:59 - [MESSAGE][INFO] -  cart flyout closed 

2019-05-09 13:42:59 - [TEST_STEP][PASSED] - closeBrowser(): Browser is closed

2019-05-09 13:43:02 - [MESSAGE][PASSED] - Browser is closed]]></system-out>
         <system-err><![CDATA[]]></system-err>
      </testcase>
      <testcase name="Test Cases/OCS- HOME PAGE/footer" classname="Test Cases/OCS- HOME PAGE/footer" status="FAILED">
         <failure type="FAILED" message="Test Cases/OCS- HOME PAGE/footer FAILED.
Reason:
com.kms.katalon.core.exception.StepFailedException: Unable to click on object 'Object Repository/Footer_OR/Page_News  Ontario Cannabis Store/a_Help us improve OCS.ca' (Root cause: com.kms.katalon.core.webui.exception.WebElementNotFoundException: Web element with id: 'Object Repository/Footer_OR/Page_News  Ontario Cannabis Store/a_Help us improve OCS.ca' located by 'By.xpath: //div[@id='shopify-section-en-footer']/footer/div/div/section[2]/nav/ul/li[5]/a' not found)
	at com.kms.katalon.core.keyword.internal.KeywordMain.stepFailed(KeywordMain.groovy:32)
	at com.kms.katalon.core.webui.keyword.internal.WebUIKeywordMain.stepFailed(WebUIKeywordMain.groovy:65)
	at com.kms.katalon.core.webui.keyword.internal.WebUIKeywordMain.runKeyword(WebUIKeywordMain.groovy:27)
	at com.kms.katalon.core.webui.keyword.builtin.ClickKeyword.click(ClickKeyword.groovy:86)
	at com.kms.katalon.core.webui.keyword.builtin.ClickKeyword.execute(ClickKeyword.groovy:67)
	at com.kms.katalon.core.keyword.internal.KeywordExecutor.executeKeywordForPlatform(KeywordExecutor.groovy:53)
	at com.kms.katalon.core.webui.keyword.WebUiBuiltInKeywords.click(WebUiBuiltInKeywords.groovy:604)
	at com.kms.katalon.core.webui.keyword.WebUiBuiltInKeywords$click$7.call(Unknown Source)
	at footer.run(footer:63)
	at com.kms.katalon.core.main.ScriptEngine.run(ScriptEngine.java:194)
	at com.kms.katalon.core.main.ScriptEngine.runScriptAsRawText(ScriptEngine.java:119)
	at com.kms.katalon.core.main.TestCaseExecutor.runScript(TestCaseExecutor.java:328)
	at com.kms.katalon.core.main.TestCaseExecutor.doExecute(TestCaseExecutor.java:319)
	at com.kms.katalon.core.main.TestCaseExecutor.processExecutionPhase(TestCaseExecutor.java:298)
	at com.kms.katalon.core.main.TestCaseExecutor.accessMainPhase(TestCaseExecutor.java:290)
	at com.kms.katalon.core.main.TestCaseExecutor.execute(TestCaseExecutor.java:224)
	at com.kms.katalon.core.main.TestSuiteExecutor.accessTestCaseMainPhase(TestSuiteExecutor.java:129)
	at com.kms.katalon.core.main.TestSuiteExecutor.accessTestSuiteMainPhase(TestSuiteExecutor.java:112)
	at com.kms.katalon.core.main.TestSuiteExecutor.execute(TestSuiteExecutor.java:81)
	at com.kms.katalon.core.main.TestCaseMain.startTestSuite(TestCaseMain.java:149)
	at com.kms.katalon.core.main.TestCaseMain$startTestSuite$0.call(Unknown Source)
	at TempTestSuite1557423670624.run(TempTestSuite1557423670624.groovy:36)
"/>
         <system-out><![CDATA[2019-05-09 13:43:02 - [TEST_CASE][FAILED] - Test Cases/OCS- HOME PAGE/footer: Test Cases/OCS- HOME PAGE/footer FAILED.
Reason:
com.kms.katalon.core.exception.StepFailedException: Unable to click on object 'Object Repository/Footer_OR/Page_News  Ontario Cannabis Store/a_Help us improve OCS.ca' (Root cause: com.kms.katalon.core.webui.exception.WebElementNotFoundException: Web element with id: 'Object Repository/Footer_OR/Page_News  Ontario Cannabis Store/a_Help us improve OCS.ca' located by 'By.xpath: //div[@id='shopify-section-en-footer']/footer/div/div/section[2]/nav/ul/li[5]/a' not found)
	at com.kms.katalon.core.keyword.internal.KeywordMain.stepFailed(KeywordMain.groovy:32)
	at com.kms.katalon.core.webui.keyword.internal.WebUIKeywordMain.stepFailed(WebUIKeywordMain.groovy:65)
	at com.kms.katalon.core.webui.keyword.internal.WebUIKeywordMain.runKeyword(WebUIKeywordMain.groovy:27)
	at com.kms.katalon.core.webui.keyword.builtin.ClickKeyword.click(ClickKeyword.groovy:86)
	at com.kms.katalon.core.webui.keyword.builtin.ClickKeyword.execute(ClickKeyword.groovy:67)
	at com.kms.katalon.core.keyword.internal.KeywordExecutor.executeKeywordForPlatform(KeywordExecutor.groovy:53)
	at com.kms.katalon.core.webui.keyword.WebUiBuiltInKeywords.click(WebUiBuiltInKeywords.groovy:604)
	at com.kms.katalon.core.webui.keyword.WebUiBuiltInKeywords$click$7.call(Unknown Source)
	at footer.run(footer:63)
	at com.kms.katalon.core.main.ScriptEngine.run(ScriptEngine.java:194)
	at com.kms.katalon.core.main.ScriptEngine.runScriptAsRawText(ScriptEngine.java:119)
	at com.kms.katalon.core.main.TestCaseExecutor.runScript(TestCaseExecutor.java:328)
	at com.kms.katalon.core.main.TestCaseExecutor.doExecute(TestCaseExecutor.java:319)
	at com.kms.katalon.core.main.TestCaseExecutor.processExecutionPhase(TestCaseExecutor.java:298)
	at com.kms.katalon.core.main.TestCaseExecutor.accessMainPhase(TestCaseExecutor.java:290)
	at com.kms.katalon.core.main.TestCaseExecutor.execute(TestCaseExecutor.java:224)
	at com.kms.katalon.core.main.TestSuiteExecutor.accessTestCaseMainPhase(TestSuiteExecutor.java:129)
	at com.kms.katalon.core.main.TestSuiteExecutor.accessTestSuiteMainPhase(TestSuiteExecutor.java:112)
	at com.kms.katalon.core.main.TestSuiteExecutor.execute(TestSuiteExecutor.java:81)
	at com.kms.katalon.core.main.TestCaseMain.startTestSuite(TestCaseMain.java:149)
	at com.kms.katalon.core.main.TestCaseMain$startTestSuite$0.call(Unknown Source)
	at TempTestSuite1557423670624.run(TempTestSuite1557423670624.groovy:36)


2019-05-09 13:43:02 - [TEST_STEP][PASSED] - openBrowser(""): Browser is opened with url: ''

2019-05-09 13:43:02 - [MESSAGE][INFO] - Starting 'Remote' driver

2019-05-09 13:43:02 - [MESSAGE][INFO] - User set preference: ['os', 'windows']

2019-05-09 13:43:02 - [MESSAGE][INFO] - User set preference: ['os_version', '10']

2019-05-09 13:43:02 - [MESSAGE][INFO] - User set preference: ['browser', 'Chrome']

2019-05-09 13:43:02 - [MESSAGE][INFO] - User set preference: ['browser_version', '74']

2019-05-09 13:43:02 - [MESSAGE][INFO] - User set preference: ['resolution', '1280x800']

2019-05-09 13:43:02 - [MESSAGE][INFO] - Connecting to remote web server 'https://dianatest3:Z3oqw9ysqTeRQJq5wFCp@hub-cloud.browserstack.com/wd/hub' with type 'Selenium'

2019-05-09 13:43:08 - [MESSAGE][PASSED] - Browser is opened with url: ''

2019-05-09 13:43:08 - [TEST_STEP][PASSED] - navigateToUrl("https://ocs.ca/?fts=0&preview_theme_id=53373863756"): Navigate to 'https://ocs.ca/?fts=0&preview_theme_id=53373863756' successfully

2019-05-09 13:43:14 - [MESSAGE][PASSED] - Navigate to 'https://ocs.ca/?fts=0&preview_theme_id=53373863756' successfully

2019-05-09 13:43:14 - [TEST_STEP][PASSED] - click(findTestObject("Object Repository/Theme_oR/Page_Ontario Cannabis Store  Ontari/button_Close preview")): Object: 'Object Repository/Theme_oR/Page_Ontario Cannabis Store  Ontari/button_Close preview' is clicked on

2019-05-09 13:43:19 - [MESSAGE][PASSED] - Object: 'Object Repository/Theme_oR/Page_Ontario Cannabis Store  Ontari/button_Close preview' is clicked on

2019-05-09 13:43:19 - [TEST_STEP][PASSED] - maximizeWindow(): Current window maximized

2019-05-09 13:43:20 - [MESSAGE][PASSED] - Current window maximized

2019-05-09 13:43:20 - [TEST_STEP][PASSED] - selectOptionByValue(findTestObject("Object Repository/Footer_OR/Page_Ontario Cannabis Store  Ontari/select_Select01020304050607080"), "1", true): All options with value '1' are selected in object 'Object Repository/Footer_OR/Page_Ontario Cannabis Store  Ontari/select_Select01020304050607080'  using regular expression

2019-05-09 13:43:24 - [MESSAGE][PASSED] - All options with value '1' are selected in object 'Object Repository/Footer_OR/Page_Ontario Cannabis Store  Ontari/select_Select01020304050607080'  using regular expression

2019-05-09 13:43:24 - [TEST_STEP][PASSED] - selectOptionByValue(findTestObject("Object Repository/Footer_OR/Page_Ontario Cannabis Store  Ontari/select_SelectJanuary - 01Febru"), "0", true): All options with value '0' are selected in object 'Object Repository/Footer_OR/Page_Ontario Cannabis Store  Ontari/select_SelectJanuary - 01Febru'  using regular expression

2019-05-09 13:43:26 - [MESSAGE][PASSED] - All options with value '0' are selected in object 'Object Repository/Footer_OR/Page_Ontario Cannabis Store  Ontari/select_SelectJanuary - 01Febru'  using regular expression

2019-05-09 13:43:26 - [TEST_STEP][PASSED] - selectOptionByValue(findTestObject("Object Repository/Footer_OR/Page_Ontario Cannabis Store  Ontari/select_Select20182017201620152"), "1968", true): All options with value '1968' are selected in object 'Object Repository/Footer_OR/Page_Ontario Cannabis Store  Ontari/select_Select20182017201620152'  using regular expression

2019-05-09 13:43:46 - [MESSAGE][PASSED] - All options with value '1968' are selected in object 'Object Repository/Footer_OR/Page_Ontario Cannabis Store  Ontari/select_Select20182017201620152'  using regular expression

2019-05-09 13:43:46 - [TEST_STEP][PASSED] - click(findTestObject("Object Repository/Footer_OR/Page_Ontario Cannabis Store  Ontari/button_Verify")): Object: 'Object Repository/Footer_OR/Page_Ontario Cannabis Store  Ontari/button_Verify' is clicked on

2019-05-09 13:43:47 - [MESSAGE][PASSED] - Object: 'Object Repository/Footer_OR/Page_Ontario Cannabis Store  Ontari/button_Verify' is clicked on

2019-05-09 13:43:47 - [TEST_STEP][PASSED] - click(findTestObject("Object Repository/Footer_OR/Page_Ontario Cannabis Store  Ontari/span_CONFIRM AND ACKNOWLEDGE_c")): Object: 'Object Repository/Footer_OR/Page_Ontario Cannabis Store  Ontari/span_CONFIRM AND ACKNOWLEDGE_c' is clicked on

2019-05-09 13:43:47 - [MESSAGE][PASSED] - Object: 'Object Repository/Footer_OR/Page_Ontario Cannabis Store  Ontari/span_CONFIRM AND ACKNOWLEDGE_c' is clicked on

2019-05-09 13:43:47 - [TEST_STEP][PASSED] - click(findTestObject("Object Repository/Footer_OR/Page_Ontario Cannabis Store  Ontari/button_CONFIRM")): Object: 'Object Repository/Footer_OR/Page_Ontario Cannabis Store  Ontari/button_CONFIRM' is clicked on

2019-05-09 13:43:48 - [MESSAGE][PASSED] - Object: 'Object Repository/Footer_OR/Page_Ontario Cannabis Store  Ontari/button_CONFIRM' is clicked on

2019-05-09 13:43:48 - [TEST_STEP][PASSED] - click(findTestObject("Object Repository/Footer_OR/Page_Ontario Cannabis Store  Ontari/button_Start Browsing")): Object: 'Object Repository/Footer_OR/Page_Ontario Cannabis Store  Ontari/button_Start Browsing' is clicked on

2019-05-09 13:43:48 - [MESSAGE][PASSED] - Object: 'Object Repository/Footer_OR/Page_Ontario Cannabis Store  Ontari/button_Start Browsing' is clicked on

2019-05-09 13:43:48 - [TEST_STEP][PASSED] - click(findTestObject("Object Repository/Footer_OR/Page_Ontario Cannabis Store  Ontari/a_Return Policy")): Object: 'Object Repository/Footer_OR/Page_Ontario Cannabis Store  Ontari/a_Return Policy' is clicked on

2019-05-09 13:43:53 - [MESSAGE][PASSED] - Object: 'Object Repository/Footer_OR/Page_Ontario Cannabis Store  Ontari/a_Return Policy' is clicked on

2019-05-09 13:43:53 - [TEST_STEP][PASSED] - click(findTestObject("Object Repository/Footer_OR/Page_Return Policy  Ontario Cannabi/a_Glossary of Terms")): Object: 'Object Repository/Footer_OR/Page_Return Policy  Ontario Cannabi/a_Glossary of Terms' is clicked on

2019-05-09 13:43:56 - [MESSAGE][PASSED] - Object: 'Object Repository/Footer_OR/Page_Return Policy  Ontario Cannabi/a_Glossary of Terms' is clicked on

2019-05-09 13:43:56 - [TEST_STEP][PASSED] - click(findTestObject("Object Repository/Footer_OR/Page_Glossary of Terms  Ontario Can/a_Product Recall")): Object: 'Object Repository/Footer_OR/Page_Glossary of Terms  Ontario Can/a_Product Recall' is clicked on

2019-05-09 13:44:00 - [MESSAGE][PASSED] - Object: 'Object Repository/Footer_OR/Page_Glossary of Terms  Ontario Can/a_Product Recall' is clicked on

2019-05-09 13:44:00 - [TEST_STEP][PASSED] - click(findTestObject("Object Repository/Footer_OR/Page_Product Recall  Ontario Cannab/a_Government of Canada - Canna")): Object: 'Object Repository/Footer_OR/Page_Product Recall  Ontario Cannab/a_Government of Canada - Canna' is clicked on

2019-05-09 13:44:01 - [MESSAGE][PASSED] - Object: 'Object Repository/Footer_OR/Page_Product Recall  Ontario Cannab/a_Government of Canada - Canna' is clicked on

2019-05-09 13:44:01 - [TEST_STEP][PASSED] - click(findTestObject("Object Repository/Footer_OR/Page_Product Recall  Ontario Cannab/a_Government of Ontario - Cann")): Object: 'Object Repository/Footer_OR/Page_Product Recall  Ontario Cannab/a_Government of Ontario - Cann' is clicked on

2019-05-09 13:44:04 - [MESSAGE][PASSED] - Object: 'Object Repository/Footer_OR/Page_Product Recall  Ontario Cannab/a_Government of Ontario - Cann' is clicked on

2019-05-09 13:44:04 - [TEST_STEP][PASSED] - click(findTestObject("Object Repository/Footer_OR/Page_Product Recall  Ontario Cannab/a_About the OCS")): Object: 'Object Repository/Footer_OR/Page_Product Recall  Ontario Cannab/a_About the OCS' is clicked on

2019-05-09 13:44:07 - [MESSAGE][PASSED] - Object: 'Object Repository/Footer_OR/Page_Product Recall  Ontario Cannab/a_About the OCS' is clicked on

2019-05-09 13:44:07 - [TEST_STEP][PASSED] - click(findTestObject("Object Repository/Footer_OR/Page_About Us  Ontario Cannabis Sto/a_Careers")): Object: 'Object Repository/Footer_OR/Page_About Us  Ontario Cannabis Sto/a_Careers' is clicked on

2019-05-09 13:44:09 - [MESSAGE][PASSED] - Object: 'Object Repository/Footer_OR/Page_About Us  Ontario Cannabis Sto/a_Careers' is clicked on

2019-05-09 13:44:09 - [TEST_STEP][PASSED] - click(findTestObject("Object Repository/Footer_OR/Page_CAREERS  Ontario Cannabis Stor/a_News")): Object: 'Object Repository/Footer_OR/Page_CAREERS  Ontario Cannabis Stor/a_News' is clicked on

2019-05-09 13:44:10 - [MESSAGE][PASSED] - Object: 'Object Repository/Footer_OR/Page_CAREERS  Ontario Cannabis Stor/a_News' is clicked on

2019-05-09 13:44:10 - [TEST_STEP][PASSED] - click(findTestObject("Object Repository/Footer_OR/Page_News  Ontario Cannabis Store/a_Doing Business With OCS")): Object: 'Object Repository/Footer_OR/Page_News  Ontario Cannabis Store/a_Doing Business With OCS' is clicked on

2019-05-09 13:44:13 - [MESSAGE][PASSED] - Object: 'Object Repository/Footer_OR/Page_News  Ontario Cannabis Store/a_Doing Business With OCS' is clicked on

2019-05-09 13:44:13 - [TEST_STEP][PASSED] - delay(2): Delayed 2 second(s)

2019-05-09 13:44:15 - [MESSAGE][PASSED] - Delayed 2 second(s)

2019-05-09 13:44:15 - [TEST_STEP][NOT_RUN] - switchToWindowUrl("https://ocs.ca/blogs/news"): NOT_RUN: switchToWindowUrl("https://ocs.ca/blogs/news")

2019-05-09 13:44:15 - [MESSAGE][NOT_RUN] - NOT_RUN: switchToWindowUrl("https://ocs.ca/blogs/news")

2019-05-09 13:44:15 - [TEST_STEP][FAILED] - click(findTestObject("Footer_OR/Page_News  Ontario Cannabis Store/a_Help us improve OCS.ca"), CONTINUE_ON_FAILURE): Unable to click on object 'Object Repository/Footer_OR/Page_News  Ontario Cannabis Store/a_Help us improve OCS.ca' (Root cause: com.kms.katalon.core.webui.exception.WebElementNotFoundException: Web element with id: 'Object Repository/Footer_OR/Page_News  Ontario Cannabis Store/a_Help us improve OCS.ca' located by 'By.xpath: //div[@id='shopify-section-en-footer']/footer/div/div/section[2]/nav/ul/li[5]/a' not found)

2019-05-09 13:44:53 - [MESSAGE][INFO] - Unable to find the element located by 'By.xpath: //div[@id='shopify-section-en-footer']/footer/div/div/section[2]/nav/ul/li[5]/a'. Please recheck the objects properties to make sure the desired element is located. 

2019-05-09 13:44:56 - [MESSAGE][FAILED] - Unable to click on object 'Object Repository/Footer_OR/Page_News  Ontario Cannabis Store/a_Help us improve OCS.ca' (Root cause: com.kms.katalon.core.webui.exception.WebElementNotFoundException: Web element with id: 'Object Repository/Footer_OR/Page_News  Ontario Cannabis Store/a_Help us improve OCS.ca' located by 'By.xpath: //div[@id='shopify-section-en-footer']/footer/div/div/section[2]/nav/ul/li[5]/a' not found)
[[ATTACHMENT|/Users/sumankompelly/git/Sample-OCS/Reports/OCS-09-05-2019 - Theme2/HOME PAGE - 09-05-2019/20190509_134110/1557423893584.png]]

2019-05-09 13:44:56 - [TEST_STEP][PASSED] - delay(2): Delayed 2 second(s)

2019-05-09 13:44:58 - [MESSAGE][PASSED] - Delayed 2 second(s)

2019-05-09 13:44:58 - [TEST_STEP][FAILED] - click(findTestObject("Object Repository/Footer_OR/Page_News  Ontario Cannabis Store/a_Terms and Conditions")): click(findTestObject("Object Repository/Footer_OR/Page_News  Ontario Cannabis Store/a_Terms and Conditions")) FAILED.
Reason:
com.kms.katalon.core.exception.StepFailedException: Unable to click on object 'Object Repository/Footer_OR/Page_News  Ontario Cannabis Store/a_Help us improve OCS.ca' (Root cause: com.kms.katalon.core.webui.exception.WebElementNotFoundException: Web element with id: 'Object Repository/Footer_OR/Page_News  Ontario Cannabis Store/a_Help us improve OCS.ca' located by 'By.xpath: //div[@id='shopify-section-en-footer']/footer/div/div/section[2]/nav/ul/li[5]/a' not found)
	at com.kms.katalon.core.keyword.internal.KeywordMain.stepFailed(KeywordMain.groovy:32)
	at com.kms.katalon.core.webui.keyword.internal.WebUIKeywordMain.stepFailed(WebUIKeywordMain.groovy:65)
	at com.kms.katalon.core.webui.keyword.internal.WebUIKeywordMain.runKeyword(WebUIKeywordMain.groovy:27)
	at com.kms.katalon.core.webui.keyword.builtin.ClickKeyword.click(ClickKeyword.groovy:86)
	at com.kms.katalon.core.webui.keyword.builtin.ClickKeyword.execute(ClickKeyword.groovy:67)
	at com.kms.katalon.core.keyword.internal.KeywordExecutor.executeKeywordForPlatform(KeywordExecutor.groovy:53)
	at com.kms.katalon.core.webui.keyword.WebUiBuiltInKeywords.click(WebUiBuiltInKeywords.groovy:604)
	at com.kms.katalon.core.webui.keyword.WebUiBuiltInKeywords$click$7.call(Unknown Source)
	at footer.run(footer:63)
	at com.kms.katalon.core.main.ScriptEngine.run(ScriptEngine.java:194)
	at com.kms.katalon.core.main.ScriptEngine.runScriptAsRawText(ScriptEngine.java:119)
	at com.kms.katalon.core.main.TestCaseExecutor.runScript(TestCaseExecutor.java:328)
	at com.kms.katalon.core.main.TestCaseExecutor.doExecute(TestCaseExecutor.java:319)
	at com.kms.katalon.core.main.TestCaseExecutor.processExecutionPhase(TestCaseExecutor.java:298)
	at com.kms.katalon.core.main.TestCaseExecutor.accessMainPhase(TestCaseExecutor.java:290)
	at com.kms.katalon.core.main.TestCaseExecutor.execute(TestCaseExecutor.java:224)
	at com.kms.katalon.core.main.TestSuiteExecutor.accessTestCaseMainPhase(TestSuiteExecutor.java:129)
	at com.kms.katalon.core.main.TestSuiteExecutor.accessTestSuiteMainPhase(TestSuiteExecutor.java:112)
	at com.kms.katalon.core.main.TestSuiteExecutor.execute(TestSuiteExecutor.java:81)
	at com.kms.katalon.core.main.TestCaseMain.startTestSuite(TestCaseMain.java:149)
	at com.kms.katalon.core.main.TestCaseMain$startTestSuite$0.call(Unknown Source)
	at TempTestSuite1557423670624.run(TempTestSuite1557423670624.groovy:36)


2019-05-09 13:45:36 - [MESSAGE][INFO] - Unable to find the element located by 'By.xpath: //div[@id='shopify-section-en-footer']/footer/div/div/section[3]/nav/ul/li/a'. Please recheck the objects properties to make sure the desired element is located. 

2019-05-09 13:45:39 - [MESSAGE][FAILED] - Unable to click on object 'Object Repository/Footer_OR/Page_News  Ontario Cannabis Store/a_Terms and Conditions' (Root cause: com.kms.katalon.core.webui.exception.WebElementNotFoundException: Web element with id: 'Object Repository/Footer_OR/Page_News  Ontario Cannabis Store/a_Terms and Conditions' located by 'By.xpath: //div[@id='shopify-section-en-footer']/footer/div/div/section[3]/nav/ul/li/a' not found)
[[ATTACHMENT|/Users/sumankompelly/git/Sample-OCS/Reports/OCS-09-05-2019 - Theme2/HOME PAGE - 09-05-2019/20190509_134110/1557423936945.png]]

2019-05-09 13:45:39 - [MESSAGE][FAILED] - click(findTestObject("Object Repository/Footer_OR/Page_News  Ontario Cannabis Store/a_Terms and Conditions")) FAILED.
Reason:
com.kms.katalon.core.exception.StepFailedException: Unable to click on object 'Object Repository/Footer_OR/Page_News  Ontario Cannabis Store/a_Help us improve OCS.ca' (Root cause: com.kms.katalon.core.webui.exception.WebElementNotFoundException: Web element with id: 'Object Repository/Footer_OR/Page_News  Ontario Cannabis Store/a_Help us improve OCS.ca' located by 'By.xpath: //div[@id='shopify-section-en-footer']/footer/div/div/section[2]/nav/ul/li[5]/a' not found)
	at com.kms.katalon.core.keyword.internal.KeywordMain.stepFailed(KeywordMain.groovy:32)
	at com.kms.katalon.core.webui.keyword.internal.WebUIKeywordMain.stepFailed(WebUIKeywordMain.groovy:65)
	at com.kms.katalon.core.webui.keyword.internal.WebUIKeywordMain.runKeyword(WebUIKeywordMain.groovy:27)
	at com.kms.katalon.core.webui.keyword.builtin.ClickKeyword.click(ClickKeyword.groovy:86)
	at com.kms.katalon.core.webui.keyword.builtin.ClickKeyword.execute(ClickKeyword.groovy:67)
	at com.kms.katalon.core.keyword.internal.KeywordExecutor.executeKeywordForPlatform(KeywordExecutor.groovy:53)
	at com.kms.katalon.core.webui.keyword.WebUiBuiltInKeywords.click(WebUiBuiltInKeywords.groovy:604)
	at com.kms.katalon.core.webui.keyword.WebUiBuiltInKeywords$click$7.call(Unknown Source)
	at footer.run(footer:63)
	at com.kms.katalon.core.main.ScriptEngine.run(ScriptEngine.java:194)
	at com.kms.katalon.core.main.ScriptEngine.runScriptAsRawText(ScriptEngine.java:119)
	at com.kms.katalon.core.main.TestCaseExecutor.runScript(TestCaseExecutor.java:328)
	at com.kms.katalon.core.main.TestCaseExecutor.doExecute(TestCaseExecutor.java:319)
	at com.kms.katalon.core.main.TestCaseExecutor.processExecutionPhase(TestCaseExecutor.java:298)
	at com.kms.katalon.core.main.TestCaseExecutor.accessMainPhase(TestCaseExecutor.java:290)
	at com.kms.katalon.core.main.TestCaseExecutor.execute(TestCaseExecutor.java:224)
	at com.kms.katalon.core.main.TestSuiteExecutor.accessTestCaseMainPhase(TestSuiteExecutor.java:129)
	at com.kms.katalon.core.main.TestSuiteExecutor.accessTestSuiteMainPhase(TestSuiteExecutor.java:112)
	at com.kms.katalon.core.main.TestSuiteExecutor.execute(TestSuiteExecutor.java:81)
	at com.kms.katalon.core.main.TestCaseMain.startTestSuite(TestCaseMain.java:149)
	at com.kms.katalon.core.main.TestCaseMain$startTestSuite$0.call(Unknown Source)
	at TempTestSuite1557423670624.run(TempTestSuite1557423670624.groovy:36)]]></system-out>
         <system-err><![CDATA[2019-05-09 13:43:02 - [TEST_CASE][FAILED] - Test Cases/OCS- HOME PAGE/footer: Test Cases/OCS- HOME PAGE/footer FAILED.
Reason:
com.kms.katalon.core.exception.StepFailedException: Unable to click on object 'Object Repository/Footer_OR/Page_News  Ontario Cannabis Store/a_Help us improve OCS.ca' (Root cause: com.kms.katalon.core.webui.exception.WebElementNotFoundException: Web element with id: 'Object Repository/Footer_OR/Page_News  Ontario Cannabis Store/a_Help us improve OCS.ca' located by 'By.xpath: //div[@id='shopify-section-en-footer']/footer/div/div/section[2]/nav/ul/li[5]/a' not found)
	at com.kms.katalon.core.keyword.internal.KeywordMain.stepFailed(KeywordMain.groovy:32)
	at com.kms.katalon.core.webui.keyword.internal.WebUIKeywordMain.stepFailed(WebUIKeywordMain.groovy:65)
	at com.kms.katalon.core.webui.keyword.internal.WebUIKeywordMain.runKeyword(WebUIKeywordMain.groovy:27)
	at com.kms.katalon.core.webui.keyword.builtin.ClickKeyword.click(ClickKeyword.groovy:86)
	at com.kms.katalon.core.webui.keyword.builtin.ClickKeyword.execute(ClickKeyword.groovy:67)
	at com.kms.katalon.core.keyword.internal.KeywordExecutor.executeKeywordForPlatform(KeywordExecutor.groovy:53)
	at com.kms.katalon.core.webui.keyword.WebUiBuiltInKeywords.click(WebUiBuiltInKeywords.groovy:604)
	at com.kms.katalon.core.webui.keyword.WebUiBuiltInKeywords$click$7.call(Unknown Source)
	at footer.run(footer:63)
	at com.kms.katalon.core.main.ScriptEngine.run(ScriptEngine.java:194)
	at com.kms.katalon.core.main.ScriptEngine.runScriptAsRawText(ScriptEngine.java:119)
	at com.kms.katalon.core.main.TestCaseExecutor.runScript(TestCaseExecutor.java:328)
	at com.kms.katalon.core.main.TestCaseExecutor.doExecute(TestCaseExecutor.java:319)
	at com.kms.katalon.core.main.TestCaseExecutor.processExecutionPhase(TestCaseExecutor.java:298)
	at com.kms.katalon.core.main.TestCaseExecutor.accessMainPhase(TestCaseExecutor.java:290)
	at com.kms.katalon.core.main.TestCaseExecutor.execute(TestCaseExecutor.java:224)
	at com.kms.katalon.core.main.TestSuiteExecutor.accessTestCaseMainPhase(TestSuiteExecutor.java:129)
	at com.kms.katalon.core.main.TestSuiteExecutor.accessTestSuiteMainPhase(TestSuiteExecutor.java:112)
	at com.kms.katalon.core.main.TestSuiteExecutor.execute(TestSuiteExecutor.java:81)
	at com.kms.katalon.core.main.TestCaseMain.startTestSuite(TestCaseMain.java:149)
	at com.kms.katalon.core.main.TestCaseMain$startTestSuite$0.call(Unknown Source)
	at TempTestSuite1557423670624.run(TempTestSuite1557423670624.groovy:36)]]></system-err>
      </testcase>
      <testcase name="Test Cases/OCS- HOME PAGE/How to choose cannabis-learn more" classname="Test Cases/OCS- HOME PAGE/How to choose cannabis-learn more" status="PASSED">
         <system-out><![CDATA[2019-05-09 13:45:39 - [TEST_CASE][PASSED] - Test Cases/OCS- HOME PAGE/How to choose cannabis-learn more: Test Cases/OCS- HOME PAGE/How to choose cannabis-learn more

2019-05-09 13:45:39 - [TEST_STEP][PASSED] - openBrowser(""): Browser is opened with url: ''

2019-05-09 13:45:39 - [MESSAGE][WARNING] - A browser is already opened. Closing browser and opening a new one

2019-05-09 13:45:41 - [MESSAGE][INFO] - Starting 'Remote' driver

2019-05-09 13:45:41 - [MESSAGE][INFO] - User set preference: ['os', 'windows']

2019-05-09 13:45:41 - [MESSAGE][INFO] - User set preference: ['os_version', '10']

2019-05-09 13:45:41 - [MESSAGE][INFO] - User set preference: ['browser', 'Chrome']

2019-05-09 13:45:41 - [MESSAGE][INFO] - User set preference: ['browser_version', '74']

2019-05-09 13:45:41 - [MESSAGE][INFO] - User set preference: ['resolution', '1280x800']

2019-05-09 13:45:41 - [MESSAGE][INFO] - Connecting to remote web server 'https://dianatest3:Z3oqw9ysqTeRQJq5wFCp@hub-cloud.browserstack.com/wd/hub' with type 'Selenium'

2019-05-09 13:45:51 - [MESSAGE][PASSED] - Browser is opened with url: ''

2019-05-09 13:45:51 - [TEST_STEP][PASSED] - navigateToUrl("https://ocs.ca/?fts=0&preview_theme_id=53373863756"): Navigate to 'https://ocs.ca/?fts=0&preview_theme_id=53373863756' successfully

2019-05-09 13:45:57 - [MESSAGE][PASSED] - Navigate to 'https://ocs.ca/?fts=0&preview_theme_id=53373863756' successfully

2019-05-09 13:45:57 - [TEST_STEP][PASSED] - click(findTestObject("Object Repository/Theme_oR/Page_Ontario Cannabis Store  Ontari/button_Close preview")): Object: 'Object Repository/Theme_oR/Page_Ontario Cannabis Store  Ontari/button_Close preview' is clicked on

2019-05-09 13:45:59 - [MESSAGE][PASSED] - Object: 'Object Repository/Theme_oR/Page_Ontario Cannabis Store  Ontari/button_Close preview' is clicked on

2019-05-09 13:46:00 - [TEST_STEP][PASSED] - selectOptionByValue(findTestObject("Object Repository/Tips and how _OR/Page_Ontario Cannabis Store  Ontari/select_Select01020304050607080"), "16", true): All options with value '16' are selected in object 'Object Repository/Tips and how _OR/Page_Ontario Cannabis Store  Ontari/select_Select01020304050607080'  using regular expression

2019-05-09 13:46:04 - [MESSAGE][PASSED] - All options with value '16' are selected in object 'Object Repository/Tips and how _OR/Page_Ontario Cannabis Store  Ontari/select_Select01020304050607080'  using regular expression

2019-05-09 13:46:04 - [TEST_STEP][PASSED] - selectOptionByValue(findTestObject("Object Repository/Tips and how _OR/Page_Ontario Cannabis Store  Ontari/select_SelectJanuary - 01Febru"), "9", true): All options with value '9' are selected in object 'Object Repository/Tips and how _OR/Page_Ontario Cannabis Store  Ontari/select_SelectJanuary - 01Febru'  using regular expression

2019-05-09 13:46:07 - [MESSAGE][PASSED] - All options with value '9' are selected in object 'Object Repository/Tips and how _OR/Page_Ontario Cannabis Store  Ontari/select_SelectJanuary - 01Febru'  using regular expression

2019-05-09 13:46:07 - [TEST_STEP][PASSED] - selectOptionByValue(findTestObject("Object Repository/Tips and how _OR/Page_Ontario Cannabis Store  Ontari/select_Select20182017201620152"), "1948", true): All options with value '1948' are selected in object 'Object Repository/Tips and how _OR/Page_Ontario Cannabis Store  Ontari/select_Select20182017201620152'  using regular expression

2019-05-09 13:46:26 - [MESSAGE][PASSED] - All options with value '1948' are selected in object 'Object Repository/Tips and how _OR/Page_Ontario Cannabis Store  Ontari/select_Select20182017201620152'  using regular expression

2019-05-09 13:46:26 - [TEST_STEP][PASSED] - click(findTestObject("Object Repository/Tips and how _OR/Page_Ontario Cannabis Store  Ontari/button_Verify")): Object: 'Object Repository/Tips and how _OR/Page_Ontario Cannabis Store  Ontari/button_Verify' is clicked on

2019-05-09 13:46:26 - [MESSAGE][PASSED] - Object: 'Object Repository/Tips and how _OR/Page_Ontario Cannabis Store  Ontari/button_Verify' is clicked on

2019-05-09 13:46:26 - [TEST_STEP][PASSED] - click(findTestObject("Object Repository/Tips and how _OR/Page_Ontario Cannabis Store  Ontari/span_CONFIRM AND ACKNOWLEDGE_c")): Object: 'Object Repository/Tips and how _OR/Page_Ontario Cannabis Store  Ontari/span_CONFIRM AND ACKNOWLEDGE_c' is clicked on

2019-05-09 13:46:26 - [MESSAGE][PASSED] - Object: 'Object Repository/Tips and how _OR/Page_Ontario Cannabis Store  Ontari/span_CONFIRM AND ACKNOWLEDGE_c' is clicked on

2019-05-09 13:46:26 - [TEST_STEP][PASSED] - click(findTestObject("Object Repository/Tips and how _OR/Page_Ontario Cannabis Store  Ontari/button_CONFIRM")): Object: 'Object Repository/Tips and how _OR/Page_Ontario Cannabis Store  Ontari/button_CONFIRM' is clicked on

2019-05-09 13:46:26 - [MESSAGE][PASSED] - Object: 'Object Repository/Tips and how _OR/Page_Ontario Cannabis Store  Ontari/button_CONFIRM' is clicked on

2019-05-09 13:46:26 - [TEST_STEP][PASSED] - click(findTestObject("Object Repository/Tips and how _OR/Page_Ontario Cannabis Store  Ontari/button_Start Browsing")): Object: 'Object Repository/Tips and how _OR/Page_Ontario Cannabis Store  Ontari/button_Start Browsing' is clicked on

2019-05-09 13:46:27 - [MESSAGE][PASSED] - Object: 'Object Repository/Tips and how _OR/Page_Ontario Cannabis Store  Ontari/button_Start Browsing' is clicked on

2019-05-09 13:46:27 - [TEST_STEP][PASSED] - click(findTestObject("Object Repository/Tips and how _OR/Page_Ontario Cannabis Store  Ontari/a_Learn more")): Object: 'Object Repository/Tips and how _OR/Page_Ontario Cannabis Store  Ontari/a_Learn more' is clicked on

2019-05-09 13:46:31 - [MESSAGE][PASSED] - Object: 'Object Repository/Tips and how _OR/Page_Ontario Cannabis Store  Ontari/a_Learn more' is clicked on

2019-05-09 13:46:31 - [TEST_STEP][PASSED] - a = getWindowTitle(): Current window's title is: 'A Brief History of Cannabis - Part 1 | Ontario Cannabis Store'

2019-05-09 13:46:31 - [MESSAGE][PASSED] - Current window's title is: 'A Brief History of Cannabis - Part 1 | Ontario Cannabis Store'

2019-05-09 13:46:31 - [TEST_STEP][PASSED] - assert a == getWindowTitle(): Current window's title is: 'A Brief History of Cannabis - Part 1 | Ontario Cannabis Store'

2019-05-09 13:46:31 - [MESSAGE][PASSED] - Current window's title is: 'A Brief History of Cannabis - Part 1 | Ontario Cannabis Store'

2019-05-09 13:46:31 - [TEST_STEP][PASSED] - back(): Navigate back successfully

2019-05-09 13:46:32 - [MESSAGE][PASSED] - Navigate back successfully

2019-05-09 13:46:32 - [TEST_STEP][PASSED] - click(findTestObject("Object Repository/Tips and how _OR/Page_Ontario Cannabis Store  Ontari/a_Learn more_1")): Object: 'Object Repository/Tips and how _OR/Page_Ontario Cannabis Store  Ontari/a_Learn more_1' is clicked on

2019-05-09 13:46:35 - [MESSAGE][PASSED] - Object: 'Object Repository/Tips and how _OR/Page_Ontario Cannabis Store  Ontari/a_Learn more_1' is clicked on

2019-05-09 13:46:35 - [TEST_STEP][PASSED] - b = getWindowTitle(): Current window's title is: 'Storing Cannabis | Ontario Cannabis Store'

2019-05-09 13:46:35 - [MESSAGE][PASSED] - Current window's title is: 'Storing Cannabis | Ontario Cannabis Store'

2019-05-09 13:46:35 - [TEST_STEP][PASSED] - assert b == getWindowTitle(): Current window's title is: 'Storing Cannabis | Ontario Cannabis Store'

2019-05-09 13:46:35 - [MESSAGE][PASSED] - Current window's title is: 'Storing Cannabis | Ontario Cannabis Store'

2019-05-09 13:46:35 - [TEST_STEP][PASSED] - back(): Navigate back successfully

2019-05-09 13:46:36 - [MESSAGE][PASSED] - Navigate back successfully]]></system-out>
         <system-err><![CDATA[]]></system-err>
      </testcase>
      <testcase name="Test Cases/OCS- HOME PAGE/HP -Mega menu-Hover-FAQ" classname="Test Cases/OCS- HOME PAGE/HP -Mega menu-Hover-FAQ" status="FAILED">
         <failure type="FAILED" message="Test Cases/OCS- HOME PAGE/HP -Mega menu-Hover-FAQ FAILED.
Reason:
com.kms.katalon.core.exception.StepFailedException: Unable to click on object 'Object Repository/Accessories_OR/Page_Ontario Cannabis Store  Ontari/h3_FAQ (1)' (Root cause: com.kms.katalon.core.webui.exception.WebElementNotFoundException: Web element with id: 'Object Repository/Accessories_OR/Page_Ontario Cannabis Store  Ontari/h3_FAQ (1)' located by 'By.xpath: id(&quot;shopify-section-en-header&quot;)/div[@class=&quot;header&quot;]/div[@class=&quot;menu-bar&quot;]/div[@class=&quot;menu-bar__content&quot;]/div[@class=&quot;menu-bar__left-wrapper&quot;]/div[@class=&quot;mega-menu js-mega-menu&quot;]/nav[@class=&quot;menu js-menu&quot;]/ul[@class=&quot;menu__list unstyled&quot;]/li[@class=&quot;menu__tier-one js-menu__tier-one no-desktop-hover&quot;]/a[@class=&quot;menu__item--link only-desktop--block js-menu__faq-link&quot;]/h3[@class=&quot;menu__item--title&quot;][count(. | //h3[@class = 'menu__item--title' and (text() = 'FAQ' or . = 'FAQ')]) = count(//h3[@class = 'menu__item--title' and (text() = 'FAQ' or . = 'FAQ')])]' not found)
	at com.kms.katalon.core.keyword.internal.KeywordMain.stepFailed(KeywordMain.groovy:36)
	at com.kms.katalon.core.webui.keyword.internal.WebUIKeywordMain.stepFailed(WebUIKeywordMain.groovy:65)
	at com.kms.katalon.core.webui.keyword.internal.WebUIKeywordMain.runKeyword(WebUIKeywordMain.groovy:27)
	at com.kms.katalon.core.webui.keyword.builtin.ClickKeyword.click(ClickKeyword.groovy:86)
	at com.kms.katalon.core.webui.keyword.builtin.ClickKeyword.execute(ClickKeyword.groovy:67)
	at com.kms.katalon.core.keyword.internal.KeywordExecutor.executeKeywordForPlatform(KeywordExecutor.groovy:53)
	at com.kms.katalon.core.webui.keyword.WebUiBuiltInKeywords.click(WebUiBuiltInKeywords.groovy:616)
	at com.kms.katalon.core.webui.keyword.WebUiBuiltInKeywords$click$1.call(Unknown Source)
	at HP -Mega menu-Hover-FAQ.run(HP -Mega menu-Hover-FAQ:43)
	at com.kms.katalon.core.main.ScriptEngine.run(ScriptEngine.java:194)
	at com.kms.katalon.core.main.ScriptEngine.runScriptAsRawText(ScriptEngine.java:119)
	at com.kms.katalon.core.main.TestCaseExecutor.runScript(TestCaseExecutor.java:328)
	at com.kms.katalon.core.main.TestCaseExecutor.doExecute(TestCaseExecutor.java:319)
	at com.kms.katalon.core.main.TestCaseExecutor.processExecutionPhase(TestCaseExecutor.java:298)
	at com.kms.katalon.core.main.TestCaseExecutor.accessMainPhase(TestCaseExecutor.java:290)
	at com.kms.katalon.core.main.TestCaseExecutor.execute(TestCaseExecutor.java:224)
	at com.kms.katalon.core.main.TestSuiteExecutor.accessTestCaseMainPhase(TestSuiteExecutor.java:129)
	at com.kms.katalon.core.main.TestSuiteExecutor.accessTestSuiteMainPhase(TestSuiteExecutor.java:112)
	at com.kms.katalon.core.main.TestSuiteExecutor.execute(TestSuiteExecutor.java:81)
	at com.kms.katalon.core.main.TestCaseMain.startTestSuite(TestCaseMain.java:149)
	at com.kms.katalon.core.main.TestCaseMain$startTestSuite$0.call(Unknown Source)
	at TempTestSuite1557423670624.run(TempTestSuite1557423670624.groovy:36)
"/>
         <system-out><![CDATA[2019-05-09 13:46:36 - [TEST_CASE][FAILED] - Test Cases/OCS- HOME PAGE/HP -Mega menu-Hover-FAQ: Test Cases/OCS- HOME PAGE/HP -Mega menu-Hover-FAQ FAILED.
Reason:
com.kms.katalon.core.exception.StepFailedException: Unable to click on object 'Object Repository/Accessories_OR/Page_Ontario Cannabis Store  Ontari/h3_FAQ (1)' (Root cause: com.kms.katalon.core.webui.exception.WebElementNotFoundException: Web element with id: 'Object Repository/Accessories_OR/Page_Ontario Cannabis Store  Ontari/h3_FAQ (1)' located by 'By.xpath: id("shopify-section-en-header")/div[@class="header"]/div[@class="menu-bar"]/div[@class="menu-bar__content"]/div[@class="menu-bar__left-wrapper"]/div[@class="mega-menu js-mega-menu"]/nav[@class="menu js-menu"]/ul[@class="menu__list unstyled"]/li[@class="menu__tier-one js-menu__tier-one no-desktop-hover"]/a[@class="menu__item--link only-desktop--block js-menu__faq-link"]/h3[@class="menu__item--title"][count(. | //h3[@class = 'menu__item--title' and (text() = 'FAQ' or . = 'FAQ')]) = count(//h3[@class = 'menu__item--title' and (text() = 'FAQ' or . = 'FAQ')])]' not found)
	at com.kms.katalon.core.keyword.internal.KeywordMain.stepFailed(KeywordMain.groovy:36)
	at com.kms.katalon.core.webui.keyword.internal.WebUIKeywordMain.stepFailed(WebUIKeywordMain.groovy:65)
	at com.kms.katalon.core.webui.keyword.internal.WebUIKeywordMain.runKeyword(WebUIKeywordMain.groovy:27)
	at com.kms.katalon.core.webui.keyword.builtin.ClickKeyword.click(ClickKeyword.groovy:86)
	at com.kms.katalon.core.webui.keyword.builtin.ClickKeyword.execute(ClickKeyword.groovy:67)
	at com.kms.katalon.core.keyword.internal.KeywordExecutor.executeKeywordForPlatform(KeywordExecutor.groovy:53)
	at com.kms.katalon.core.webui.keyword.WebUiBuiltInKeywords.click(WebUiBuiltInKeywords.groovy:616)
	at com.kms.katalon.core.webui.keyword.WebUiBuiltInKeywords$click$1.call(Unknown Source)
	at HP -Mega menu-Hover-FAQ.run(HP -Mega menu-Hover-FAQ:43)
	at com.kms.katalon.core.main.ScriptEngine.run(ScriptEngine.java:194)
	at com.kms.katalon.core.main.ScriptEngine.runScriptAsRawText(ScriptEngine.java:119)
	at com.kms.katalon.core.main.TestCaseExecutor.runScript(TestCaseExecutor.java:328)
	at com.kms.katalon.core.main.TestCaseExecutor.doExecute(TestCaseExecutor.java:319)
	at com.kms.katalon.core.main.TestCaseExecutor.processExecutionPhase(TestCaseExecutor.java:298)
	at com.kms.katalon.core.main.TestCaseExecutor.accessMainPhase(TestCaseExecutor.java:290)
	at com.kms.katalon.core.main.TestCaseExecutor.execute(TestCaseExecutor.java:224)
	at com.kms.katalon.core.main.TestSuiteExecutor.accessTestCaseMainPhase(TestSuiteExecutor.java:129)
	at com.kms.katalon.core.main.TestSuiteExecutor.accessTestSuiteMainPhase(TestSuiteExecutor.java:112)
	at com.kms.katalon.core.main.TestSuiteExecutor.execute(TestSuiteExecutor.java:81)
	at com.kms.katalon.core.main.TestCaseMain.startTestSuite(TestCaseMain.java:149)
	at com.kms.katalon.core.main.TestCaseMain$startTestSuite$0.call(Unknown Source)
	at TempTestSuite1557423670624.run(TempTestSuite1557423670624.groovy:36)


2019-05-09 13:46:36 - [TEST_STEP][PASSED] - openBrowser(""): Browser is opened with url: ''

2019-05-09 13:46:36 - [MESSAGE][WARNING] - A browser is already opened. Closing browser and opening a new one

2019-05-09 13:46:38 - [MESSAGE][INFO] - Starting 'Remote' driver

2019-05-09 13:46:38 - [MESSAGE][INFO] - User set preference: ['os', 'windows']

2019-05-09 13:46:38 - [MESSAGE][INFO] - User set preference: ['os_version', '10']

2019-05-09 13:46:38 - [MESSAGE][INFO] - User set preference: ['browser', 'Chrome']

2019-05-09 13:46:38 - [MESSAGE][INFO] - User set preference: ['browser_version', '74']

2019-05-09 13:46:38 - [MESSAGE][INFO] - User set preference: ['resolution', '1280x800']

2019-05-09 13:46:38 - [MESSAGE][INFO] - Connecting to remote web server 'https://dianatest3:Z3oqw9ysqTeRQJq5wFCp@hub-cloud.browserstack.com/wd/hub' with type 'Selenium'

2019-05-09 13:46:44 - [MESSAGE][PASSED] - Browser is opened with url: ''

2019-05-09 13:46:44 - [TEST_STEP][PASSED] - navigateToUrl("https://ocs.ca/?fts=0&preview_theme_id=53373863756"): Navigate to 'https://ocs.ca/?fts=0&preview_theme_id=53373863756' successfully

2019-05-09 13:46:50 - [MESSAGE][PASSED] - Navigate to 'https://ocs.ca/?fts=0&preview_theme_id=53373863756' successfully

2019-05-09 13:46:50 - [TEST_STEP][PASSED] - click(findTestObject("Object Repository/Theme_oR/Page_Ontario Cannabis Store  Ontari/button_Close preview")): Object: 'Object Repository/Theme_oR/Page_Ontario Cannabis Store  Ontari/button_Close preview' is clicked on

2019-05-09 13:46:51 - [MESSAGE][PASSED] - Object: 'Object Repository/Theme_oR/Page_Ontario Cannabis Store  Ontari/button_Close preview' is clicked on

2019-05-09 13:46:52 - [TEST_STEP][PASSED] - maximizeWindow(): Current window maximized

2019-05-09 13:46:54 - [MESSAGE][PASSED] - Current window maximized

2019-05-09 13:46:54 - [TEST_STEP][PASSED] - selectOptionByValue(findTestObject("Object Repository/Accessories_OR/Page_Ontario Cannabis Store  Ontari/select_Select01020304050607080 (1)"), "1", true): All options with value '1' are selected in object 'Object Repository/Accessories_OR/Page_Ontario Cannabis Store  Ontari/select_Select01020304050607080 (1)'  using regular expression

2019-05-09 13:46:59 - [MESSAGE][PASSED] - All options with value '1' are selected in object 'Object Repository/Accessories_OR/Page_Ontario Cannabis Store  Ontari/select_Select01020304050607080 (1)'  using regular expression

2019-05-09 13:46:59 - [TEST_STEP][PASSED] - selectOptionByValue(findTestObject("Object Repository/Accessories_OR/Page_Ontario Cannabis Store  Ontari/select_SelectJanuary - 01Febru (1)"), "0", true): All options with value '0' are selected in object 'Object Repository/Accessories_OR/Page_Ontario Cannabis Store  Ontari/select_SelectJanuary - 01Febru (1)'  using regular expression

2019-05-09 13:47:02 - [MESSAGE][PASSED] - All options with value '0' are selected in object 'Object Repository/Accessories_OR/Page_Ontario Cannabis Store  Ontari/select_SelectJanuary - 01Febru (1)'  using regular expression

2019-05-09 13:47:02 - [TEST_STEP][PASSED] - selectOptionByValue(findTestObject("Object Repository/Accessories_OR/Page_Ontario Cannabis Store  Ontari/select_Select20182017201620152 (1)"), "1968", true): All options with value '1968' are selected in object 'Object Repository/Accessories_OR/Page_Ontario Cannabis Store  Ontari/select_Select20182017201620152 (1)'  using regular expression

2019-05-09 13:47:24 - [MESSAGE][PASSED] - All options with value '1968' are selected in object 'Object Repository/Accessories_OR/Page_Ontario Cannabis Store  Ontari/select_Select20182017201620152 (1)'  using regular expression

2019-05-09 13:47:24 - [TEST_STEP][PASSED] - click(findTestObject("Object Repository/Accessories_OR/Page_Ontario Cannabis Store  Ontari/button_Verify (1)")): Object: 'Object Repository/Accessories_OR/Page_Ontario Cannabis Store  Ontari/button_Verify (1)' is clicked on

2019-05-09 13:47:25 - [MESSAGE][PASSED] - Object: 'Object Repository/Accessories_OR/Page_Ontario Cannabis Store  Ontari/button_Verify (1)' is clicked on

2019-05-09 13:47:25 - [TEST_STEP][PASSED] - click(findTestObject("Object Repository/Accessories_OR/Page_Ontario Cannabis Store  Ontari/span_CONFIRM AND ACKNOWLEDGE_c (1)")): Object: 'Object Repository/Accessories_OR/Page_Ontario Cannabis Store  Ontari/span_CONFIRM AND ACKNOWLEDGE_c (1)' is clicked on

2019-05-09 13:47:25 - [MESSAGE][PASSED] - Object: 'Object Repository/Accessories_OR/Page_Ontario Cannabis Store  Ontari/span_CONFIRM AND ACKNOWLEDGE_c (1)' is clicked on

2019-05-09 13:47:25 - [TEST_STEP][PASSED] - click(findTestObject("Object Repository/Accessories_OR/Page_Ontario Cannabis Store  Ontari/button_CONFIRM (1)")): Object: 'Object Repository/Accessories_OR/Page_Ontario Cannabis Store  Ontari/button_CONFIRM (1)' is clicked on

2019-05-09 13:47:26 - [MESSAGE][PASSED] - Object: 'Object Repository/Accessories_OR/Page_Ontario Cannabis Store  Ontari/button_CONFIRM (1)' is clicked on

2019-05-09 13:47:26 - [TEST_STEP][PASSED] - click(findTestObject("Object Repository/Accessories_OR/Page_Ontario Cannabis Store  Ontari/button_Start Browsing (1)")): Object: 'Object Repository/Accessories_OR/Page_Ontario Cannabis Store  Ontari/button_Start Browsing (1)' is clicked on

2019-05-09 13:47:26 - [MESSAGE][PASSED] - Object: 'Object Repository/Accessories_OR/Page_Ontario Cannabis Store  Ontari/button_Start Browsing (1)' is clicked on

2019-05-09 13:47:26 - [TEST_STEP][PASSED] - delay(4): Delayed 4 second(s)

2019-05-09 13:47:30 - [MESSAGE][PASSED] - Delayed 4 second(s)

2019-05-09 13:47:30 - [TEST_STEP][FAILED] - click(findTestObject("Accessories_OR/Page_Ontario Cannabis Store  Ontari/h3_FAQ (1)")): click(findTestObject("Accessories_OR/Page_Ontario Cannabis Store  Ontari/h3_FAQ (1)")) FAILED.
Reason:
com.kms.katalon.core.exception.StepFailedException: Unable to click on object 'Object Repository/Accessories_OR/Page_Ontario Cannabis Store  Ontari/h3_FAQ (1)' (Root cause: com.kms.katalon.core.webui.exception.WebElementNotFoundException: Web element with id: 'Object Repository/Accessories_OR/Page_Ontario Cannabis Store  Ontari/h3_FAQ (1)' located by 'By.xpath: id("shopify-section-en-header")/div[@class="header"]/div[@class="menu-bar"]/div[@class="menu-bar__content"]/div[@class="menu-bar__left-wrapper"]/div[@class="mega-menu js-mega-menu"]/nav[@class="menu js-menu"]/ul[@class="menu__list unstyled"]/li[@class="menu__tier-one js-menu__tier-one no-desktop-hover"]/a[@class="menu__item--link only-desktop--block js-menu__faq-link"]/h3[@class="menu__item--title"][count(. | //h3[@class = 'menu__item--title' and (text() = 'FAQ' or . = 'FAQ')]) = count(//h3[@class = 'menu__item--title' and (text() = 'FAQ' or . = 'FAQ')])]' not found)
	at com.kms.katalon.core.keyword.internal.KeywordMain.stepFailed(KeywordMain.groovy:36)
	at com.kms.katalon.core.webui.keyword.internal.WebUIKeywordMain.stepFailed(WebUIKeywordMain.groovy:65)
	at com.kms.katalon.core.webui.keyword.internal.WebUIKeywordMain.runKeyword(WebUIKeywordMain.groovy:27)
	at com.kms.katalon.core.webui.keyword.builtin.ClickKeyword.click(ClickKeyword.groovy:86)
	at com.kms.katalon.core.webui.keyword.builtin.ClickKeyword.execute(ClickKeyword.groovy:67)
	at com.kms.katalon.core.keyword.internal.KeywordExecutor.executeKeywordForPlatform(KeywordExecutor.groovy:53)
	at com.kms.katalon.core.webui.keyword.WebUiBuiltInKeywords.click(WebUiBuiltInKeywords.groovy:616)
	at com.kms.katalon.core.webui.keyword.WebUiBuiltInKeywords$click$1.call(Unknown Source)
	at HP -Mega menu-Hover-FAQ.run(HP -Mega menu-Hover-FAQ:43)
	at com.kms.katalon.core.main.ScriptEngine.run(ScriptEngine.java:194)
	at com.kms.katalon.core.main.ScriptEngine.runScriptAsRawText(ScriptEngine.java:119)
	at com.kms.katalon.core.main.TestCaseExecutor.runScript(TestCaseExecutor.java:328)
	at com.kms.katalon.core.main.TestCaseExecutor.doExecute(TestCaseExecutor.java:319)
	at com.kms.katalon.core.main.TestCaseExecutor.processExecutionPhase(TestCaseExecutor.java:298)
	at com.kms.katalon.core.main.TestCaseExecutor.accessMainPhase(TestCaseExecutor.java:290)
	at com.kms.katalon.core.main.TestCaseExecutor.execute(TestCaseExecutor.java:224)
	at com.kms.katalon.core.main.TestSuiteExecutor.accessTestCaseMainPhase(TestSuiteExecutor.java:129)
	at com.kms.katalon.core.main.TestSuiteExecutor.accessTestSuiteMainPhase(TestSuiteExecutor.java:112)
	at com.kms.katalon.core.main.TestSuiteExecutor.execute(TestSuiteExecutor.java:81)
	at com.kms.katalon.core.main.TestCaseMain.startTestSuite(TestCaseMain.java:149)
	at com.kms.katalon.core.main.TestCaseMain$startTestSuite$0.call(Unknown Source)
	at TempTestSuite1557423670624.run(TempTestSuite1557423670624.groovy:36)


2019-05-09 13:48:10 - [MESSAGE][INFO] - Unable to find the element located by 'By.xpath: id("shopify-section-en-header")/div[@class="header"]/div[@class="menu-bar"]/div[@class="menu-bar__content"]/div[@class="menu-bar__left-wrapper"]/div[@class="mega-menu js-mega-menu"]/nav[@class="menu js-menu"]/ul[@class="menu__list unstyled"]/li[@class="menu__tier-one js-menu__tier-one no-desktop-hover"]/a[@class="menu__item--link only-desktop--block js-menu__faq-link"]/h3[@class="menu__item--title"][count(. | //h3[@class = 'menu__item--title' and (text() = 'FAQ' or . = 'FAQ')]) = count(//h3[@class = 'menu__item--title' and (text() = 'FAQ' or . = 'FAQ')])]'. Please recheck the objects properties to make sure the desired element is located. 

2019-05-09 13:48:12 - [MESSAGE][FAILED] - Unable to click on object 'Object Repository/Accessories_OR/Page_Ontario Cannabis Store  Ontari/h3_FAQ (1)' (Root cause: com.kms.katalon.core.webui.exception.WebElementNotFoundException: Web element with id: 'Object Repository/Accessories_OR/Page_Ontario Cannabis Store  Ontari/h3_FAQ (1)' located by 'By.xpath: id("shopify-section-en-header")/div[@class="header"]/div[@class="menu-bar"]/div[@class="menu-bar__content"]/div[@class="menu-bar__left-wrapper"]/div[@class="mega-menu js-mega-menu"]/nav[@class="menu js-menu"]/ul[@class="menu__list unstyled"]/li[@class="menu__tier-one js-menu__tier-one no-desktop-hover"]/a[@class="menu__item--link only-desktop--block js-menu__faq-link"]/h3[@class="menu__item--title"][count(. | //h3[@class = 'menu__item--title' and (text() = 'FAQ' or . = 'FAQ')]) = count(//h3[@class = 'menu__item--title' and (text() = 'FAQ' or . = 'FAQ')])]' not found)
[[ATTACHMENT|/Users/sumankompelly/git/Sample-OCS/Reports/OCS-09-05-2019 - Theme2/HOME PAGE - 09-05-2019/20190509_134110/1557424090406.png]]

2019-05-09 13:48:12 - [MESSAGE][FAILED] - click(findTestObject("Accessories_OR/Page_Ontario Cannabis Store  Ontari/h3_FAQ (1)")) FAILED.
Reason:
com.kms.katalon.core.exception.StepFailedException: Unable to click on object 'Object Repository/Accessories_OR/Page_Ontario Cannabis Store  Ontari/h3_FAQ (1)' (Root cause: com.kms.katalon.core.webui.exception.WebElementNotFoundException: Web element with id: 'Object Repository/Accessories_OR/Page_Ontario Cannabis Store  Ontari/h3_FAQ (1)' located by 'By.xpath: id("shopify-section-en-header")/div[@class="header"]/div[@class="menu-bar"]/div[@class="menu-bar__content"]/div[@class="menu-bar__left-wrapper"]/div[@class="mega-menu js-mega-menu"]/nav[@class="menu js-menu"]/ul[@class="menu__list unstyled"]/li[@class="menu__tier-one js-menu__tier-one no-desktop-hover"]/a[@class="menu__item--link only-desktop--block js-menu__faq-link"]/h3[@class="menu__item--title"][count(. | //h3[@class = 'menu__item--title' and (text() = 'FAQ' or . = 'FAQ')]) = count(//h3[@class = 'menu__item--title' and (text() = 'FAQ' or . = 'FAQ')])]' not found)
	at com.kms.katalon.core.keyword.internal.KeywordMain.stepFailed(KeywordMain.groovy:36)
	at com.kms.katalon.core.webui.keyword.internal.WebUIKeywordMain.stepFailed(WebUIKeywordMain.groovy:65)
	at com.kms.katalon.core.webui.keyword.internal.WebUIKeywordMain.runKeyword(WebUIKeywordMain.groovy:27)
	at com.kms.katalon.core.webui.keyword.builtin.ClickKeyword.click(ClickKeyword.groovy:86)
	at com.kms.katalon.core.webui.keyword.builtin.ClickKeyword.execute(ClickKeyword.groovy:67)
	at com.kms.katalon.core.keyword.internal.KeywordExecutor.executeKeywordForPlatform(KeywordExecutor.groovy:53)
	at com.kms.katalon.core.webui.keyword.WebUiBuiltInKeywords.click(WebUiBuiltInKeywords.groovy:616)
	at com.kms.katalon.core.webui.keyword.WebUiBuiltInKeywords$click$1.call(Unknown Source)
	at HP -Mega menu-Hover-FAQ.run(HP -Mega menu-Hover-FAQ:43)
	at com.kms.katalon.core.main.ScriptEngine.run(ScriptEngine.java:194)
	at com.kms.katalon.core.main.ScriptEngine.runScriptAsRawText(ScriptEngine.java:119)
	at com.kms.katalon.core.main.TestCaseExecutor.runScript(TestCaseExecutor.java:328)
	at com.kms.katalon.core.main.TestCaseExecutor.doExecute(TestCaseExecutor.java:319)
	at com.kms.katalon.core.main.TestCaseExecutor.processExecutionPhase(TestCaseExecutor.java:298)
	at com.kms.katalon.core.main.TestCaseExecutor.accessMainPhase(TestCaseExecutor.java:290)
	at com.kms.katalon.core.main.TestCaseExecutor.execute(TestCaseExecutor.java:224)
	at com.kms.katalon.core.main.TestSuiteExecutor.accessTestCaseMainPhase(TestSuiteExecutor.java:129)
	at com.kms.katalon.core.main.TestSuiteExecutor.accessTestSuiteMainPhase(TestSuiteExecutor.java:112)
	at com.kms.katalon.core.main.TestSuiteExecutor.execute(TestSuiteExecutor.java:81)
	at com.kms.katalon.core.main.TestCaseMain.startTestSuite(TestCaseMain.java:149)
	at com.kms.katalon.core.main.TestCaseMain$startTestSuite$0.call(Unknown Source)
	at TempTestSuite1557423670624.run(TempTestSuite1557423670624.groovy:36)]]></system-out>
         <system-err><![CDATA[2019-05-09 13:46:36 - [TEST_CASE][FAILED] - Test Cases/OCS- HOME PAGE/HP -Mega menu-Hover-FAQ: Test Cases/OCS- HOME PAGE/HP -Mega menu-Hover-FAQ FAILED.
Reason:
com.kms.katalon.core.exception.StepFailedException: Unable to click on object 'Object Repository/Accessories_OR/Page_Ontario Cannabis Store  Ontari/h3_FAQ (1)' (Root cause: com.kms.katalon.core.webui.exception.WebElementNotFoundException: Web element with id: 'Object Repository/Accessories_OR/Page_Ontario Cannabis Store  Ontari/h3_FAQ (1)' located by 'By.xpath: id("shopify-section-en-header")/div[@class="header"]/div[@class="menu-bar"]/div[@class="menu-bar__content"]/div[@class="menu-bar__left-wrapper"]/div[@class="mega-menu js-mega-menu"]/nav[@class="menu js-menu"]/ul[@class="menu__list unstyled"]/li[@class="menu__tier-one js-menu__tier-one no-desktop-hover"]/a[@class="menu__item--link only-desktop--block js-menu__faq-link"]/h3[@class="menu__item--title"][count(. | //h3[@class = 'menu__item--title' and (text() = 'FAQ' or . = 'FAQ')]) = count(//h3[@class = 'menu__item--title' and (text() = 'FAQ' or . = 'FAQ')])]' not found)
	at com.kms.katalon.core.keyword.internal.KeywordMain.stepFailed(KeywordMain.groovy:36)
	at com.kms.katalon.core.webui.keyword.internal.WebUIKeywordMain.stepFailed(WebUIKeywordMain.groovy:65)
	at com.kms.katalon.core.webui.keyword.internal.WebUIKeywordMain.runKeyword(WebUIKeywordMain.groovy:27)
	at com.kms.katalon.core.webui.keyword.builtin.ClickKeyword.click(ClickKeyword.groovy:86)
	at com.kms.katalon.core.webui.keyword.builtin.ClickKeyword.execute(ClickKeyword.groovy:67)
	at com.kms.katalon.core.keyword.internal.KeywordExecutor.executeKeywordForPlatform(KeywordExecutor.groovy:53)
	at com.kms.katalon.core.webui.keyword.WebUiBuiltInKeywords.click(WebUiBuiltInKeywords.groovy:616)
	at com.kms.katalon.core.webui.keyword.WebUiBuiltInKeywords$click$1.call(Unknown Source)
	at HP -Mega menu-Hover-FAQ.run(HP -Mega menu-Hover-FAQ:43)
	at com.kms.katalon.core.main.ScriptEngine.run(ScriptEngine.java:194)
	at com.kms.katalon.core.main.ScriptEngine.runScriptAsRawText(ScriptEngine.java:119)
	at com.kms.katalon.core.main.TestCaseExecutor.runScript(TestCaseExecutor.java:328)
	at com.kms.katalon.core.main.TestCaseExecutor.doExecute(TestCaseExecutor.java:319)
	at com.kms.katalon.core.main.TestCaseExecutor.processExecutionPhase(TestCaseExecutor.java:298)
	at com.kms.katalon.core.main.TestCaseExecutor.accessMainPhase(TestCaseExecutor.java:290)
	at com.kms.katalon.core.main.TestCaseExecutor.execute(TestCaseExecutor.java:224)
	at com.kms.katalon.core.main.TestSuiteExecutor.accessTestCaseMainPhase(TestSuiteExecutor.java:129)
	at com.kms.katalon.core.main.TestSuiteExecutor.accessTestSuiteMainPhase(TestSuiteExecutor.java:112)
	at com.kms.katalon.core.main.TestSuiteExecutor.execute(TestSuiteExecutor.java:81)
	at com.kms.katalon.core.main.TestCaseMain.startTestSuite(TestCaseMain.java:149)
	at com.kms.katalon.core.main.TestCaseMain$startTestSuite$0.call(Unknown Source)
	at TempTestSuite1557423670624.run(TempTestSuite1557423670624.groovy:36)]]></system-err>
      </testcase>
      <testcase name="Test Cases/OCS- HOME PAGE/HP- Mega menu-Hover- Learn" classname="Test Cases/OCS- HOME PAGE/HP- Mega menu-Hover- Learn" status="FAILED">
         <failure type="FAILED" message="Test Cases/OCS- HOME PAGE/HP- Mega menu-Hover- Learn FAILED.
Reason:
com.kms.katalon.core.exception.StepFailedException: Unable to verify text 'Legal Use of Cannabis in Ontario' is present  using regular expression (Root cause: com.kms.katalon.core.exception.StepFailedException: Text 'Legal Use of Cannabis in Ontario' is not present on page  using regular expression)
	at com.kms.katalon.core.keyword.internal.KeywordMain.stepFailed(KeywordMain.groovy:36)
	at com.kms.katalon.core.webui.keyword.internal.WebUIKeywordMain.stepFailed(WebUIKeywordMain.groovy:65)
	at com.kms.katalon.core.webui.keyword.internal.WebUIKeywordMain.runKeyword(WebUIKeywordMain.groovy:27)
	at com.kms.katalon.core.webui.keyword.builtin.VerifyTextPresentKeyword.verifyTextPresent(VerifyTextPresentKeyword.groovy:83)
	at com.kms.katalon.core.webui.keyword.builtin.VerifyTextPresentKeyword.execute(VerifyTextPresentKeyword.groovy:68)
	at com.kms.katalon.core.keyword.internal.KeywordExecutor.executeKeywordForPlatform(KeywordExecutor.groovy:53)
	at com.kms.katalon.core.webui.keyword.WebUiBuiltInKeywords.verifyTextPresent(WebUiBuiltInKeywords.groovy:1693)
	at com.kms.katalon.core.webui.keyword.WebUiBuiltInKeywords$verifyTextPresent$6.call(Unknown Source)
	at HP- Mega menu-Hover- Learn.run(HP- Mega menu-Hover- Learn:195)
	at com.kms.katalon.core.main.ScriptEngine.run(ScriptEngine.java:194)
	at com.kms.katalon.core.main.ScriptEngine.runScriptAsRawText(ScriptEngine.java:119)
	at com.kms.katalon.core.main.TestCaseExecutor.runScript(TestCaseExecutor.java:328)
	at com.kms.katalon.core.main.TestCaseExecutor.doExecute(TestCaseExecutor.java:319)
	at com.kms.katalon.core.main.TestCaseExecutor.processExecutionPhase(TestCaseExecutor.java:298)
	at com.kms.katalon.core.main.TestCaseExecutor.accessMainPhase(TestCaseExecutor.java:290)
	at com.kms.katalon.core.main.TestCaseExecutor.execute(TestCaseExecutor.java:224)
	at com.kms.katalon.core.main.TestSuiteExecutor.accessTestCaseMainPhase(TestSuiteExecutor.java:129)
	at com.kms.katalon.core.main.TestSuiteExecutor.accessTestSuiteMainPhase(TestSuiteExecutor.java:112)
	at com.kms.katalon.core.main.TestSuiteExecutor.execute(TestSuiteExecutor.java:81)
	at com.kms.katalon.core.main.TestCaseMain.startTestSuite(TestCaseMain.java:149)
	at com.kms.katalon.core.main.TestCaseMain$startTestSuite$0.call(Unknown Source)
	at TempTestSuite1557423670624.run(TempTestSuite1557423670624.groovy:36)
"/>
         <system-out><![CDATA[2019-05-09 13:48:12 - [TEST_CASE][FAILED] - Test Cases/OCS- HOME PAGE/HP- Mega menu-Hover- Learn: Test Cases/OCS- HOME PAGE/HP- Mega menu-Hover- Learn FAILED.
Reason:
com.kms.katalon.core.exception.StepFailedException: Unable to verify text 'Legal Use of Cannabis in Ontario' is present  using regular expression (Root cause: com.kms.katalon.core.exception.StepFailedException: Text 'Legal Use of Cannabis in Ontario' is not present on page  using regular expression)
	at com.kms.katalon.core.keyword.internal.KeywordMain.stepFailed(KeywordMain.groovy:36)
	at com.kms.katalon.core.webui.keyword.internal.WebUIKeywordMain.stepFailed(WebUIKeywordMain.groovy:65)
	at com.kms.katalon.core.webui.keyword.internal.WebUIKeywordMain.runKeyword(WebUIKeywordMain.groovy:27)
	at com.kms.katalon.core.webui.keyword.builtin.VerifyTextPresentKeyword.verifyTextPresent(VerifyTextPresentKeyword.groovy:83)
	at com.kms.katalon.core.webui.keyword.builtin.VerifyTextPresentKeyword.execute(VerifyTextPresentKeyword.groovy:68)
	at com.kms.katalon.core.keyword.internal.KeywordExecutor.executeKeywordForPlatform(KeywordExecutor.groovy:53)
	at com.kms.katalon.core.webui.keyword.WebUiBuiltInKeywords.verifyTextPresent(WebUiBuiltInKeywords.groovy:1693)
	at com.kms.katalon.core.webui.keyword.WebUiBuiltInKeywords$verifyTextPresent$6.call(Unknown Source)
	at HP- Mega menu-Hover- Learn.run(HP- Mega menu-Hover- Learn:195)
	at com.kms.katalon.core.main.ScriptEngine.run(ScriptEngine.java:194)
	at com.kms.katalon.core.main.ScriptEngine.runScriptAsRawText(ScriptEngine.java:119)
	at com.kms.katalon.core.main.TestCaseExecutor.runScript(TestCaseExecutor.java:328)
	at com.kms.katalon.core.main.TestCaseExecutor.doExecute(TestCaseExecutor.java:319)
	at com.kms.katalon.core.main.TestCaseExecutor.processExecutionPhase(TestCaseExecutor.java:298)
	at com.kms.katalon.core.main.TestCaseExecutor.accessMainPhase(TestCaseExecutor.java:290)
	at com.kms.katalon.core.main.TestCaseExecutor.execute(TestCaseExecutor.java:224)
	at com.kms.katalon.core.main.TestSuiteExecutor.accessTestCaseMainPhase(TestSuiteExecutor.java:129)
	at com.kms.katalon.core.main.TestSuiteExecutor.accessTestSuiteMainPhase(TestSuiteExecutor.java:112)
	at com.kms.katalon.core.main.TestSuiteExecutor.execute(TestSuiteExecutor.java:81)
	at com.kms.katalon.core.main.TestCaseMain.startTestSuite(TestCaseMain.java:149)
	at com.kms.katalon.core.main.TestCaseMain$startTestSuite$0.call(Unknown Source)
	at TempTestSuite1557423670624.run(TempTestSuite1557423670624.groovy:36)


2019-05-09 13:48:12 - [TEST_STEP][PASSED] - openBrowser(""): Browser is opened with url: ''

2019-05-09 13:48:12 - [MESSAGE][WARNING] - A browser is already opened. Closing browser and opening a new one

2019-05-09 13:48:15 - [MESSAGE][INFO] - Starting 'Remote' driver

2019-05-09 13:48:15 - [MESSAGE][INFO] - User set preference: ['os', 'windows']

2019-05-09 13:48:15 - [MESSAGE][INFO] - User set preference: ['os_version', '10']

2019-05-09 13:48:15 - [MESSAGE][INFO] - User set preference: ['browser', 'Chrome']

2019-05-09 13:48:15 - [MESSAGE][INFO] - User set preference: ['browser_version', '74']

2019-05-09 13:48:15 - [MESSAGE][INFO] - User set preference: ['resolution', '1280x800']

2019-05-09 13:48:15 - [MESSAGE][INFO] - Connecting to remote web server 'https://dianatest3:Z3oqw9ysqTeRQJq5wFCp@hub-cloud.browserstack.com/wd/hub' with type 'Selenium'

2019-05-09 13:48:21 - [MESSAGE][PASSED] - Browser is opened with url: ''

2019-05-09 13:48:21 - [TEST_STEP][PASSED] - navigateToUrl("https://ocs.ca/?fts=0&preview_theme_id=53373863756"): Navigate to 'https://ocs.ca/?fts=0&preview_theme_id=53373863756' successfully

2019-05-09 13:48:27 - [MESSAGE][PASSED] - Navigate to 'https://ocs.ca/?fts=0&preview_theme_id=53373863756' successfully

2019-05-09 13:48:27 - [TEST_STEP][PASSED] - click(findTestObject("Object Repository/Theme_oR/Page_Ontario Cannabis Store  Ontari/button_Close preview")): Object: 'Object Repository/Theme_oR/Page_Ontario Cannabis Store  Ontari/button_Close preview' is clicked on

2019-05-09 13:48:33 - [MESSAGE][PASSED] - Object: 'Object Repository/Theme_oR/Page_Ontario Cannabis Store  Ontari/button_Close preview' is clicked on

2019-05-09 13:48:34 - [TEST_STEP][PASSED] - maximizeWindow(): Current window maximized

2019-05-09 13:48:35 - [MESSAGE][PASSED] - Current window maximized

2019-05-09 13:48:35 - [TEST_STEP][PASSED] - selectOptionByValue(findTestObject("Object Repository/Learn_OR/Page_Ontario Cannabis Store  Ontari/select_Select01020304050607080"), "1", true): All options with value '1' are selected in object 'Object Repository/Learn_OR/Page_Ontario Cannabis Store  Ontari/select_Select01020304050607080'  using regular expression

2019-05-09 13:48:40 - [MESSAGE][PASSED] - All options with value '1' are selected in object 'Object Repository/Learn_OR/Page_Ontario Cannabis Store  Ontari/select_Select01020304050607080'  using regular expression

2019-05-09 13:48:40 - [TEST_STEP][PASSED] - selectOptionByValue(findTestObject("Object Repository/Learn_OR/Page_Ontario Cannabis Store  Ontari/select_SelectJanuary - 01Febru"), "0", true): All options with value '0' are selected in object 'Object Repository/Learn_OR/Page_Ontario Cannabis Store  Ontari/select_SelectJanuary - 01Febru'  using regular expression

2019-05-09 13:48:42 - [MESSAGE][PASSED] - All options with value '0' are selected in object 'Object Repository/Learn_OR/Page_Ontario Cannabis Store  Ontari/select_SelectJanuary - 01Febru'  using regular expression

2019-05-09 13:48:42 - [TEST_STEP][PASSED] - selectOptionByValue(findTestObject("Object Repository/Learn_OR/Page_Ontario Cannabis Store  Ontari/select_Select20182017201620152"), "1968", true): All options with value '1968' are selected in object 'Object Repository/Learn_OR/Page_Ontario Cannabis Store  Ontari/select_Select20182017201620152'  using regular expression

2019-05-09 13:49:04 - [MESSAGE][PASSED] - All options with value '1968' are selected in object 'Object Repository/Learn_OR/Page_Ontario Cannabis Store  Ontari/select_Select20182017201620152'  using regular expression

[...]
	at com.kms.katalon.core.main.TestCaseMain.startTestSuite(TestCaseMain.java:149)
	at com.kms.katalon.core.main.TestCaseMain$startTestSuite$0.call(Unknown Source)
	at TempTestSuite1557423670624.run(TempTestSuite1557423670624.groovy:36)


2019-05-09 13:59:02 - [TEST_STEP][FAILED] - comment(" Language changing is successful"): if (true) FAILED.
Reason:
com.kms.katalon.core.exception.StepFailedException: Text 'Découvrez nos variétés de cannabis les plus vendues' is not present on page 
	at com.kms.katalon.core.keyword.internal.KeywordMain.stepFailed(KeywordMain.groovy:32)
	at com.kms.katalon.core.webui.keyword.internal.WebUIKeywordMain.stepFailed(WebUIKeywordMain.groovy:65)
	at com.kms.katalon.core.webui.keyword.builtin.VerifyTextPresentKeyword$_verifyTextPresent_closure1.doCall(VerifyTextPresentKeyword.groovy:79)
	at com.kms.katalon.core.webui.keyword.builtin.VerifyTextPresentKeyword$_verifyTextPresent_closure1.call(VerifyTextPresentKeyword.groovy)
	at com.kms.katalon.core.webui.keyword.internal.WebUIKeywordMain.runKeyword(WebUIKeywordMain.groovy:21)
	at com.kms.katalon.core.webui.keyword.builtin.VerifyTextPresentKeyword.verifyTextPresent(VerifyTextPresentKeyword.groovy:83)
	at com.kms.katalon.core.webui.keyword.builtin.VerifyTextPresentKeyword.execute(VerifyTextPresentKeyword.groovy:68)
	at com.kms.katalon.core.keyword.internal.KeywordExecutor.executeKeywordForPlatform(KeywordExecutor.groovy:53)
	at com.kms.katalon.core.webui.keyword.WebUiBuiltInKeywords.verifyTextPresent(WebUiBuiltInKeywords.groovy:1677)
	at com.kms.katalon.core.webui.keyword.WebUiBuiltInKeywords$verifyTextPresent$12.call(Unknown Source)
	at Toggling language.run(Toggling language:51)
	at com.kms.katalon.core.main.ScriptEngine.run(ScriptEngine.java:194)
	at com.kms.katalon.core.main.ScriptEngine.runScriptAsRawText(ScriptEngine.java:119)
	at com.kms.katalon.core.main.TestCaseExecutor.runScript(TestCaseExecutor.java:328)
	at com.kms.katalon.core.main.TestCaseExecutor.doExecute(TestCaseExecutor.java:319)
	at com.kms.katalon.core.main.TestCaseExecutor.processExecutionPhase(TestCaseExecutor.java:298)
	at com.kms.katalon.core.main.TestCaseExecutor.accessMainPhase(TestCaseExecutor.java:290)
	at com.kms.katalon.core.main.TestCaseExecutor.execute(TestCaseExecutor.java:224)
	at com.kms.katalon.core.main.TestSuiteExecutor.accessTestCaseMainPhase(TestSuiteExecutor.java:129)
	at com.kms.katalon.core.main.TestSuiteExecutor.accessTestSuiteMainPhase(TestSuiteExecutor.java:112)
	at com.kms.katalon.core.main.TestSuiteExecutor.execute(TestSuiteExecutor.java:81)
	at com.kms.katalon.core.main.TestCaseMain.startTestSuite(TestCaseMain.java:149)
	at com.kms.katalon.core.main.TestCaseMain$startTestSuite$0.call(Unknown Source)
	at TempTestSuite1557423670624.run(TempTestSuite1557423670624.groovy:36)


2019-05-09 13:59:02 - [MESSAGE][INFO] -  Language changing is successful

2019-05-09 13:59:02 - [MESSAGE][FAILED] - if (true) FAILED.
Reason:
com.kms.katalon.core.exception.StepFailedException: Text 'Découvrez nos variétés de cannabis les plus vendues' is not present on page 
	at com.kms.katalon.core.keyword.internal.KeywordMain.stepFailed(KeywordMain.groovy:32)
	at com.kms.katalon.core.webui.keyword.internal.WebUIKeywordMain.stepFailed(WebUIKeywordMain.groovy:65)
	at com.kms.katalon.core.webui.keyword.builtin.VerifyTextPresentKeyword$_verifyTextPresent_closure1.doCall(VerifyTextPresentKeyword.groovy:79)
	at com.kms.katalon.core.webui.keyword.builtin.VerifyTextPresentKeyword$_verifyTextPresent_closure1.call(VerifyTextPresentKeyword.groovy)
	at com.kms.katalon.core.webui.keyword.internal.WebUIKeywordMain.runKeyword(WebUIKeywordMain.groovy:21)
	at com.kms.katalon.core.webui.keyword.builtin.VerifyTextPresentKeyword.verifyTextPresent(VerifyTextPresentKeyword.groovy:83)
	at com.kms.katalon.core.webui.keyword.builtin.VerifyTextPresentKeyword.execute(VerifyTextPresentKeyword.groovy:68)
	at com.kms.katalon.core.keyword.internal.KeywordExecutor.executeKeywordForPlatform(KeywordExecutor.groovy:53)
	at com.kms.katalon.core.webui.keyword.WebUiBuiltInKeywords.verifyTextPresent(WebUiBuiltInKeywords.groovy:1677)
	at com.kms.katalon.core.webui.keyword.WebUiBuiltInKeywords$verifyTextPresent$12.call(Unknown Source)
	at Toggling language.run(Toggling language:51)
	at com.kms.katalon.core.main.ScriptEngine.run(ScriptEngine.java:194)
	at com.kms.katalon.core.main.ScriptEngine.runScriptAsRawText(ScriptEngine.java:119)
	at com.kms.katalon.core.main.TestCaseExecutor.runScript(TestCaseExecutor.java:328)
	at com.kms.katalon.core.main.TestCaseExecutor.doExecute(TestCaseExecutor.java:319)
	at com.kms.katalon.core.main.TestCaseExecutor.processExecutionPhase(TestCaseExecutor.java:298)
	at com.kms.katalon.core.main.TestCaseExecutor.accessMainPhase(TestCaseExecutor.java:290)
	at com.kms.katalon.core.main.TestCaseExecutor.execute(TestCaseExecutor.java:224)
	at com.kms.katalon.core.main.TestSuiteExecutor.accessTestCaseMainPhase(TestSuiteExecutor.java:129)
	at com.kms.katalon.core.main.TestSuiteExecutor.accessTestSuiteMainPhase(TestSuiteExecutor.java:112)
	at com.kms.katalon.core.main.TestSuiteExecutor.execute(TestSuiteExecutor.java:81)
	at com.kms.katalon.core.main.TestCaseMain.startTestSuite(TestCaseMain.java:149)
	at com.kms.katalon.core.main.TestCaseMain$startTestSuite$0.call(Unknown Source)
	at TempTestSuite1557423670624.run(TempTestSuite1557423670624.groovy:36)]]></system-out>
         <system-err><![CDATA[2019-05-09 13:58:02 - [TEST_CASE][FAILED] - Test Cases/OCS- HOME PAGE/Toggling language: Test Cases/OCS- HOME PAGE/Toggling language FAILED.
Reason:
com.kms.katalon.core.exception.StepFailedException: Text 'Découvrez nos variétés de cannabis les plus vendues' is not present on page 
	at com.kms.katalon.core.keyword.internal.KeywordMain.stepFailed(KeywordMain.groovy:32)
	at com.kms.katalon.core.webui.keyword.internal.WebUIKeywordMain.stepFailed(WebUIKeywordMain.groovy:65)
	at com.kms.katalon.core.webui.keyword.builtin.VerifyTextPresentKeyword$_verifyTextPresent_closure1.doCall(VerifyTextPresentKeyword.groovy:79)
	at com.kms.katalon.core.webui.keyword.builtin.VerifyTextPresentKeyword$_verifyTextPresent_closure1.call(VerifyTextPresentKeyword.groovy)
	at com.kms.katalon.core.webui.keyword.internal.WebUIKeywordMain.runKeyword(WebUIKeywordMain.groovy:21)
	at com.kms.katalon.core.webui.keyword.builtin.VerifyTextPresentKeyword.verifyTextPresent(VerifyTextPresentKeyword.groovy:83)
	at com.kms.katalon.core.webui.keyword.builtin.VerifyTextPresentKeyword.execute(VerifyTextPresentKeyword.groovy:68)
	at com.kms.katalon.core.keyword.internal.KeywordExecutor.executeKeywordForPlatform(KeywordExecutor.groovy:53)
	at com.kms.katalon.core.webui.keyword.WebUiBuiltInKeywords.verifyTextPresent(WebUiBuiltInKeywords.groovy:1677)
	at com.kms.katalon.core.webui.keyword.WebUiBuiltInKeywords$verifyTextPresent$12.call(Unknown Source)
	at Toggling language.run(Toggling language:51)
	at com.kms.katalon.core.main.ScriptEngine.run(ScriptEngine.java:194)
	at com.kms.katalon.core.main.ScriptEngine.runScriptAsRawText(ScriptEngine.java:119)
	at com.kms.katalon.core.main.TestCaseExecutor.runScript(TestCaseExecutor.java:328)
	at com.kms.katalon.core.main.TestCaseExecutor.doExecute(TestCaseExecutor.java:319)
	at com.kms.katalon.core.main.TestCaseExecutor.processExecutionPhase(TestCaseExecutor.java:298)
	at com.kms.katalon.core.main.TestCaseExecutor.accessMainPhase(TestCaseExecutor.java:290)
	at com.kms.katalon.core.main.TestCaseExecutor.execute(TestCaseExecutor.java:224)
	at com.kms.katalon.core.main.TestSuiteExecutor.accessTestCaseMainPhase(TestSuiteExecutor.java:129)
	at com.kms.katalon.core.main.TestSuiteExecutor.accessTestSuiteMainPhase(TestSuiteExecutor.java:112)
	at com.kms.katalon.core.main.TestSuiteExecutor.execute(TestSuiteExecutor.java:81)
	at com.kms.katalon.core.main.TestCaseMain.startTestSuite(TestCaseMain.java:149)
	at com.kms.katalon.core.main.TestCaseMain$startTestSuite$0.call(Unknown Source)
	at TempTestSuite1557423670624.run(TempTestSuite1557423670624.groovy:36)]]></system-err>
      </testcase>
      <testcase name="Test Cases/OCS- HOME PAGE/why trust OCS" classname="Test Cases/OCS- HOME PAGE/why trust OCS" status="PASSED">
         <system-out><![CDATA[2019-05-09 13:59:02 - [TEST_CASE][PASSED] - Test Cases/OCS- HOME PAGE/why trust OCS: Test Cases/OCS- HOME PAGE/why trust OCS

2019-05-09 13:59:02 - [TEST_STEP][PASSED] - openBrowser(""): Browser is opened with url: ''

2019-05-09 13:59:02 - [MESSAGE][WARNING] - A browser is already opened. Closing browser and opening a new one

2019-05-09 13:59:04 - [MESSAGE][INFO] - Starting 'Remote' driver

2019-05-09 13:59:04 - [MESSAGE][INFO] - User set preference: ['os', 'windows']

2019-05-09 13:59:04 - [MESSAGE][INFO] - User set preference: ['os_version', '10']

2019-05-09 13:59:04 - [MESSAGE][INFO] - User set preference: ['browser', 'Chrome']

2019-05-09 13:59:04 - [MESSAGE][INFO] - User set preference: ['browser_version', '74']

2019-05-09 13:59:04 - [MESSAGE][INFO] - User set preference: ['resolution', '1280x800']

2019-05-09 13:59:04 - [MESSAGE][INFO] - Connecting to remote web server 'https://dianatest3:Z3oqw9ysqTeRQJq5wFCp@hub-cloud.browserstack.com/wd/hub' with type 'Selenium'

2019-05-09 13:59:15 - [MESSAGE][PASSED] - Browser is opened with url: ''

2019-05-09 13:59:15 - [TEST_STEP][PASSED] - navigateToUrl("https://ocs.ca/?fts=0&preview_theme_id=53373863756"): Navigate to 'https://ocs.ca/?fts=0&preview_theme_id=53373863756' successfully

2019-05-09 13:59:21 - [MESSAGE][PASSED] - Navigate to 'https://ocs.ca/?fts=0&preview_theme_id=53373863756' successfully

2019-05-09 13:59:21 - [TEST_STEP][PASSED] - click(findTestObject("Object Repository/Theme_oR/Page_Ontario Cannabis Store  Ontari/button_Close preview")): Object: 'Object Repository/Theme_oR/Page_Ontario Cannabis Store  Ontari/button_Close preview' is clicked on

2019-05-09 13:59:25 - [MESSAGE][PASSED] - Object: 'Object Repository/Theme_oR/Page_Ontario Cannabis Store  Ontari/button_Close preview' is clicked on

2019-05-09 13:59:25 - [TEST_STEP][PASSED] - maximizeWindow(): Current window maximized

2019-05-09 13:59:27 - [MESSAGE][PASSED] - Current window maximized

2019-05-09 13:59:27 - [TEST_STEP][PASSED] - selectOptionByValue(findTestObject("Object Repository/Why trust OCS_OR/Page_Ontario Cannabis Store  Ontari/select_Select01020304050607080"), "15", true): All options with value '15' are selected in object 'Object Repository/Why trust OCS_OR/Page_Ontario Cannabis Store  Ontari/select_Select01020304050607080'  using regular expression

2019-05-09 13:59:32 - [MESSAGE][PASSED] - All options with value '15' are selected in object 'Object Repository/Why trust OCS_OR/Page_Ontario Cannabis Store  Ontari/select_Select01020304050607080'  using regular expression

2019-05-09 13:59:32 - [TEST_STEP][PASSED] - selectOptionByValue(findTestObject("Object Repository/Why trust OCS_OR/Page_Ontario Cannabis Store  Ontari/select_SelectJanuary - 01Febru"), "7", true): All options with value '7' are selected in object 'Object Repository/Why trust OCS_OR/Page_Ontario Cannabis Store  Ontari/select_SelectJanuary - 01Febru'  using regular expression

2019-05-09 13:59:34 - [MESSAGE][PASSED] - All options with value '7' are selected in object 'Object Repository/Why trust OCS_OR/Page_Ontario Cannabis Store  Ontari/select_SelectJanuary - 01Febru'  using regular expression

2019-05-09 13:59:34 - [TEST_STEP][PASSED] - selectOptionByValue(findTestObject("Object Repository/Why trust OCS_OR/Page_Ontario Cannabis Store  Ontari/select_Select20182017201620152"), "1956", true): All options with value '1956' are selected in object 'Object Repository/Why trust OCS_OR/Page_Ontario Cannabis Store  Ontari/select_Select20182017201620152'  using regular expression

2019-05-09 13:59:52 - [MESSAGE][PASSED] - All options with value '1956' are selected in object 'Object Repository/Why trust OCS_OR/Page_Ontario Cannabis Store  Ontari/select_Select20182017201620152'  using regular expression

2019-05-09 13:59:52 - [TEST_STEP][PASSED] - click(findTestObject("Object Repository/Why trust OCS_OR/Page_Ontario Cannabis Store  Ontari/button_Verify")): Object: 'Object Repository/Why trust OCS_OR/Page_Ontario Cannabis Store  Ontari/button_Verify' is clicked on

2019-05-09 13:59:53 - [MESSAGE][PASSED] - Object: 'Object Repository/Why trust OCS_OR/Page_Ontario Cannabis Store  Ontari/button_Verify' is clicked on

2019-05-09 13:59:53 - [TEST_STEP][PASSED] - click(findTestObject("Object Repository/Why trust OCS_OR/Page_Ontario Cannabis Store  Ontari/span_CONFIRM AND ACKNOWLEDGE_c")): Object: 'Object Repository/Why trust OCS_OR/Page_Ontario Cannabis Store  Ontari/span_CONFIRM AND ACKNOWLEDGE_c' is clicked on

2019-05-09 13:59:53 - [MESSAGE][PASSED] - Object: 'Object Repository/Why trust OCS_OR/Page_Ontario Cannabis Store  Ontari/span_CONFIRM AND ACKNOWLEDGE_c' is clicked on

2019-05-09 13:59:53 - [TEST_STEP][PASSED] - click(findTestObject("Object Repository/Why trust OCS_OR/Page_Ontario Cannabis Store  Ontari/button_CONFIRM")): Object: 'Object Repository/Why trust OCS_OR/Page_Ontario Cannabis Store  Ontari/button_CONFIRM' is clicked on

2019-05-09 13:59:54 - [MESSAGE][PASSED] - Object: 'Object Repository/Why trust OCS_OR/Page_Ontario Cannabis Store  Ontari/button_CONFIRM' is clicked on

2019-05-09 13:59:54 - [TEST_STEP][PASSED] - click(findTestObject("Object Repository/Why trust OCS_OR/Page_Ontario Cannabis Store  Ontari/button_Start Browsing")): Object: 'Object Repository/Why trust OCS_OR/Page_Ontario Cannabis Store  Ontari/button_Start Browsing' is clicked on

2019-05-09 13:59:54 - [MESSAGE][PASSED] - Object: 'Object Repository/Why trust OCS_OR/Page_Ontario Cannabis Store  Ontari/button_Start Browsing' is clicked on

2019-05-09 13:59:54 - [TEST_STEP][PASSED] - click(findTestObject("Object Repository/Why trust OCS_OR/Page_Ontario Cannabis Store  Ontari/img")): Object: 'Object Repository/Why trust OCS_OR/Page_Ontario Cannabis Store  Ontari/img' is clicked on

2019-05-09 13:59:59 - [MESSAGE][PASSED] - Object: 'Object Repository/Why trust OCS_OR/Page_Ontario Cannabis Store  Ontari/img' is clicked on

2019-05-09 13:59:59 - [TEST_STEP][PASSED] - a = getWindowTitle(): Current window's title is: 'Why Trust Us? | Ontario Cannabis Store'

2019-05-09 13:59:59 - [MESSAGE][PASSED] - Current window's title is: 'Why Trust Us? | Ontario Cannabis Store'

2019-05-09 13:59:59 - [TEST_STEP][PASSED] - assert getWindowTitle() == a: Current window's title is: 'Why Trust Us? | Ontario Cannabis Store'

2019-05-09 13:59:59 - [MESSAGE][PASSED] - Current window's title is: 'Why Trust Us? | Ontario Cannabis Store'

2019-05-09 13:59:59 - [TEST_STEP][PASSED] - back(): Navigate back successfully

2019-05-09 14:00:00 - [MESSAGE][PASSED] - Navigate back successfully]]></system-out>
         <system-err><![CDATA[]]></system-err>
      </testcase>
      <system-out><![CDATA[2019-05-09 13:41:12 - [TEST_SUITE][FAILED] - HOME PAGE - 09-05-2019: Test Cases/OCS- HOME PAGE/footer FAILED.
Reason:
com.kms.katalon.core.exception.StepFailedException: Unable to click on object 'Object Repository/Footer_OR/Page_News  Ontario Cannabis Store/a_Help us improve OCS.ca' (Root cause: com.kms.katalon.core.webui.exception.WebElementNotFoundException: Web element with id: 'Object Repository/Footer_OR/Page_News  Ontario Cannabis Store/a_Help us improve OCS.ca' located by 'By.xpath: //div[@id='shopify-section-en-footer']/footer/div/div/section[2]/nav/ul/li[5]/a' not found)
	at com.kms.katalon.core.keyword.internal.KeywordMain.stepFailed(KeywordMain.groovy:32)
	at com.kms.katalon.core.webui.keyword.internal.WebUIKeywordMain.stepFailed(WebUIKeywordMain.groovy:65)
	at com.kms.katalon.core.webui.keyword.internal.WebUIKeywordMain.runKeyword(WebUIKeywordMain.groovy:27)
	at com.kms.katalon.core.webui.keyword.builtin.ClickKeyword.click(ClickKeyword.groovy:86)
	at com.kms.katalon.core.webui.keyword.builtin.ClickKeyword.execute(ClickKeyword.groovy:67)
	at com.kms.katalon.core.keyword.internal.KeywordExecutor.executeKeywordForPlatform(KeywordExecutor.groovy:53)
	at com.kms.katalon.core.webui.keyword.WebUiBuiltInKeywords.click(WebUiBuiltInKeywords.groovy:604)
	at com.kms.katalon.core.webui.keyword.WebUiBuiltInKeywords$click$7.call(Unknown Source)
	at footer.run(footer:63)
	at com.kms.katalon.core.main.ScriptEngine.run(ScriptEngine.java:194)
	at com.kms.katalon.core.main.ScriptEngine.runScriptAsRawText(ScriptEngine.java:119)
	at com.kms.katalon.core.main.TestCaseExecutor.runScript(TestCaseExecutor.java:328)
	at com.kms.katalon.core.main.TestCaseExecutor.doExecute(TestCaseExecutor.java:319)
	at com.kms.katalon.core.main.TestCaseExecutor.processExecutionPhase(TestCaseExecutor.java:298)
	at com.kms.katalon.core.main.TestCaseExecutor.accessMainPhase(TestCaseExecutor.java:290)
	at com.kms.katalon.core.main.TestCaseExecutor.execute(TestCaseExecutor.java:224)
	at com.kms.katalon.core.main.TestSuiteExecutor.accessTestCaseMainPhase(TestSuiteExecutor.java:129)
	at com.kms.katalon.core.main.TestSuiteExecutor.accessTestSuiteMainPhase(TestSuiteExecutor.java:112)
	at com.kms.katalon.core.main.TestSuiteExecutor.execute(TestSuiteExecutor.java:81)
	at com.kms.katalon.core.main.TestCaseMain.startTestSuite(TestCaseMain.java:149)
	at com.kms.katalon.core.main.TestCaseMain$startTestSuite$0.call(Unknown Source)
	at TempTestSuite1557423670624.run(TempTestSuite1557423670624.groovy:36)]]></system-out>
      <system-err><![CDATA[2019-05-09 13:41:12 - [TEST_SUITE][FAILED] - HOME PAGE - 09-05-2019: Test Cases/OCS- HOME PAGE/footer FAILED.
Reason:
com.kms.katalon.core.exception.StepFailedException: Unable to click on object 'Object Repository/Footer_OR/Page_News  Ontario Cannabis Store/a_Help us improve OCS.ca' (Root cause: com.kms.katalon.core.webui.exception.WebElementNotFoundException: Web element with id: 'Object Repository/Footer_OR/Page_News  Ontario Cannabis Store/a_Help us improve OCS.ca' located by 'By.xpath: //div[@id='shopify-section-en-footer']/footer/div/div/section[2]/nav/ul/li[5]/a' not found)
	at com.kms.katalon.core.keyword.internal.KeywordMain.stepFailed(KeywordMain.groovy:32)
	at com.kms.katalon.core.webui.keyword.internal.WebUIKeywordMain.stepFailed(WebUIKeywordMain.groovy:65)
	at com.kms.katalon.core.webui.keyword.internal.WebUIKeywordMain.runKeyword(WebUIKeywordMain.groovy:27)
	at com.kms.katalon.core.webui.keyword.builtin.ClickKeyword.click(ClickKeyword.groovy:86)
	at com.kms.katalon.core.webui.keyword.builtin.ClickKeyword.execute(ClickKeyword.groovy:67)
	at com.kms.katalon.core.keyword.internal.KeywordExecutor.executeKeywordForPlatform(KeywordExecutor.groovy:53)
	at com.kms.katalon.core.webui.keyword.WebUiBuiltInKeywords.click(WebUiBuiltInKeywords.groovy:604)
	at com.kms.katalon.core.webui.keyword.WebUiBuiltInKeywords$click$7.call(Unknown Source)
	at footer.run(footer:63)
	at com.kms.katalon.core.main.ScriptEngine.run(ScriptEngine.java:194)
	at com.kms.katalon.core.main.ScriptEngine.runScriptAsRawText(ScriptEngine.java:119)
	at com.kms.katalon.core.main.TestCaseExecutor.runScript(TestCaseExecutor.java:328)
	at com.kms.katalon.core.main.TestCaseExecutor.doExecute(TestCaseExecutor.java:319)
	at com.kms.katalon.core.main.TestCaseExecutor.processExecutionPhase(TestCaseExecutor.java:298)
	at com.kms.katalon.core.main.TestCaseExecutor.accessMainPhase(TestCaseExecutor.java:290)
	at com.kms.katalon.core.main.TestCaseExecutor.execute(TestCaseExecutor.java:224)
	at com.kms.katalon.core.main.TestSuiteExecutor.accessTestCaseMainPhase(TestSuiteExecutor.java:129)
	at com.kms.katalon.core.main.TestSuiteExecutor.accessTestSuiteMainPhase(TestSuiteExecutor.java:112)
	at com.kms.katalon.core.main.TestSuiteExecutor.execute(TestSuiteExecutor.java:81)
	at com.kms.katalon.core.main.TestCaseMain.startTestSuite(TestCaseMain.java:149)
	at com.kms.katalon.core.main.TestCaseMain$startTestSuite$0.call(Unknown Source)
	at TempTestSuite1557423670624.run(TempTestSuite1557423670624.groovy:36)]]></system-err>
   </testsuite>
</testsuites>
