<?xml version="1.0" encoding="UTF-8"?>
<testsuites name="COLLECTION PAGE-09-05-2019" time="161" tests="4" failures="2" errors="0">
   <testsuite name="COLLECTION PAGE-09-05-2019" tests="4" failures="2" errors="0" time="161" timestamp="2019-05-09 12:23:56" hostname="sumankompelly - 10.0.126.233" id="Test Suites/OCS-09-05-2019 - Theme2/COLLECTION PAGE-09-05-2019">
      <properties>
         <property name="deviceName" value=""/>
         <property name="devicePlatform" value=""/>
         <property name="logFolder" value="/Users/sumankompelly/git/Sample-OCS/Reports/OCS-09-05-2019 - Theme2/COLLECTION PAGE-09-05-2019/20190509_122355"/>
         <property name="logFiles" value="/Users/sumankompelly/git/Sample-OCS/Reports/OCS-09-05-2019 - Theme2/COLLECTION PAGE-09-05-2019/20190509_122355/execution0.log"/>
         <property name="attachments" value="/Users/sumankompelly/git/Sample-OCS/Reports/OCS-09-05-2019 - Theme2/COLLECTION PAGE-09-05-2019/20190509_122355/1557419092814.png, /Users/sumankompelly/git/Sample-OCS/Reports/OCS-09-05-2019 - Theme2/COLLECTION PAGE-09-05-2019/20190509_122355/1557419174422.png"/>
         <property name="hostName" value="sumankompelly - 10.0.126.233"/>
         <property name="os" value="Mac OS X 64bit"/>
         <property name="katalonVersion" value="5.10.1.1"/>
         <property name="browser" value="Firefox 66.0"/>
         <property name="hostAddress" value="10.0.126.233"/>
         <property name="sessionId" value="fb9af303-b276-6f4f-b407-02df443e4808"/>
         <property name="seleniumVersion" value="3.7.1"/>
         <property name="proxyInformation" value="ProxyInformation{proxyOption=NO_PROXY, proxyServerType=HTTP, password=, proxyServerAddress=, proxyServerPort=0}"/>
         <property name="platform" value="Mac OS X"/>
      </properties>
      <testcase name="Test Cases/OCS-COLLECTION PAGE/breadcrumbs" classname="Test Cases/OCS-COLLECTION PAGE/breadcrumbs" status="PASSED">
         <system-out><![CDATA[2019-05-09 12:23:57 - [TEST_CASE][PASSED] - Test Cases/OCS-COLLECTION PAGE/breadcrumbs: Test Cases/OCS-COLLECTION PAGE/breadcrumbs

2019-05-09 12:23:57 - [TEST_STEP][PASSED] - openBrowser(""): Browser is opened with url: ''

2019-05-09 12:23:58 - [MESSAGE][INFO] - Starting 'Firefox' driver

2019-05-09 12:23:58 - [MESSAGE][INFO] - Action delay is set to 0 seconds

2019-05-09 12:24:00 - [MESSAGE][PASSED] - Browser is opened with url: ''

2019-05-09 12:24:00 - [TEST_STEP][PASSED] - navigateToUrl("https://ocs.ca/?fts=0&preview_theme_id=53373863756"): Navigate to 'https://ocs.ca/?fts=0&preview_theme_id=53373863756' successfully

2019-05-09 12:24:04 - [MESSAGE][PASSED] - Navigate to 'https://ocs.ca/?fts=0&preview_theme_id=53373863756' successfully

2019-05-09 12:24:04 - [TEST_STEP][PASSED] - click(findTestObject("Object Repository/Theme_oR/Page_Ontario Cannabis Store  Ontari/button_Close preview")): Object: 'Object Repository/Theme_oR/Page_Ontario Cannabis Store  Ontari/button_Close preview' is clicked on

2019-05-09 12:24:05 - [MESSAGE][PASSED] - Object: 'Object Repository/Theme_oR/Page_Ontario Cannabis Store  Ontari/button_Close preview' is clicked on

2019-05-09 12:24:05 - [TEST_STEP][PASSED] - selectOptionByValue(findTestObject("COLLECTION PAGE _OR/breadcrumbs_OR/Page_Ontario Cannabis Store  Ontari/select_Select01020304050607080"), "19", true): All options with value '19' are selected in object 'Object Repository/COLLECTION PAGE _OR/breadcrumbs_OR/Page_Ontario Cannabis Store  Ontari/select_Select01020304050607080'  using regular expression

2019-05-09 12:24:07 - [MESSAGE][PASSED] - All options with value '19' are selected in object 'Object Repository/COLLECTION PAGE _OR/breadcrumbs_OR/Page_Ontario Cannabis Store  Ontari/select_Select01020304050607080'  using regular expression

2019-05-09 12:24:07 - [TEST_STEP][PASSED] - selectOptionByValue(findTestObject("COLLECTION PAGE _OR/breadcrumbs_OR/Page_Ontario Cannabis Store  Ontari/select_SelectJanuary - 01Febru"), "9", true): All options with value '9' are selected in object 'Object Repository/COLLECTION PAGE _OR/breadcrumbs_OR/Page_Ontario Cannabis Store  Ontari/select_SelectJanuary - 01Febru'  using regular expression

2019-05-09 12:24:07 - [MESSAGE][PASSED] - All options with value '9' are selected in object 'Object Repository/COLLECTION PAGE _OR/breadcrumbs_OR/Page_Ontario Cannabis Store  Ontari/select_SelectJanuary - 01Febru'  using regular expression

2019-05-09 12:24:07 - [TEST_STEP][PASSED] - selectOptionByValue(findTestObject("COLLECTION PAGE _OR/breadcrumbs_OR/Page_Ontario Cannabis Store  Ontari/select_Select20182017201620152"), "1949", true): All options with value '1949' are selected in object 'Object Repository/COLLECTION PAGE _OR/breadcrumbs_OR/Page_Ontario Cannabis Store  Ontari/select_Select20182017201620152'  using regular expression

2019-05-09 12:24:09 - [MESSAGE][PASSED] - All options with value '1949' are selected in object 'Object Repository/COLLECTION PAGE _OR/breadcrumbs_OR/Page_Ontario Cannabis Store  Ontari/select_Select20182017201620152'  using regular expression

2019-05-09 12:24:09 - [TEST_STEP][PASSED] - click(findTestObject("COLLECTION PAGE _OR/breadcrumbs_OR/Page_Ontario Cannabis Store  Ontari/button_Verify")): Object: 'Object Repository/COLLECTION PAGE _OR/breadcrumbs_OR/Page_Ontario Cannabis Store  Ontari/button_Verify' is clicked on

2019-05-09 12:24:10 - [MESSAGE][PASSED] - Object: 'Object Repository/COLLECTION PAGE _OR/breadcrumbs_OR/Page_Ontario Cannabis Store  Ontari/button_Verify' is clicked on

2019-05-09 12:24:10 - [TEST_STEP][PASSED] - click(findTestObject("COLLECTION PAGE _OR/breadcrumbs_OR/Page_Ontario Cannabis Store  Ontari/span_CONFIRM AND ACKNOWLEDGE_c")): Object: 'Object Repository/COLLECTION PAGE _OR/breadcrumbs_OR/Page_Ontario Cannabis Store  Ontari/span_CONFIRM AND ACKNOWLEDGE_c' is clicked on

2019-05-09 12:24:10 - [MESSAGE][PASSED] - Object: 'Object Repository/COLLECTION PAGE _OR/breadcrumbs_OR/Page_Ontario Cannabis Store  Ontari/span_CONFIRM AND ACKNOWLEDGE_c' is clicked on

2019-05-09 12:24:10 - [TEST_STEP][PASSED] - click(findTestObject("COLLECTION PAGE _OR/breadcrumbs_OR/Page_Ontario Cannabis Store  Ontari/button_CONFIRM")): Object: 'Object Repository/COLLECTION PAGE _OR/breadcrumbs_OR/Page_Ontario Cannabis Store  Ontari/button_CONFIRM' is clicked on

2019-05-09 12:24:10 - [MESSAGE][PASSED] - Object: 'Object Repository/COLLECTION PAGE _OR/breadcrumbs_OR/Page_Ontario Cannabis Store  Ontari/button_CONFIRM' is clicked on

2019-05-09 12:24:10 - [TEST_STEP][PASSED] - click(findTestObject("COLLECTION PAGE _OR/breadcrumbs_OR/Page_Ontario Cannabis Store  Ontari/button_Start Browsing")): Object: 'Object Repository/COLLECTION PAGE _OR/breadcrumbs_OR/Page_Ontario Cannabis Store  Ontari/button_Start Browsing' is clicked on

2019-05-09 12:24:10 - [MESSAGE][PASSED] - Object: 'Object Repository/COLLECTION PAGE _OR/breadcrumbs_OR/Page_Ontario Cannabis Store  Ontari/button_Start Browsing' is clicked on

2019-05-09 12:24:10 - [TEST_STEP][NOT_RUN] - click(findTestObject("COLLECTION PAGE _OR/breadcrumbs_OR/Page_Ontario Cannabis Store  Ontari/h3_Cannabis")): NOT_RUN: click(findTestObject("COLLECTION PAGE _OR/breadcrumbs_OR/Page_Ontario Cannabis Store  Ontari/h3_Cannabis"))

2019-05-09 12:24:10 - [MESSAGE][NOT_RUN] - NOT_RUN: click(findTestObject("COLLECTION PAGE _OR/breadcrumbs_OR/Page_Ontario Cannabis Store  Ontari/h3_Cannabis"))

2019-05-09 12:24:10 - [TEST_STEP][PASSED] - mouseOver(findTestObject("OCS_CRITICAL PATH/cart flyout- price/Page_Ontario Cannabis Store  Ontari/h3_Cannabis")): Object: 'Object Repository/OCS_CRITICAL PATH/cart flyout- price/Page_Ontario Cannabis Store  Ontari/h3_Cannabis' is hovered

2019-05-09 12:24:11 - [MESSAGE][PASSED] - Object: 'Object Repository/OCS_CRITICAL PATH/cart flyout- price/Page_Ontario Cannabis Store  Ontari/h3_Cannabis' is hovered

2019-05-09 12:24:11 - [TEST_STEP][PASSED] - click(findTestObject("COLLECTION PAGE _OR/breadcrumbs_OR/Page_Ontario Cannabis Store  Ontari/span_Dried Flower")): Object: 'Object Repository/COLLECTION PAGE _OR/breadcrumbs_OR/Page_Ontario Cannabis Store  Ontari/span_Dried Flower' is clicked on

2019-05-09 12:24:12 - [MESSAGE][PASSED] - Object: 'Object Repository/COLLECTION PAGE _OR/breadcrumbs_OR/Page_Ontario Cannabis Store  Ontari/span_Dried Flower' is clicked on

2019-05-09 12:24:12 - [TEST_STEP][PASSED] - click(findTestObject("COLLECTION PAGE _OR/breadcrumbs_OR/Page_Dried Flower  Ontario Cannabis/a_Cannabis")): Object: 'Object Repository/COLLECTION PAGE _OR/breadcrumbs_OR/Page_Dried Flower  Ontario Cannabis/a_Cannabis' is clicked on

2019-05-09 12:24:15 - [MESSAGE][PASSED] - Object: 'Object Repository/COLLECTION PAGE _OR/breadcrumbs_OR/Page_Dried Flower  Ontario Cannabis/a_Cannabis' is clicked on

2019-05-09 12:24:15 - [TEST_STEP][PASSED] - a = getWindowTitle(): Current window's title is: 'All Cannabis Products | Ontario Cannabis Store'

2019-05-09 12:24:15 - [MESSAGE][PASSED] - Current window's title is: 'All Cannabis Products | Ontario Cannabis Store'

2019-05-09 12:24:15 - [TEST_STEP][PASSED] - comment(a): All Cannabis Products | Ontario Cannabis Store

2019-05-09 12:24:15 - [MESSAGE][INFO] - All Cannabis Products | Ontario Cannabis Store

2019-05-09 12:24:15 - [TEST_STEP][PASSED] - assert getWindowTitle() == a: Current window's title is: 'All Cannabis Products | Ontario Cannabis Store'

2019-05-09 12:24:15 - [MESSAGE][PASSED] - Current window's title is: 'All Cannabis Products | Ontario Cannabis Store'

2019-05-09 12:24:15 - [TEST_STEP][PASSED] - click(findTestObject("COLLECTION PAGE _OR/breadcrumbs_OR/Page_All Cannabis Products  Ontario/a_Home")): Object: 'Object Repository/COLLECTION PAGE _OR/breadcrumbs_OR/Page_All Cannabis Products  Ontario/a_Home' is clicked on

2019-05-09 12:24:16 - [MESSAGE][PASSED] - Object: 'Object Repository/COLLECTION PAGE _OR/breadcrumbs_OR/Page_All Cannabis Products  Ontario/a_Home' is clicked on

2019-05-09 12:24:16 - [TEST_STEP][PASSED] - b = getWindowTitle(): Current window's title is: 'Ontario Cannabis Store | Ontario Cannabis Store'

2019-05-09 12:24:16 - [MESSAGE][PASSED] - Current window's title is: 'Ontario Cannabis Store | Ontario Cannabis Store'

2019-05-09 12:24:16 - [TEST_STEP][PASSED] - comment(b): Ontario Cannabis Store | Ontario Cannabis Store

2019-05-09 12:24:16 - [MESSAGE][INFO] - Ontario Cannabis Store | Ontario Cannabis Store

2019-05-09 12:24:16 - [TEST_STEP][PASSED] - assert getWindowTitle() == b: Current window's title is: 'Ontario Cannabis Store | Ontario Cannabis Store'

2019-05-09 12:24:16 - [MESSAGE][PASSED] - Current window's title is: 'Ontario Cannabis Store | Ontario Cannabis Store']]></system-out>
         <system-err><![CDATA[]]></system-err>
      </testcase>
      <testcase name="Test Cases/OCS-COLLECTION PAGE/Chevron dropdown" classname="Test Cases/OCS-COLLECTION PAGE/Chevron dropdown" status="PASSED">
         <system-out><![CDATA[2019-05-09 12:24:16 - [TEST_CASE][PASSED] - Test Cases/OCS-COLLECTION PAGE/Chevron dropdown: Test Cases/OCS-COLLECTION PAGE/Chevron dropdown

2019-05-09 12:24:16 - [TEST_STEP][PASSED] - openBrowser(""): Browser is opened with url: ''

2019-05-09 12:24:16 - [MESSAGE][WARNING] - A browser is already opened. Closing browser and opening a new one

2019-05-09 12:24:17 - [MESSAGE][INFO] - Starting 'Firefox' driver

2019-05-09 12:24:19 - [MESSAGE][PASSED] - Browser is opened with url: ''

2019-05-09 12:24:19 - [TEST_STEP][PASSED] - navigateToUrl("https://ocs.ca/?fts=0&preview_theme_id=53373863756"): Navigate to 'https://ocs.ca/?fts=0&preview_theme_id=53373863756' successfully

2019-05-09 12:24:28 - [MESSAGE][PASSED] - Navigate to 'https://ocs.ca/?fts=0&preview_theme_id=53373863756' successfully

2019-05-09 12:24:28 - [TEST_STEP][PASSED] - click(findTestObject("Object Repository/Theme_oR/Page_Ontario Cannabis Store  Ontari/button_Close preview")): Object: 'Object Repository/Theme_oR/Page_Ontario Cannabis Store  Ontari/button_Close preview' is clicked on

2019-05-09 12:24:29 - [MESSAGE][PASSED] - Object: 'Object Repository/Theme_oR/Page_Ontario Cannabis Store  Ontari/button_Close preview' is clicked on

2019-05-09 12:24:29 - [TEST_STEP][PASSED] - selectOptionByValue(findTestObject("COLLECTION PAGE _OR/Chevron_OR/Page_Ontario Cannabis Store  Ontari/select_Select01020304050607080"), "18", true): All options with value '18' are selected in object 'Object Repository/COLLECTION PAGE _OR/Chevron_OR/Page_Ontario Cannabis Store  Ontari/select_Select01020304050607080'  using regular expression

2019-05-09 12:24:30 - [MESSAGE][PASSED] - All options with value '18' are selected in object 'Object Repository/COLLECTION PAGE _OR/Chevron_OR/Page_Ontario Cannabis Store  Ontari/select_Select01020304050607080'  using regular expression

2019-05-09 12:24:30 - [TEST_STEP][PASSED] - selectOptionByValue(findTestObject("COLLECTION PAGE _OR/Chevron_OR/Page_Ontario Cannabis Store  Ontari/select_SelectJanuary - 01Febru"), "9", true): All options with value '9' are selected in object 'Object Repository/COLLECTION PAGE _OR/Chevron_OR/Page_Ontario Cannabis Store  Ontari/select_SelectJanuary - 01Febru'  using regular expression

2019-05-09 12:24:30 - [MESSAGE][PASSED] - All options with value '9' are selected in object 'Object Repository/COLLECTION PAGE _OR/Chevron_OR/Page_Ontario Cannabis Store  Ontari/select_SelectJanuary - 01Febru'  using regular expression

2019-05-09 12:24:30 - [TEST_STEP][PASSED] - selectOptionByValue(findTestObject("COLLECTION PAGE _OR/Chevron_OR/Page_Ontario Cannabis Store  Ontari/select_Select20182017201620152"), "1949", true): All options with value '1949' are selected in object 'Object Repository/COLLECTION PAGE _OR/Chevron_OR/Page_Ontario Cannabis Store  Ontari/select_Select20182017201620152'  using regular expression

2019-05-09 12:24:33 - [MESSAGE][PASSED] - All options with value '1949' are selected in object 'Object Repository/COLLECTION PAGE _OR/Chevron_OR/Page_Ontario Cannabis Store  Ontari/select_Select20182017201620152'  using regular expression

2019-05-09 12:24:33 - [TEST_STEP][PASSED] - click(findTestObject("COLLECTION PAGE _OR/Chevron_OR/Page_Ontario Cannabis Store  Ontari/button_Verify")): Object: 'Object Repository/COLLECTION PAGE _OR/Chevron_OR/Page_Ontario Cannabis Store  Ontari/button_Verify' is clicked on

2019-05-09 12:24:33 - [MESSAGE][PASSED] - Object: 'Object Repository/COLLECTION PAGE _OR/Chevron_OR/Page_Ontario Cannabis Store  Ontari/button_Verify' is clicked on

2019-05-09 12:24:33 - [TEST_STEP][PASSED] - click(findTestObject("COLLECTION PAGE _OR/Chevron_OR/Page_Ontario Cannabis Store  Ontari/span_CONFIRM AND ACKNOWLEDGE_c")): Object: 'Object Repository/COLLECTION PAGE _OR/Chevron_OR/Page_Ontario Cannabis Store  Ontari/span_CONFIRM AND ACKNOWLEDGE_c' is clicked on

2019-05-09 12:24:33 - [MESSAGE][PASSED] - Object: 'Object Repository/COLLECTION PAGE _OR/Chevron_OR/Page_Ontario Cannabis Store  Ontari/span_CONFIRM AND ACKNOWLEDGE_c' is clicked on

2019-05-09 12:24:33 - [TEST_STEP][PASSED] - click(findTestObject("COLLECTION PAGE _OR/Chevron_OR/Page_Ontario Cannabis Store  Ontari/button_CONFIRM")): Object: 'Object Repository/COLLECTION PAGE _OR/Chevron_OR/Page_Ontario Cannabis Store  Ontari/button_CONFIRM' is clicked on

2019-05-09 12:24:33 - [MESSAGE][PASSED] - Object: 'Object Repository/COLLECTION PAGE _OR/Chevron_OR/Page_Ontario Cannabis Store  Ontari/button_CONFIRM' is clicked on

2019-05-09 12:24:33 - [TEST_STEP][PASSED] - click(findTestObject("COLLECTION PAGE _OR/Chevron_OR/Page_Ontario Cannabis Store  Ontari/button_Start Browsing")): Object: 'Object Repository/COLLECTION PAGE _OR/Chevron_OR/Page_Ontario Cannabis Store  Ontari/button_Start Browsing' is clicked on

2019-05-09 12:24:34 - [MESSAGE][PASSED] - Object: 'Object Repository/COLLECTION PAGE _OR/Chevron_OR/Page_Ontario Cannabis Store  Ontari/button_Start Browsing' is clicked on

2019-05-09 12:24:34 - [TEST_STEP][PASSED] - delay(2): Delayed 2 second(s)

2019-05-09 12:24:36 - [MESSAGE][PASSED] - Delayed 2 second(s)

2019-05-09 12:24:36 - [TEST_STEP][NOT_RUN] - click(findTestObject("COLLECTION PAGE _OR/Chevron_OR/Page_Ontario Cannabis Store  Ontari/h3_Cannabis")): NOT_RUN: click(findTestObject("COLLECTION PAGE _OR/Chevron_OR/Page_Ontario Cannabis Store  Ontari/h3_Cannabis"))

2019-05-09 12:24:36 - [MESSAGE][NOT_RUN] - NOT_RUN: click(findTestObject("COLLECTION PAGE _OR/Chevron_OR/Page_Ontario Cannabis Store  Ontari/h3_Cannabis"))

2019-05-09 12:24:36 - [TEST_STEP][PASSED] - mouseOver(findTestObject("OCS_CRITICAL PATH/cart flyout- price/Page_Ontario Cannabis Store  Ontari/h3_Cannabis")): Object: 'Object Repository/OCS_CRITICAL PATH/cart flyout- price/Page_Ontario Cannabis Store  Ontari/h3_Cannabis' is hovered

2019-05-09 12:24:36 - [MESSAGE][PASSED] - Object: 'Object Repository/OCS_CRITICAL PATH/cart flyout- price/Page_Ontario Cannabis Store  Ontari/h3_Cannabis' is hovered

2019-05-09 12:24:36 - [TEST_STEP][PASSED] - delay(2): Delayed 2 second(s)

2019-05-09 12:24:38 - [MESSAGE][PASSED] - Delayed 2 second(s)

2019-05-09 12:24:38 - [TEST_STEP][PASSED] - click(findTestObject("COLLECTION PAGE _OR/Chevron_OR/Page_Ontario Cannabis Store  Ontari/span_Pre-Rolled")): Object: 'Object Repository/COLLECTION PAGE _OR/Chevron_OR/Page_Ontario Cannabis Store  Ontari/span_Pre-Rolled' is clicked on

2019-05-09 12:24:40 - [MESSAGE][PASSED] - Object: 'Object Repository/COLLECTION PAGE _OR/Chevron_OR/Page_Ontario Cannabis Store  Ontari/span_Pre-Rolled' is clicked on

2019-05-09 12:24:40 - [TEST_STEP][PASSED] - delay(2): Delayed 2 second(s)

2019-05-09 12:24:42 - [MESSAGE][PASSED] - Delayed 2 second(s)

2019-05-09 12:24:42 - [TEST_STEP][PASSED] - click(findTestObject("COLLECTION PAGE _OR/Chevron_OR/Page_Pre-Rolled  Ontario Cannabis S/i_Pre-Rolled_icon--forward")): Object: 'Object Repository/COLLECTION PAGE _OR/Chevron_OR/Page_Pre-Rolled  Ontario Cannabis S/i_Pre-Rolled_icon--forward' is clicked on

2019-05-09 12:24:42 - [MESSAGE][PASSED] - Object: 'Object Repository/COLLECTION PAGE _OR/Chevron_OR/Page_Pre-Rolled  Ontario Cannabis S/i_Pre-Rolled_icon--forward' is clicked on

2019-05-09 12:24:42 - [TEST_STEP][PASSED] - click(findTestObject("COLLECTION PAGE _OR/Chevron_OR/Page_Pre-Rolled  Ontario Cannabis S/a_Pre-Rolled")): Object: 'Object Repository/COLLECTION PAGE _OR/Chevron_OR/Page_Pre-Rolled  Ontario Cannabis S/a_Pre-Rolled' is clicked on

2019-05-09 12:24:43 - [MESSAGE][PASSED] - Object: 'Object Repository/COLLECTION PAGE _OR/Chevron_OR/Page_Pre-Rolled  Ontario Cannabis S/a_Pre-Rolled' is clicked on

2019-05-09 12:24:43 - [TEST_STEP][PASSED] - q = getWindowTitle(): Current window's title is: 'Pre-Rolled | Ontario Cannabis Store'

2019-05-09 12:24:43 - [MESSAGE][PASSED] - Current window's title is: 'Pre-Rolled | Ontario Cannabis Store'

2019-05-09 12:24:43 - [TEST_STEP][PASSED] - verifyMatch("", "", false): Actual text '' and expected text '' are matched 

2019-05-09 12:24:43 - [MESSAGE][PASSED] - Actual text '' and expected text '' are matched]]></system-out>
         <system-err><![CDATA[]]></system-err>
      </testcase>
      <testcase name="Test Cases/OCS-COLLECTION PAGE/Filter" classname="Test Cases/OCS-COLLECTION PAGE/Filter" status="FAILED">
         <failure type="FAILED" message="Test Cases/OCS-COLLECTION PAGE/Filter FAILED.
Reason:
com.kms.katalon.core.exception.StepFailedException: Unable to click on object 'Object Repository/COLLECTION PAGE _OR/Filter_OR/Page_Ontario Cannabis Store  Ontari/button_Verify' (Root cause: org.openqa.selenium.ElementClickInterceptedException: Element &lt;button class=&quot;btn btn--outline&quot; type=&quot;submit&quot;> is not clickable at point (625,675) because another element &lt;iframe id=&quot;preview-bar-iframe&quot; src=&quot;https://ocs.ca/preview_bar&quot;> obscures it
Build info: version: '3.7.1', revision: '8a0099a', time: '2017-11-06T21:07:36.161Z'
System info: host: 'sumans-MacBook-Pro.local', ip: 'fe80:0:0:0:10eb:5cc2:8353:8144%en0', os.name: 'Mac OS X', os.arch: 'x86_64', os.version: '10.13.6', java.version: '1.8.0_181'
Driver info: com.kms.katalon.core.webui.driver.firefox.CGeckoDriver
Capabilities {acceptInsecureCerts: true, browserName: firefox, browserVersion: 66.0.3, javascriptEnabled: true, moz:accessibilityChecks: false, moz:geckodriverVersion: 0.23.0, moz:headless: false, moz:processID: 2131, moz:profile: /var/folders/1t/c55l8xzs6gq..., moz:shutdownTimeout: 60000, moz:useNonSpecCompliantPointerOrigin: false, moz:webdriverClick: true, pageLoadStrategy: normal, platform: MAC, platformName: MAC, platformVersion: 17.7.0, proxy: Proxy(direct), rotatable: false, setWindowRect: true, strictFileInteractability: false, timeouts: {implicit: 0, pageLoad: 300000, script: 30000}, unhandledPromptBehavior: dismiss and notify}
Session ID: 334042f6-ce73-2b4d-b86a-6c4763346f4b)
	at com.kms.katalon.core.keyword.internal.KeywordMain.stepFailed(KeywordMain.groovy:36)
	at com.kms.katalon.core.webui.keyword.internal.WebUIKeywordMain.stepFailed(WebUIKeywordMain.groovy:65)
	at com.kms.katalon.core.webui.keyword.internal.WebUIKeywordMain.runKeyword(WebUIKeywordMain.groovy:27)
	at com.kms.katalon.core.webui.keyword.builtin.ClickKeyword.click(ClickKeyword.groovy:86)
	at com.kms.katalon.core.webui.keyword.builtin.ClickKeyword.execute(ClickKeyword.groovy:67)
	at com.kms.katalon.core.keyword.internal.KeywordExecutor.executeKeywordForPlatform(KeywordExecutor.groovy:53)
	at com.kms.katalon.core.webui.keyword.WebUiBuiltInKeywords.click(WebUiBuiltInKeywords.groovy:616)
	at com.kms.katalon.core.webui.keyword.WebUiBuiltInKeywords$click$1.call(Unknown Source)
	at Filter.run(Filter:31)
	at com.kms.katalon.core.main.ScriptEngine.run(ScriptEngine.java:194)
	at com.kms.katalon.core.main.ScriptEngine.runScriptAsRawText(ScriptEngine.java:119)
	at com.kms.katalon.core.main.TestCaseExecutor.runScript(TestCaseExecutor.java:328)
	at com.kms.katalon.core.main.TestCaseExecutor.doExecute(TestCaseExecutor.java:319)
	at com.kms.katalon.core.main.TestCaseExecutor.processExecutionPhase(TestCaseExecutor.java:298)
	at com.kms.katalon.core.main.TestCaseExecutor.accessMainPhase(TestCaseExecutor.java:290)
	at com.kms.katalon.core.main.TestCaseExecutor.execute(TestCaseExecutor.java:224)
	at com.kms.katalon.core.main.TestSuiteExecutor.accessTestCaseMainPhase(TestSuiteExecutor.java:129)
	at com.kms.katalon.core.main.TestSuiteExecutor.accessTestSuiteMainPhase(TestSuiteExecutor.java:112)
	at com.kms.katalon.core.main.TestSuiteExecutor.execute(TestSuiteExecutor.java:81)
	at com.kms.katalon.core.main.TestCaseMain.startTestSuite(TestCaseMain.java:149)
	at com.kms.katalon.core.main.TestCaseMain$startTestSuite$0.call(Unknown Source)
	at TempTestSuite1557419035213.run(TempTestSuite1557419035213.groovy:36)
"/>
         <system-out><![CDATA[2019-05-09 12:24:43 - [TEST_CASE][FAILED] - Test Cases/OCS-COLLECTION PAGE/Filter: Test Cases/OCS-COLLECTION PAGE/Filter FAILED.
Reason:
com.kms.katalon.core.exception.StepFailedException: Unable to click on object 'Object Repository/COLLECTION PAGE _OR/Filter_OR/Page_Ontario Cannabis Store  Ontari/button_Verify' (Root cause: org.openqa.selenium.ElementClickInterceptedException: Element <button class="btn btn--outline" type="submit"> is not clickable at point (625,675) because another element <iframe id="preview-bar-iframe" src="https://ocs.ca/preview_bar"> obscures it
Build info: version: '3.7.1', revision: '8a0099a', time: '2017-11-06T21:07:36.161Z'
System info: host: 'sumans-MacBook-Pro.local', ip: 'fe80:0:0:0:10eb:5cc2:8353:8144%en0', os.name: 'Mac OS X', os.arch: 'x86_64', os.version: '10.13.6', java.version: '1.8.0_181'
Driver info: com.kms.katalon.core.webui.driver.firefox.CGeckoDriver
Capabilities {acceptInsecureCerts: true, browserName: firefox, browserVersion: 66.0.3, javascriptEnabled: true, moz:accessibilityChecks: false, moz:geckodriverVersion: 0.23.0, moz:headless: false, moz:processID: 2131, moz:profile: /var/folders/1t/c55l8xzs6gq..., moz:shutdownTimeout: 60000, moz:useNonSpecCompliantPointerOrigin: false, moz:webdriverClick: true, pageLoadStrategy: normal, platform: MAC, platformName: MAC, platformVersion: 17.7.0, proxy: Proxy(direct), rotatable: false, setWindowRect: true, strictFileInteractability: false, timeouts: {implicit: 0, pageLoad: 300000, script: 30000}, unhandledPromptBehavior: dismiss and notify}
Session ID: 334042f6-ce73-2b4d-b86a-6c4763346f4b)
	at com.kms.katalon.core.keyword.internal.KeywordMain.stepFailed(KeywordMain.groovy:36)
	at com.kms.katalon.core.webui.keyword.internal.WebUIKeywordMain.stepFailed(WebUIKeywordMain.groovy:65)
	at com.kms.katalon.core.webui.keyword.internal.WebUIKeywordMain.runKeyword(WebUIKeywordMain.groovy:27)
	at com.kms.katalon.core.webui.keyword.builtin.ClickKeyword.click(ClickKeyword.groovy:86)
	at com.kms.katalon.core.webui.keyword.builtin.ClickKeyword.execute(ClickKeyword.groovy:67)
	at com.kms.katalon.core.keyword.internal.KeywordExecutor.executeKeywordForPlatform(KeywordExecutor.groovy:53)
	at com.kms.katalon.core.webui.keyword.WebUiBuiltInKeywords.click(WebUiBuiltInKeywords.groovy:616)
	at com.kms.katalon.core.webui.keyword.WebUiBuiltInKeywords$click$1.call(Unknown Source)
	at Filter.run(Filter:31)
	at com.kms.katalon.core.main.ScriptEngine.run(ScriptEngine.java:194)
	at com.kms.katalon.core.main.ScriptEngine.runScriptAsRawText(ScriptEngine.java:119)
	at com.kms.katalon.core.main.TestCaseExecutor.runScript(TestCaseExecutor.java:328)
	at com.kms.katalon.core.main.TestCaseExecutor.doExecute(TestCaseExecutor.java:319)
	at com.kms.katalon.core.main.TestCaseExecutor.processExecutionPhase(TestCaseExecutor.java:298)
	at com.kms.katalon.core.main.TestCaseExecutor.accessMainPhase(TestCaseExecutor.java:290)
	at com.kms.katalon.core.main.TestCaseExecutor.execute(TestCaseExecutor.java:224)
	at com.kms.katalon.core.main.TestSuiteExecutor.accessTestCaseMainPhase(TestSuiteExecutor.java:129)
	at com.kms.katalon.core.main.TestSuiteExecutor.accessTestSuiteMainPhase(TestSuiteExecutor.java:112)
	at com.kms.katalon.core.main.TestSuiteExecutor.execute(TestSuiteExecutor.java:81)
	at com.kms.katalon.core.main.TestCaseMain.startTestSuite(TestCaseMain.java:149)
	at com.kms.katalon.core.main.TestCaseMain$startTestSuite$0.call(Unknown Source)
	at TempTestSuite1557419035213.run(TempTestSuite1557419035213.groovy:36)


2019-05-09 12:24:43 - [TEST_STEP][PASSED] - openBrowser(""): Browser is opened with url: ''

2019-05-09 12:24:43 - [MESSAGE][WARNING] - A browser is already opened. Closing browser and opening a new one

2019-05-09 12:24:44 - [MESSAGE][INFO] - Starting 'Firefox' driver

2019-05-09 12:24:46 - [MESSAGE][PASSED] - Browser is opened with url: ''

2019-05-09 12:24:46 - [TEST_STEP][PASSED] - navigateToUrl("https://ocs.ca/?fts=0&preview_theme_id=53373863756"): Navigate to 'https://ocs.ca/?fts=0&preview_theme_id=53373863756' successfully

2019-05-09 12:24:49 - [MESSAGE][PASSED] - Navigate to 'https://ocs.ca/?fts=0&preview_theme_id=53373863756' successfully

2019-05-09 12:24:49 - [TEST_STEP][PASSED] - click(findTestObject("Object Repository/Theme_oR/Page_Ontario Cannabis Store  Ontari/button_Close preview")): Object: 'Object Repository/Theme_oR/Page_Ontario Cannabis Store  Ontari/button_Close preview' is clicked on

2019-05-09 12:24:49 - [MESSAGE][PASSED] - Object: 'Object Repository/Theme_oR/Page_Ontario Cannabis Store  Ontari/button_Close preview' is clicked on

2019-05-09 12:24:49 - [TEST_STEP][PASSED] - selectOptionByValue(findTestObject("Object Repository/COLLECTION PAGE _OR/Filter_OR/Page_Ontario Cannabis Store  Ontari/select_Select01020304050607080"), "17", true): All options with value '17' are selected in object 'Object Repository/COLLECTION PAGE _OR/Filter_OR/Page_Ontario Cannabis Store  Ontari/select_Select01020304050607080'  using regular expression

2019-05-09 12:24:50 - [MESSAGE][PASSED] - All options with value '17' are selected in object 'Object Repository/COLLECTION PAGE _OR/Filter_OR/Page_Ontario Cannabis Store  Ontari/select_Select01020304050607080'  using regular expression

2019-05-09 12:24:50 - [TEST_STEP][PASSED] - selectOptionByValue(findTestObject("Object Repository/COLLECTION PAGE _OR/Filter_OR/Page_Ontario Cannabis Store  Ontari/select_SelectJanuary - 01Febru"), "9", true): All options with value '9' are selected in object 'Object Repository/COLLECTION PAGE _OR/Filter_OR/Page_Ontario Cannabis Store  Ontari/select_SelectJanuary - 01Febru'  using regular expression

2019-05-09 12:24:51 - [MESSAGE][PASSED] - All options with value '9' are selected in object 'Object Repository/COLLECTION PAGE _OR/Filter_OR/Page_Ontario Cannabis Store  Ontari/select_SelectJanuary - 01Febru'  using regular expression

2019-05-09 12:24:51 - [TEST_STEP][PASSED] - selectOptionByValue(findTestObject("Object Repository/COLLECTION PAGE _OR/Filter_OR/Page_Ontario Cannabis Store  Ontari/select_Select20182017201620152"), "1949", true): All options with value '1949' are selected in object 'Object Repository/COLLECTION PAGE _OR/Filter_OR/Page_Ontario Cannabis Store  Ontari/select_Select20182017201620152'  using regular expression

2019-05-09 12:24:52 - [MESSAGE][PASSED] - All options with value '1949' are selected in object 'Object Repository/COLLECTION PAGE _OR/Filter_OR/Page_Ontario Cannabis Store  Ontari/select_Select20182017201620152'  using regular expression

2019-05-09 12:24:52 - [TEST_STEP][FAILED] - click(findTestObject("Object Repository/COLLECTION PAGE _OR/Filter_OR/Page_Ontario Cannabis Store  Ontari/button_Verify")): click(findTestObject("Object Repository/COLLECTION PAGE _OR/Filter_OR/Page_Ontario Cannabis Store  Ontari/button_Verify")) FAILED.
Reason:
com.kms.katalon.core.exception.StepFailedException: Unable to click on object 'Object Repository/COLLECTION PAGE _OR/Filter_OR/Page_Ontario Cannabis Store  Ontari/button_Verify' (Root cause: org.openqa.selenium.ElementClickInterceptedException: Element <button class="btn btn--outline" type="submit"> is not clickable at point (625,675) because another element <iframe id="preview-bar-iframe" src="https://ocs.ca/preview_bar"> obscures it
Build info: version: '3.7.1', revision: '8a0099a', time: '2017-11-06T21:07:36.161Z'
System info: host: 'sumans-MacBook-Pro.local', ip: 'fe80:0:0:0:10eb:5cc2:8353:8144%en0', os.name: 'Mac OS X', os.arch: 'x86_64', os.version: '10.13.6', java.version: '1.8.0_181'
Driver info: com.kms.katalon.core.webui.driver.firefox.CGeckoDriver
Capabilities {acceptInsecureCerts: true, browserName: firefox, browserVersion: 66.0.3, javascriptEnabled: true, moz:accessibilityChecks: false, moz:geckodriverVersion: 0.23.0, moz:headless: false, moz:processID: 2131, moz:profile: /var/folders/1t/c55l8xzs6gq..., moz:shutdownTimeout: 60000, moz:useNonSpecCompliantPointerOrigin: false, moz:webdriverClick: true, pageLoadStrategy: normal, platform: MAC, platformName: MAC, platformVersion: 17.7.0, proxy: Proxy(direct), rotatable: false, setWindowRect: true, strictFileInteractability: false, timeouts: {implicit: 0, pageLoad: 300000, script: 30000}, unhandledPromptBehavior: dismiss and notify}
Session ID: 334042f6-ce73-2b4d-b86a-6c4763346f4b)
	at com.kms.katalon.core.keyword.internal.KeywordMain.stepFailed(KeywordMain.groovy:36)
	at com.kms.katalon.core.webui.keyword.internal.WebUIKeywordMain.stepFailed(WebUIKeywordMain.groovy:65)
	at com.kms.katalon.core.webui.keyword.internal.WebUIKeywordMain.runKeyword(WebUIKeywordMain.groovy:27)
	at com.kms.katalon.core.webui.keyword.builtin.ClickKeyword.click(ClickKeyword.groovy:86)
	at com.kms.katalon.core.webui.keyword.builtin.ClickKeyword.execute(ClickKeyword.groovy:67)
	at com.kms.katalon.core.keyword.internal.KeywordExecutor.executeKeywordForPlatform(KeywordExecutor.groovy:53)
	at com.kms.katalon.core.webui.keyword.WebUiBuiltInKeywords.click(WebUiBuiltInKeywords.groovy:616)
	at com.kms.katalon.core.webui.keyword.WebUiBuiltInKeywords$click$1.call(Unknown Source)
	at Filter.run(Filter:31)
	at com.kms.katalon.core.main.ScriptEngine.run(ScriptEngine.java:194)
	at com.kms.katalon.core.main.ScriptEngine.runScriptAsRawText(ScriptEngine.java:119)
	at com.kms.katalon.core.main.TestCaseExecutor.runScript(TestCaseExecutor.java:328)
	at com.kms.katalon.core.main.TestCaseExecutor.doExecute(TestCaseExecutor.java:319)
	at com.kms.katalon.core.main.TestCaseExecutor.processExecutionPhase(TestCaseExecutor.java:298)
	at com.kms.katalon.core.main.TestCaseExecutor.accessMainPhase(TestCaseExecutor.java:290)
	at com.kms.katalon.core.main.TestCaseExecutor.execute(TestCaseExecutor.java:224)
	at com.kms.katalon.core.main.TestSuiteExecutor.accessTestCaseMainPhase(TestSuiteExecutor.java:129)
	at com.kms.katalon.core.main.TestSuiteExecutor.accessTestSuiteMainPhase(TestSuiteExecutor.java:112)
	at com.kms.katalon.core.main.TestSuiteExecutor.execute(TestSuiteExecutor.java:81)
	at com.kms.katalon.core.main.TestCaseMain.startTestSuite(TestCaseMain.java:149)
	at com.kms.katalon.core.main.TestCaseMain$startTestSuite$0.call(Unknown Source)
	at TempTestSuite1557419035213.run(TempTestSuite1557419035213.groovy:36)


2019-05-09 12:24:52 - [MESSAGE][FAILED] - Unable to click on object 'Object Repository/COLLECTION PAGE _OR/Filter_OR/Page_Ontario Cannabis Store  Ontari/button_Verify' (Root cause: org.openqa.selenium.ElementClickInterceptedException: Element <button class="btn btn--outline" type="submit"> is not clickable at point (625,675) because another element <iframe id="preview-bar-iframe" src="https://ocs.ca/preview_bar"> obscures it
Build info: version: '3.7.1', revision: '8a0099a', time: '2017-11-06T21:07:36.161Z'
System info: host: 'sumans-MacBook-Pro.local', ip: 'fe80:0:0:0:10eb:5cc2:8353:8144%en0', os.name: 'Mac OS X', os.arch: 'x86_64', os.version: '10.13.6', java.version: '1.8.0_181'
Driver info: com.kms.katalon.core.webui.driver.firefox.CGeckoDriver
Capabilities {acceptInsecureCerts: true, browserName: firefox, browserVersion: 66.0.3, javascriptEnabled: true, moz:accessibilityChecks: false, moz:geckodriverVersion: 0.23.0, moz:headless: false, moz:processID: 2131, moz:profile: /var/folders/1t/c55l8xzs6gq..., moz:shutdownTimeout: 60000, moz:useNonSpecCompliantPointerOrigin: false, moz:webdriverClick: true, pageLoadStrategy: normal, platform: MAC, platformName: MAC, platformVersion: 17.7.0, proxy: Proxy(direct), rotatable: false, setWindowRect: true, strictFileInteractability: false, timeouts: {implicit: 0, pageLoad: 300000, script: 30000}, unhandledPromptBehavior: dismiss and notify}
Session ID: 334042f6-ce73-2b4d-b86a-6c4763346f4b)
[[ATTACHMENT|/Users/sumankompelly/git/Sample-OCS/Reports/OCS-09-05-2019 - Theme2/COLLECTION PAGE-09-05-2019/20190509_122355/1557419092814.png]]

2019-05-09 12:24:52 - [MESSAGE][FAILED] - click(findTestObject("Object Repository/COLLECTION PAGE _OR/Filter_OR/Page_Ontario Cannabis Store  Ontari/button_Verify")) FAILED.
Reason:
com.kms.katalon.core.exception.StepFailedException: Unable to click on object 'Object Repository/COLLECTION PAGE _OR/Filter_OR/Page_Ontario Cannabis Store  Ontari/button_Verify' (Root cause: org.openqa.selenium.ElementClickInterceptedException: Element <button class="btn btn--outline" type="submit"> is not clickable at point (625,675) because another element <iframe id="preview-bar-iframe" src="https://ocs.ca/preview_bar"> obscures it
Build info: version: '3.7.1', revision: '8a0099a', time: '2017-11-06T21:07:36.161Z'
System info: host: 'sumans-MacBook-Pro.local', ip: 'fe80:0:0:0:10eb:5cc2:8353:8144%en0', os.name: 'Mac OS X', os.arch: 'x86_64', os.version: '10.13.6', java.version: '1.8.0_181'
Driver info: com.kms.katalon.core.webui.driver.firefox.CGeckoDriver
Capabilities {acceptInsecureCerts: true, browserName: firefox, browserVersion: 66.0.3, javascriptEnabled: true, moz:accessibilityChecks: false, moz:geckodriverVersion: 0.23.0, moz:headless: false, moz:processID: 2131, moz:profile: /var/folders/1t/c55l8xzs6gq..., moz:shutdownTimeout: 60000, moz:useNonSpecCompliantPointerOrigin: false, moz:webdriverClick: true, pageLoadStrategy: normal, platform: MAC, platformName: MAC, platformVersion: 17.7.0, proxy: Proxy(direct), rotatable: false, setWindowRect: true, strictFileInteractability: false, timeouts: {implicit: 0, pageLoad: 300000, script: 30000}, unhandledPromptBehavior: dismiss and notify}
Session ID: 334042f6-ce73-2b4d-b86a-6c4763346f4b)
	at com.kms.katalon.core.keyword.internal.KeywordMain.stepFailed(KeywordMain.groovy:36)
	at com.kms.katalon.core.webui.keyword.internal.WebUIKeywordMain.stepFailed(WebUIKeywordMain.groovy:65)
	at com.kms.katalon.core.webui.keyword.internal.WebUIKeywordMain.runKeyword(WebUIKeywordMain.groovy:27)
	at com.kms.katalon.core.webui.keyword.builtin.ClickKeyword.click(ClickKeyword.groovy:86)
	at com.kms.katalon.core.webui.keyword.builtin.ClickKeyword.execute(ClickKeyword.groovy:67)
	at com.kms.katalon.core.keyword.internal.KeywordExecutor.executeKeywordForPlatform(KeywordExecutor.groovy:53)
	at com.kms.katalon.core.webui.keyword.WebUiBuiltInKeywords.click(WebUiBuiltInKeywords.groovy:616)
	at com.kms.katalon.core.webui.keyword.WebUiBuiltInKeywords$click$1.call(Unknown Source)
	at Filter.run(Filter:31)
	at com.kms.katalon.core.main.ScriptEngine.run(ScriptEngine.java:194)
	at com.kms.katalon.core.main.ScriptEngine.runScriptAsRawText(ScriptEngine.java:119)
	at com.kms.katalon.core.main.TestCaseExecutor.runScript(TestCaseExecutor.java:328)
	at com.kms.katalon.core.main.TestCaseExecutor.doExecute(TestCaseExecutor.java:319)
	at com.kms.katalon.core.main.TestCaseExecutor.processExecutionPhase(TestCaseExecutor.java:298)
	at com.kms.katalon.core.main.TestCaseExecutor.accessMainPhase(TestCaseExecutor.java:290)
	at com.kms.katalon.core.main.TestCaseExecutor.execute(TestCaseExecutor.java:224)
	at com.kms.katalon.core.main.TestSuiteExecutor.accessTestCaseMainPhase(TestSuiteExecutor.java:129)
	at com.kms.katalon.core.main.TestSuiteExecutor.accessTestSuiteMainPhase(TestSuiteExecutor.java:112)
	at com.kms.katalon.core.main.TestSuiteExecutor.execute(TestSuiteExecutor.java:81)
	at com.kms.katalon.core.main.TestCaseMain.startTestSuite(TestCaseMain.java:149)
	at com.kms.katalon.core.main.TestCaseMain$startTestSuite$0.call(Unknown Source)
	at TempTestSuite1557419035213.run(TempTestSuite1557419035213.groovy:36)]]></system-out>
         <system-err><![CDATA[2019-05-09 12:24:43 - [TEST_CASE][FAILED] - Test Cases/OCS-COLLECTION PAGE/Filter: Test Cases/OCS-COLLECTION PAGE/Filter FAILED.
Reason:
com.kms.katalon.core.exception.StepFailedException: Unable to click on object 'Object Repository/COLLECTION PAGE _OR/Filter_OR/Page_Ontario Cannabis Store  Ontari/button_Verify' (Root cause: org.openqa.selenium.ElementClickInterceptedException: Element <button class="btn btn--outline" type="submit"> is not clickable at point (625,675) because another element <iframe id="preview-bar-iframe" src="https://ocs.ca/preview_bar"> obscures it
Build info: version: '3.7.1', revision: '8a0099a', time: '2017-11-06T21:07:36.161Z'
System info: host: 'sumans-MacBook-Pro.local', ip: 'fe80:0:0:0:10eb:5cc2:8353:8144%en0', os.name: 'Mac OS X', os.arch: 'x86_64', os.version: '10.13.6', java.version: '1.8.0_181'
Driver info: com.kms.katalon.core.webui.driver.firefox.CGeckoDriver
Capabilities {acceptInsecureCerts: true, browserName: firefox, browserVersion: 66.0.3, javascriptEnabled: true, moz:accessibilityChecks: false, moz:geckodriverVersion: 0.23.0, moz:headless: false, moz:processID: 2131, moz:profile: /var/folders/1t/c55l8xzs6gq..., moz:shutdownTimeout: 60000, moz:useNonSpecCompliantPointerOrigin: false, moz:webdriverClick: true, pageLoadStrategy: normal, platform: MAC, platformName: MAC, platformVersion: 17.7.0, proxy: Proxy(direct), rotatable: false, setWindowRect: true, strictFileInteractability: false, timeouts: {implicit: 0, pageLoad: 300000, script: 30000}, unhandledPromptBehavior: dismiss and notify}
Session ID: 334042f6-ce73-2b4d-b86a-6c4763346f4b)
	at com.kms.katalon.core.keyword.internal.KeywordMain.stepFailed(KeywordMain.groovy:36)
	at com.kms.katalon.core.webui.keyword.internal.WebUIKeywordMain.stepFailed(WebUIKeywordMain.groovy:65)
	at com.kms.katalon.core.webui.keyword.internal.WebUIKeywordMain.runKeyword(WebUIKeywordMain.groovy:27)
	at com.kms.katalon.core.webui.keyword.builtin.ClickKeyword.click(ClickKeyword.groovy:86)
	at com.kms.katalon.core.webui.keyword.builtin.ClickKeyword.execute(ClickKeyword.groovy:67)
	at com.kms.katalon.core.keyword.internal.KeywordExecutor.executeKeywordForPlatform(KeywordExecutor.groovy:53)
	at com.kms.katalon.core.webui.keyword.WebUiBuiltInKeywords.click(WebUiBuiltInKeywords.groovy:616)
	at com.kms.katalon.core.webui.keyword.WebUiBuiltInKeywords$click$1.call(Unknown Source)
	at Filter.run(Filter:31)
	at com.kms.katalon.core.main.ScriptEngine.run(ScriptEngine.java:194)
	at com.kms.katalon.core.main.ScriptEngine.runScriptAsRawText(ScriptEngine.java:119)
	at com.kms.katalon.core.main.TestCaseExecutor.runScript(TestCaseExecutor.java:328)
	at com.kms.katalon.core.main.TestCaseExecutor.doExecute(TestCaseExecutor.java:319)
	at com.kms.katalon.core.main.TestCaseExecutor.processExecutionPhase(TestCaseExecutor.java:298)
	at com.kms.katalon.core.main.TestCaseExecutor.accessMainPhase(TestCaseExecutor.java:290)
	at com.kms.katalon.core.main.TestCaseExecutor.execute(TestCaseExecutor.java:224)
	at com.kms.katalon.core.main.TestSuiteExecutor.accessTestCaseMainPhase(TestSuiteExecutor.java:129)
	at com.kms.katalon.core.main.TestSuiteExecutor.accessTestSuiteMainPhase(TestSuiteExecutor.java:112)
	at com.kms.katalon.core.main.TestSuiteExecutor.execute(TestSuiteExecutor.java:81)
	at com.kms.katalon.core.main.TestCaseMain.startTestSuite(TestCaseMain.java:149)
	at com.kms.katalon.core.main.TestCaseMain$startTestSuite$0.call(Unknown Source)
	at TempTestSuite1557419035213.run(TempTestSuite1557419035213.groovy:36)]]></system-err>
      </testcase>
      <testcase name="Test Cases/OCS-COLLECTION PAGE/Pagination" classname="Test Cases/OCS-COLLECTION PAGE/Pagination" status="PASSED">
         <system-out><![CDATA[2019-05-09 12:24:52 - [TEST_CASE][PASSED] - Test Cases/OCS-COLLECTION PAGE/Pagination: Test Cases/OCS-COLLECTION PAGE/Pagination

2019-05-09 12:24:53 - [TEST_STEP][PASSED] - openBrowser(""): Browser is opened with url: ''

2019-05-09 12:24:53 - [MESSAGE][WARNING] - A browser is already opened. Closing browser and opening a new one

2019-05-09 12:24:53 - [MESSAGE][INFO] - Starting 'Firefox' driver

2019-05-09 12:24:55 - [MESSAGE][PASSED] - Browser is opened with url: ''

2019-05-09 12:24:55 - [TEST_STEP][PASSED] - maximizeWindow(): Current window maximized

2019-05-09 12:24:56 - [MESSAGE][PASSED] - Current window maximized

2019-05-09 12:24:56 - [TEST_STEP][PASSED] - navigateToUrl("https://ocs.ca/?fts=0&preview_theme_id=53373863756"): Navigate to 'https://ocs.ca/?fts=0&preview_theme_id=53373863756' successfully

2019-05-09 12:25:04 - [MESSAGE][PASSED] - Navigate to 'https://ocs.ca/?fts=0&preview_theme_id=53373863756' successfully

2019-05-09 12:25:04 - [TEST_STEP][PASSED] - click(findTestObject("Object Repository/Theme_oR/Page_Ontario Cannabis Store  Ontari/button_Close preview")): Object: 'Object Repository/Theme_oR/Page_Ontario Cannabis Store  Ontari/button_Close preview' is clicked on

2019-05-09 12:25:05 - [MESSAGE][PASSED] - Object: 'Object Repository/Theme_oR/Page_Ontario Cannabis Store  Ontari/button_Close preview' is clicked on

2019-05-09 12:25:05 - [TEST_STEP][PASSED] - selectOptionByValue(findTestObject("COLLECTION PAGE _OR/Pagination_OR/Page_Ontario Cannabis Store  Ontari/select_Select01020304050607080"), "18", true): All options with value '18' are selected in object 'Object Repository/COLLECTION PAGE _OR/Pagination_OR/Page_Ontario Cannabis Store  Ontari/select_Select01020304050607080'  using regular expression

2019-05-09 12:25:07 - [MESSAGE][PASSED] - All options with value '18' are selected in object 'Object Repository/COLLECTION PAGE _OR/Pagination_OR/Page_Ontario Cannabis Store  Ontari/select_Select01020304050607080'  using regular expression

2019-05-09 12:25:07 - [TEST_STEP][PASSED] - selectOptionByValue(findTestObject("COLLECTION PAGE _OR/Pagination_OR/Page_Ontario Cannabis Store  Ontari/select_SelectJanuary - 01Febru"), "9", true): All options with value '9' are selected in object 'Object Repository/COLLECTION PAGE _OR/Pagination_OR/Page_Ontario Cannabis Store  Ontari/select_SelectJanuary - 01Febru'  using regular expression

2019-05-09 12:25:07 - [MESSAGE][PASSED] - All options with value '9' are selected in object 'Object Repository/COLLECTION PAGE _OR/Pagination_OR/Page_Ontario Cannabis Store  Ontari/select_SelectJanuary - 01Febru'  using regular expression

2019-05-09 12:25:07 - [TEST_STEP][PASSED] - selectOptionByValue(findTestObject("COLLECTION PAGE _OR/Pagination_OR/Page_Ontario Cannabis Store  Ontari/select_Select20182017201620152"), "1956", true): All options with value '1956' are selected in object 'Object Repository/COLLECTION PAGE _OR/Pagination_OR/Page_Ontario Cannabis Store  Ontari/select_Select20182017201620152'  using regular expression

2019-05-09 12:25:09 - [MESSAGE][PASSED] - All options with value '1956' are selected in object 'Object Repository/COLLECTION PAGE _OR/Pagination_OR/Page_Ontario Cannabis Store  Ontari/select_Select20182017201620152'  using regular expression

2019-05-09 12:25:09 - [TEST_STEP][PASSED] - click(findTestObject("COLLECTION PAGE _OR/Pagination_OR/Page_Ontario Cannabis Store  Ontari/button_Verify")): Object: 'Object Repository/COLLECTION PAGE _OR/Pagination_OR/Page_Ontario Cannabis Store  Ontari/button_Verify' is clicked on

2019-05-09 12:25:09 - [MESSAGE][PASSED] - Object: 'Object Repository/COLLECTION PAGE _OR/Pagination_OR/Page_Ontario Cannabis Store  Ontari/button_Verify' is clicked on

2019-05-09 12:25:09 - [TEST_STEP][PASSED] - click(findTestObject("COLLECTION PAGE _OR/Pagination_OR/Page_Ontario Cannabis Store  Ontari/span_CONFIRM AND ACKNOWLEDGE_c")): Object: 'Object Repository/COLLECTION PAGE _OR/Pagination_OR/Page_Ontario Cannabis Store  Ontari/span_CONFIRM AND ACKNOWLEDGE_c' is clicked on

2019-05-09 12:25:09 - [MESSAGE][PASSED] - Object: 'Object Repository/COLLECTION PAGE _OR/Pagination_OR/Page_Ontario Cannabis Store  Ontari/span_CONFIRM AND ACKNOWLEDGE_c' is clicked on

2019-05-09 12:25:09 - [TEST_STEP][PASSED] - click(findTestObject("COLLECTION PAGE _OR/Pagination_OR/Page_Ontario Cannabis Store  Ontari/button_CONFIRM")): Object: 'Object Repository/COLLECTION PAGE _OR/Pagination_OR/Page_Ontario Cannabis Store  Ontari/button_CONFIRM' is clicked on

2019-05-09 12:25:10 - [MESSAGE][PASSED] - Object: 'Object Repository/COLLECTION PAGE _OR/Pagination_OR/Page_Ontario Cannabis Store  Ontari/button_CONFIRM' is clicked on

2019-05-09 12:25:10 - [TEST_STEP][PASSED] - click(findTestObject("COLLECTION PAGE _OR/Pagination_OR/Page_Ontario Cannabis Store  Ontari/button_Start Browsing")): Object: 'Object Repository/COLLECTION PAGE _OR/Pagination_OR/Page_Ontario Cannabis Store  Ontari/button_Start Browsing' is clicked on

2019-05-09 12:25:10 - [MESSAGE][PASSED] - Object: 'Object Repository/COLLECTION PAGE _OR/Pagination_OR/Page_Ontario Cannabis Store  Ontari/button_Start Browsing' is clicked on

2019-05-09 12:25:10 - [TEST_STEP][NOT_RUN] - click(findTestObject("COLLECTION PAGE _OR/Pagination_OR/Page_Ontario Cannabis Store  Ontari/h3_Cannabis")): NOT_RUN: click(findTestObject("COLLECTION PAGE _OR/Pagination_OR/Page_Ontario Cannabis Store  Ontari/h3_Cannabis"))

2019-05-09 12:25:10 - [MESSAGE][NOT_RUN] - NOT_RUN: click(findTestObject("COLLECTION PAGE _OR/Pagination_OR/Page_Ontario Cannabis Store  Ontari/h3_Cannabis"))

2019-05-09 12:25:10 - [TEST_STEP][PASSED] - mouseOver(findTestObject("OCS_CRITICAL PATH/cart flyout- price/Page_Ontario Cannabis Store  Ontari/h3_Cannabis")): Object: 'Object Repository/OCS_CRITICAL PATH/cart flyout- price/Page_Ontario Cannabis Store  Ontari/h3_Cannabis' is hovered

2019-05-09 12:25:10 - [MESSAGE][PASSED] - Object: 'Object Repository/OCS_CRITICAL PATH/cart flyout- price/Page_Ontario Cannabis Store  Ontari/h3_Cannabis' is hovered

2019-05-09 12:25:10 - [TEST_STEP][PASSED] - delay(2): Delayed 2 second(s)

2019-05-09 12:25:12 - [MESSAGE][PASSED] - Delayed 2 second(s)

2019-05-09 12:25:12 - [TEST_STEP][PASSED] - click(findTestObject("COLLECTION PAGE _OR/Pagination_OR/Page_Ontario Cannabis Store  Ontari/span_Pre-Rolled")): Object: 'Object Repository/COLLECTION PAGE _OR/Pagination_OR/Page_Ontario Cannabis Store  Ontari/span_Pre-Rolled' is clicked on

2019-05-09 12:25:15 - [MESSAGE][PASSED] - Object: 'Object Repository/COLLECTION PAGE _OR/Pagination_OR/Page_Ontario Cannabis Store  Ontari/span_Pre-Rolled' is clicked on

2019-05-09 12:25:15 - [TEST_STEP][PASSED] - delay(2): Delayed 2 second(s)

2019-05-09 12:25:17 - [MESSAGE][PASSED] - Delayed 2 second(s)

2019-05-09 12:25:17 - [TEST_STEP][PASSED] - click(findTestObject("COLLECTION PAGE _OR/Pagination_OR/Page_Pre-Rolled  Ontario Cannabis S/a_2")): Object: 'Object Repository/COLLECTION PAGE _OR/Pagination_OR/Page_Pre-Rolled  Ontario Cannabis S/a_2' is clicked on

2019-05-09 12:25:17 - [MESSAGE][PASSED] - Object: 'Object Repository/COLLECTION PAGE _OR/Pagination_OR/Page_Pre-Rolled  Ontario Cannabis S/a_2' is clicked on

2019-05-09 12:25:17 - [TEST_STEP][PASSED] - delay(2): Delayed 2 second(s)

2019-05-09 12:25:19 - [MESSAGE][PASSED] - Delayed 2 second(s)

2019-05-09 12:25:19 - [TEST_STEP][PASSED] - scrollToPosition(570, 49): Browser is scrolled to position x = 570, y = 49

2019-05-09 12:25:19 - [MESSAGE][PASSED] - Browser is scrolled to position x = 570, y = 49

2019-05-09 12:25:19 - [TEST_STEP][PASSED] - click(findTestObject("COLLECTION PAGE _OR/Pagination_OR/Page_Pre-Rolled  Ontario Cannabis S/a_3"), STOP_ON_FAILURE): Object: 'Object Repository/COLLECTION PAGE _OR/Pagination_OR/Page_Pre-Rolled  Ontario Cannabis S/a_3' is clicked on

2019-05-09 12:25:19 - [MESSAGE][PASSED] - Object: 'Object Repository/COLLECTION PAGE _OR/Pagination_OR/Page_Pre-Rolled  Ontario Cannabis S/a_3' is clicked on

2019-05-09 12:25:19 - [TEST_STEP][PASSED] - delay(2): Delayed 2 second(s)

2019-05-09 12:25:21 - [MESSAGE][PASSED] - Delayed 2 second(s)

2019-05-09 12:25:21 - [TEST_STEP][PASSED] - scrollToPosition(570, 49): Browser is scrolled to position x = 570, y = 49

2019-05-09 12:25:21 - [MESSAGE][PASSED] - Browser is scrolled to position x = 570, y = 49

2019-05-09 12:25:21 - [TEST_STEP][PASSED] - delay(2): Delayed 2 second(s)

2019-05-09 12:25:23 - [MESSAGE][PASSED] - Delayed 2 second(s)

2019-05-09 12:25:23 - [TEST_STEP][PASSED] - click(findTestObject("COLLECTION PAGE _OR/Pagination_OR/Page_Pre-Rolled  Ontario Cannabis S/a_Previous")): Object: 'Object Repository/COLLECTION PAGE _OR/Pagination_OR/Page_Pre-Rolled  Ontario Cannabis S/a_Previous' is clicked on

2019-05-09 12:25:24 - [MESSAGE][PASSED] - Object: 'Object Repository/COLLECTION PAGE _OR/Pagination_OR/Page_Pre-Rolled  Ontario Cannabis S/a_Previous' is clicked on

2019-05-09 12:25:24 - [TEST_STEP][PASSED] - delay(2): Delayed 2 second(s)

2019-05-09 12:25:26 - [MESSAGE][PASSED] - Delayed 2 second(s)

2019-05-09 12:25:26 - [TEST_STEP][PASSED] - scrollToPosition(570, 49): Browser is scrolled to position x = 570, y = 49

2019-05-09 12:25:26 - [MESSAGE][PASSED] - Browser is scrolled to position x = 570, y = 49

2019-05-09 12:25:26 - [TEST_STEP][PASSED] - click(findTestObject("COLLECTION PAGE _OR/Pagination_OR/Page_Pre-Rolled  Ontario Cannabis S/a_Next")): Object: 'Object Repository/COLLECTION PAGE _OR/Pagination_OR/Page_Pre-Rolled  Ontario Cannabis S/a_Next' is clicked on

2019-05-09 12:25:26 - [MESSAGE][PASSED] - Object: 'Object Repository/COLLECTION PAGE _OR/Pagination_OR/Page_Pre-Rolled  Ontario Cannabis S/a_Next' is clicked on

2019-05-09 12:25:26 - [TEST_STEP][PASSED] - delay(2): Delayed 2 second(s)

2019-05-09 12:25:28 - [MESSAGE][PASSED] - Delayed 2 second(s)

2019-05-09 12:25:28 - [TEST_STEP][PASSED] - click(findTestObject("COLLECTION PAGE _OR/Pagination_OR/Page_Pre-Rolled  Ontario Cannabis S/a_What to consider")): Object: 'Object Repository/COLLECTION PAGE _OR/Pagination_OR/Page_Pre-Rolled  Ontario Cannabis S/a_What to consider' is clicked on

2019-05-09 12:25:32 - [MESSAGE][PASSED] - Object: 'Object Repository/COLLECTION PAGE _OR/Pagination_OR/Page_Pre-Rolled  Ontario Cannabis S/a_What to consider' is clicked on

2019-05-09 12:25:32 - [TEST_STEP][PASSED] - back(): Navigate back successfully

2019-05-09 12:25:34 - [MESSAGE][PASSED] - Navigate back successfully

2019-05-09 12:25:34 - [TEST_STEP][PASSED] - delay(4): Delayed 4 second(s)

2019-05-09 12:25:38 - [MESSAGE][PASSED] - Delayed 4 second(s)

2019-05-09 12:25:38 - [TEST_STEP][PASSED] - click(findTestObject("COLLECTION PAGE _OR/Pagination_OR/pagination_OR/Page_Pre-Rolled  Ontario Cannabis S/a_Previous")): Object: 'Object Repository/COLLECTION PAGE _OR/Pagination_OR/pagination_OR/Page_Pre-Rolled  Ontario Cannabis S/a_Previous' is clicked on

2019-05-09 12:25:38 - [MESSAGE][PASSED] - Object: 'Object Repository/COLLECTION PAGE _OR/Pagination_OR/pagination_OR/Page_Pre-Rolled  Ontario Cannabis S/a_Previous' is clicked on

2019-05-09 12:25:38 - [TEST_STEP][PASSED] - delay(2): Delayed 2 second(s)

2019-05-09 12:25:40 - [MESSAGE][PASSED] - Delayed 2 second(s)

2019-05-09 12:25:40 - [TEST_STEP][PASSED] - delay(2): Delayed 2 second(s)

2019-05-09 12:25:42 - [MESSAGE][PASSED] - Delayed 2 second(s)

2019-05-09 12:25:42 - [TEST_STEP][PASSED] - click(findTestObject("COLLECTION PAGE _OR/Pagination_OR/pagination_OR/Page_Pre-Rolled  Ontario Cannabis S/span_1")): Object: 'Object Repository/COLLECTION PAGE _OR/Pagination_OR/pagination_OR/Page_Pre-Rolled  Ontario Cannabis S/span_1' is clicked on

2019-05-09 12:25:43 - [MESSAGE][PASSED] - Object: 'Object Repository/COLLECTION PAGE _OR/Pagination_OR/pagination_OR/Page_Pre-Rolled  Ontario Cannabis S/span_1' is clicked on

2019-05-09 12:25:43 - [TEST_STEP][PASSED] - delay(2): Delayed 2 second(s)

2019-05-09 12:25:45 - [MESSAGE][PASSED] - Delayed 2 second(s)

2019-05-09 12:25:45 - [TEST_STEP][PASSED] - click(findTestObject("COLLECTION PAGE _OR/Pagination_OR/pagination_OR/Page_Pre-Rolled  Ontario Cannabis S/span_3")): Object: 'Object Repository/COLLECTION PAGE _OR/Pagination_OR/pagination_OR/Page_Pre-Rolled  Ontario Cannabis S/span_3' is clicked on

2019-05-09 12:25:45 - [MESSAGE][PASSED] - Object: 'Object Repository/COLLECTION PAGE _OR/Pagination_OR/pagination_OR/Page_Pre-Rolled  Ontario Cannabis S/span_3' is clicked on

2019-05-09 12:25:45 - [TEST_STEP][PASSED] - scrollToPosition(570, 40): Browser is scrolled to position x = 570, y = 40

2019-05-09 12:25:45 - [MESSAGE][PASSED] - Browser is scrolled to position x = 570, y = 40

2019-05-09 12:25:45 - [TEST_STEP][PASSED] - delay(2): Delayed 2 second(s)

2019-05-09 12:25:47 - [MESSAGE][PASSED] - Delayed 2 second(s)

2019-05-09 12:25:47 - [TEST_STEP][PASSED] - click(findTestObject("COLLECTION PAGE _OR/Pagination_OR/pagination_OR/Page_Pre-Rolled  Ontario Cannabis S/a_4")): Object: 'Object Repository/COLLECTION PAGE _OR/Pagination_OR/pagination_OR/Page_Pre-Rolled  Ontario Cannabis S/a_4' is clicked on

2019-05-09 12:25:47 - [MESSAGE][PASSED] - Object: 'Object Repository/COLLECTION PAGE _OR/Pagination_OR/pagination_OR/Page_Pre-Rolled  Ontario Cannabis S/a_4' is clicked on

2019-05-09 12:25:47 - [TEST_STEP][PASSED] - scrollToPosition(570, 40): Browser is scrolled to position x = 570, y = 40

2019-05-09 12:25:47 - [MESSAGE][PASSED] - Browser is scrolled to position x = 570, y = 40

2019-05-09 12:25:47 - [TEST_STEP][PASSED] - delay(2): Delayed 2 second(s)

2019-05-09 12:25:49 - [MESSAGE][PASSED] - Delayed 2 second(s)

2019-05-09 12:25:49 - [TEST_STEP][NOT_RUN] - click(findTestObject("COLLECTION PAGE _OR/Pagination_OR/pagination_OR/Page_Pre-Rolled  Ontario Cannabis S/a_Previous")): NOT_RUN: click(findTestObject("COLLECTION PAGE _OR/Pagination_OR/pagination_OR/Page_Pre-Rolled  Ontario Cannabis S/a_Previous"))

2019-05-09 12:25:49 - [MESSAGE][NOT_RUN] - NOT_RUN: click(findTestObject("COLLECTION PAGE _OR/Pagination_OR/pagination_OR/Page_Pre-Rolled  Ontario Cannabis S/a_Previous"))

2019-05-09 12:25:49 - [TEST_STEP][NOT_RUN] - scrollToPosition(570, 40): NOT_RUN: scrollToPosition(570, 40)

2019-05-09 12:25:49 - [MESSAGE][NOT_RUN] - NOT_RUN: scrollToPosition(570, 40)

2019-05-09 12:25:49 - [TEST_STEP][NOT_RUN] - delay(2): NOT_RUN: delay(2)

2019-05-09 12:25:49 - [MESSAGE][NOT_RUN] - NOT_RUN: delay(2)

2019-05-09 12:25:49 - [TEST_STEP][NOT_RUN] - scrollToPosition(570, 40): NOT_RUN: scrollToPosition(570, 40)

2019-05-09 12:25:49 - [MESSAGE][NOT_RUN] - NOT_RUN: scrollToPosition(570, 40)

2019-05-09 12:25:49 - [TEST_STEP][NOT_RUN] - delay(2): NOT_RUN: delay(2)

2019-05-09 12:25:49 - [MESSAGE][NOT_RUN] - NOT_RUN: delay(2)

2019-05-09 12:25:49 - [TEST_STEP][NOT_RUN] - click(findTestObject("COLLECTION PAGE _OR/Pagination_OR/pagination_OR/Page_Pre-Rolled  Ontario Cannabis S/a_Next")): NOT_RUN: click(findTestObject("COLLECTION PAGE _OR/Pagination_OR/pagination_OR/Page_Pre-Rolled  Ontario Cannabis S/a_Next"))

2019-05-09 12:25:49 - [MESSAGE][NOT_RUN] - NOT_RUN: click(findTestObject("COLLECTION PAGE _OR/Pagination_OR/pagination_OR/Page_Pre-Rolled  Ontario Cannabis S/a_Next"))]]></system-out>
         <system-err><![CDATA[]]></system-err>
      </testcase>
      <testcase name="Test Cases/OCS-COLLECTION PAGE/Sort1" classname="Test Cases/OCS-COLLECTION PAGE/Sort1" status="FAILED">
         <failure type="FAILED" message="Test Cases/OCS-COLLECTION PAGE/Sort1 FAILED.
Reason:
com.kms.katalon.core.exception.StepFailedException: Unable to click on object 'Object Repository/SORT_OR/Page_Pre-Rolled  Ontario Cannabis S/i_Pre-Rolled_icon--sort_1' (Root cause: org.openqa.selenium.ElementClickInterceptedException: Element &lt;i class=&quot;icon--sort&quot;> is not clickable at point (1284,32) because another element &lt;div class=&quot;gram-widget&quot;> obscures it
Build info: version: '3.7.1', revision: '8a0099a', time: '2017-11-06T21:07:36.161Z'
System info: host: 'sumans-MacBook-Pro.local', ip: 'fe80:0:0:0:10eb:5cc2:8353:8144%en0', os.name: 'Mac OS X', os.arch: 'x86_64', os.version: '10.13.6', java.version: '1.8.0_181'
Driver info: com.kms.katalon.core.webui.driver.firefox.CGeckoDriver
Capabilities {acceptInsecureCerts: true, browserName: firefox, browserVersion: 66.0.3, javascriptEnabled: true, moz:accessibilityChecks: false, moz:geckodriverVersion: 0.23.0, moz:headless: false, moz:processID: 2144, moz:profile: /var/folders/1t/c55l8xzs6gq..., moz:shutdownTimeout: 60000, moz:useNonSpecCompliantPointerOrigin: false, moz:webdriverClick: true, pageLoadStrategy: normal, platform: MAC, platformName: MAC, platformVersion: 17.7.0, proxy: Proxy(direct), rotatable: false, setWindowRect: true, strictFileInteractability: false, timeouts: {implicit: 0, pageLoad: 300000, script: 30000}, unhandledPromptBehavior: dismiss and notify}
Session ID: 406e6e9d-4b2e-b840-912e-7deeff5edf35)
	at com.kms.katalon.core.keyword.internal.KeywordMain.stepFailed(KeywordMain.groovy:36)
	at com.kms.katalon.core.webui.keyword.internal.WebUIKeywordMain.stepFailed(WebUIKeywordMain.groovy:65)
	at com.kms.katalon.core.webui.keyword.internal.WebUIKeywordMain.runKeyword(WebUIKeywordMain.groovy:27)
	at com.kms.katalon.core.webui.keyword.builtin.ClickKeyword.click(ClickKeyword.groovy:86)
	at com.kms.katalon.core.webui.keyword.builtin.ClickKeyword.execute(ClickKeyword.groovy:67)
	at com.kms.katalon.core.keyword.internal.KeywordExecutor.executeKeywordForPlatform(KeywordExecutor.groovy:53)
	at com.kms.katalon.core.webui.keyword.WebUiBuiltInKeywords.click(WebUiBuiltInKeywords.groovy:616)
	at com.kms.katalon.core.webui.keyword.WebUiBuiltInKeywords$click$1.call(Unknown Source)
	at Sort1.run(Sort1:74)
	at com.kms.katalon.core.main.ScriptEngine.run(ScriptEngine.java:194)
	at com.kms.katalon.core.main.ScriptEngine.runScriptAsRawText(ScriptEngine.java:119)
	at com.kms.katalon.core.main.TestCaseExecutor.runScript(TestCaseExecutor.java:328)
	at com.kms.katalon.core.main.TestCaseExecutor.doExecute(TestCaseExecutor.java:319)
	at com.kms.katalon.core.main.TestCaseExecutor.processExecutionPhase(TestCaseExecutor.java:298)
	at com.kms.katalon.core.main.TestCaseExecutor.accessMainPhase(TestCaseExecutor.java:290)
	at com.kms.katalon.core.main.TestCaseExecutor.execute(TestCaseExecutor.java:224)
	at com.kms.katalon.core.main.TestSuiteExecutor.accessTestCaseMainPhase(TestSuiteExecutor.java:129)
	at com.kms.katalon.core.main.TestSuiteExecutor.accessTestSuiteMainPhase(TestSuiteExecutor.java:112)
	at com.kms.katalon.core.main.TestSuiteExecutor.execute(TestSuiteExecutor.java:81)
	at com.kms.katalon.core.main.TestCaseMain.startTestSuite(TestCaseMain.java:149)
	at com.kms.katalon.core.main.TestCaseMain$startTestSuite$0.call(Unknown Source)
	at TempTestSuite1557419035213.run(TempTestSuite1557419035213.groovy:36)
"/>
         <system-out><![CDATA[2019-05-09 12:25:49 - [TEST_CASE][FAILED] - Test Cases/OCS-COLLECTION PAGE/Sort1: Test Cases/OCS-COLLECTION PAGE/Sort1 FAILED.
Reason:
com.kms.katalon.core.exception.StepFailedException: Unable to click on object 'Object Repository/SORT_OR/Page_Pre-Rolled  Ontario Cannabis S/i_Pre-Rolled_icon--sort_1' (Root cause: org.openqa.selenium.ElementClickInterceptedException: Element <i class="icon--sort"> is not clickable at point (1284,32) because another element <div class="gram-widget"> obscures it
Build info: version: '3.7.1', revision: '8a0099a', time: '2017-11-06T21:07:36.161Z'
System info: host: 'sumans-MacBook-Pro.local', ip: 'fe80:0:0:0:10eb:5cc2:8353:8144%en0', os.name: 'Mac OS X', os.arch: 'x86_64', os.version: '10.13.6', java.version: '1.8.0_181'
Driver info: com.kms.katalon.core.webui.driver.firefox.CGeckoDriver
Capabilities {acceptInsecureCerts: true, browserName: firefox, browserVersion: 66.0.3, javascriptEnabled: true, moz:accessibilityChecks: false, moz:geckodriverVersion: 0.23.0, moz:headless: false, moz:processID: 2144, moz:profile: /var/folders/1t/c55l8xzs6gq..., moz:shutdownTimeout: 60000, moz:useNonSpecCompliantPointerOrigin: false, moz:webdriverClick: true, pageLoadStrategy: normal, platform: MAC, platformName: MAC, platformVersion: 17.7.0, proxy: Proxy(direct), rotatable: false, setWindowRect: true, strictFileInteractability: false, timeouts: {implicit: 0, pageLoad: 300000, script: 30000}, unhandledPromptBehavior: dismiss and notify}
Session ID: 406e6e9d-4b2e-b840-912e-7deeff5edf35)
	at com.kms.katalon.core.keyword.internal.KeywordMain.stepFailed(KeywordMain.groovy:36)
	at com.kms.katalon.core.webui.keyword.internal.WebUIKeywordMain.stepFailed(WebUIKeywordMain.groovy:65)
	at com.kms.katalon.core.webui.keyword.internal.WebUIKeywordMain.runKeyword(WebUIKeywordMain.groovy:27)
	at com.kms.katalon.core.webui.keyword.builtin.ClickKeyword.click(ClickKeyword.groovy:86)
	at com.kms.katalon.core.webui.keyword.builtin.ClickKeyword.execute(ClickKeyword.groovy:67)
	at com.kms.katalon.core.keyword.internal.KeywordExecutor.executeKeywordForPlatform(KeywordExecutor.groovy:53)
	at com.kms.katalon.core.webui.keyword.WebUiBuiltInKeywords.click(WebUiBuiltInKeywords.groovy:616)
	at com.kms.katalon.core.webui.keyword.WebUiBuiltInKeywords$click$1.call(Unknown Source)
	at Sort1.run(Sort1:74)
	at com.kms.katalon.core.main.ScriptEngine.run(ScriptEngine.java:194)
	at com.kms.katalon.core.main.ScriptEngine.runScriptAsRawText(ScriptEngine.java:119)
	at com.kms.katalon.core.main.TestCaseExecutor.runScript(TestCaseExecutor.java:328)
	at com.kms.katalon.core.main.TestCaseExecutor.doExecute(TestCaseExecutor.java:319)
	at com.kms.katalon.core.main.TestCaseExecutor.processExecutionPhase(TestCaseExecutor.java:298)
	at com.kms.katalon.core.main.TestCaseExecutor.accessMainPhase(TestCaseExecutor.java:290)
	at com.kms.katalon.core.main.TestCaseExecutor.execute(TestCaseExecutor.java:224)
	at com.kms.katalon.core.main.TestSuiteExecutor.accessTestCaseMainPhase(TestSuiteExecutor.java:129)
	at com.kms.katalon.core.main.TestSuiteExecutor.accessTestSuiteMainPhase(TestSuiteExecutor.java:112)
	at com.kms.katalon.core.main.TestSuiteExecutor.execute(TestSuiteExecutor.java:81)
	at com.kms.katalon.core.main.TestCaseMain.startTestSuite(TestCaseMain.java:149)
	at com.kms.katalon.core.main.TestCaseMain$startTestSuite$0.call(Unknown Source)
	at TempTestSuite1557419035213.run(TempTestSuite1557419035213.groovy:36)


2019-05-09 12:25:49 - [TEST_STEP][PASSED] - openBrowser(""): Browser is opened with url: ''

2019-05-09 12:25:49 - [MESSAGE][WARNING] - A browser is already opened. Closing browser and opening a new one

2019-05-09 12:25:50 - [MESSAGE][INFO] - Starting 'Firefox' driver

2019-05-09 12:25:53 - [MESSAGE][PASSED] - Browser is opened with url: ''

2019-05-09 12:25:53 - [TEST_STEP][PASSED] - maximizeWindow(): Current window maximized

2019-05-09 12:25:54 - [MESSAGE][PASSED] - Current window maximized

2019-05-09 12:25:54 - [TEST_STEP][PASSED] - navigateToUrl("https://ocs.ca/?fts=0&preview_theme_id=53373863756"): Navigate to 'https://ocs.ca/?fts=0&preview_theme_id=53373863756' successfully

2019-05-09 12:25:58 - [MESSAGE][PASSED] - Navigate to 'https://ocs.ca/?fts=0&preview_theme_id=53373863756' successfully

2019-05-09 12:25:58 - [TEST_STEP][PASSED] - click(findTestObject("Object Repository/Theme_oR/Page_Ontario Cannabis Store  Ontari/button_Close preview")): Object: 'Object Repository/Theme_oR/Page_Ontario Cannabis Store  Ontari/button_Close preview' is clicked on

2019-05-09 12:25:59 - [MESSAGE][PASSED] - Object: 'Object Repository/Theme_oR/Page_Ontario Cannabis Store  Ontari/button_Close preview' is clicked on

2019-05-09 12:25:59 - [TEST_STEP][PASSED] - selectOptionByValue(findTestObject("Object Repository/SORT_OR/Page_Ontario Cannabis Store  Ontari/select_Select01020304050607080"), "2", true): All options with value '2' are selected in object 'Object Repository/SORT_OR/Page_Ontario Cannabis Store  Ontari/select_Select01020304050607080'  using regular expression

2019-05-09 12:26:00 - [MESSAGE][PASSED] - All options with value '2' are selected in object 'Object Repository/SORT_OR/Page_Ontario Cannabis Store  Ontari/select_Select01020304050607080'  using regular expression

2019-05-09 12:26:00 - [TEST_STEP][PASSED] - selectOptionByValue(findTestObject("Object Repository/SORT_OR/Page_Ontario Cannabis Store  Ontari/select_SelectJanuary - 01Febru"), "2", true): All options with value '2' are selected in object 'Object Repository/SORT_OR/Page_Ontario Cannabis Store  Ontari/select_SelectJanuary - 01Febru'  using regular expression

2019-05-09 12:26:01 - [MESSAGE][PASSED] - All options with value '2' are selected in object 'Object Repository/SORT_OR/Page_Ontario Cannabis Store  Ontari/select_SelectJanuary - 01Febru'  using regular expression

2019-05-09 12:26:01 - [TEST_STEP][PASSED] - selectOptionByValue(findTestObject("Object Repository/SORT_OR/Page_Ontario Cannabis Store  Ontari/select_Select20182017201620152"), "2013", true): All options with value '2013' are selected in object 'Object Repository/SORT_OR/Page_Ontario Cannabis Store  Ontari/select_Select20182017201620152'  using regular expression

2019-05-09 12:26:02 - [MESSAGE][PASSED] - All options with value '2013' are selected in object 'Object Repository/SORT_OR/Page_Ontario Cannabis Store  Ontari/select_Select20182017201620152'  using regular expression

2019-05-09 12:26:02 - [TEST_STEP][PASSED] - click(findTestObject("Object Repository/SORT_OR/Page_Ontario Cannabis Store  Ontari/button_Verify")): Object: 'Object Repository/SORT_OR/Page_Ontario Cannabis Store  Ontari/button_Verify' is clicked on

2019-05-09 12:26:02 - [MESSAGE][PASSED] - Object: 'Object Repository/SORT_OR/Page_Ontario Cannabis Store  Ontari/button_Verify' is clicked on

2019-05-09 12:26:02 - [TEST_STEP][PASSED] - click(findTestObject("Object Repository/SORT_OR/Page_Ontario Cannabis Store  Ontari/span_CONFIRM AND ACKNOWLEDGE_c")): Object: 'Object Repository/SORT_OR/Page_Ontario Cannabis Store  Ontari/span_CONFIRM AND ACKNOWLEDGE_c' is clicked on

2019-05-09 12:26:03 - [MESSAGE][PASSED] - Object: 'Object Repository/SORT_OR/Page_Ontario Cannabis Store  Ontari/span_CONFIRM AND ACKNOWLEDGE_c' is clicked on

2019-05-09 12:26:03 - [TEST_STEP][PASSED] - click(findTestObject("Object Repository/SORT_OR/Page_Ontario Cannabis Store  Ontari/button_CONFIRM")): Object: 'Object Repository/SORT_OR/Page_Ontario Cannabis Store  Ontari/button_CONFIRM' is clicked on

2019-05-09 12:26:03 - [MESSAGE][PASSED] - Object: 'Object Repository/SORT_OR/Page_Ontario Cannabis Store  Ontari/button_CONFIRM' is clicked on

2019-05-09 12:26:03 - [TEST_STEP][PASSED] - click(findTestObject("Object Repository/SORT_OR/Page_Ontario Cannabis Store  Ontari/a_Oops Im actually 19 or older")): Object: 'Object Repository/SORT_OR/Page_Ontario Cannabis Store  Ontari/a_Oops Im actually 19 or older' is clicked on

2019-05-09 12:26:03 - [MESSAGE][PASSED] - Object: 'Object Repository/SORT_OR/Page_Ontario Cannabis Store  Ontari/a_Oops Im actually 19 or older' is clicked on

2019-05-09 12:26:03 - [TEST_STEP][PASSED] - selectOptionByValue(findTestObject("Object Repository/SORT_OR/Page_Ontario Cannabis Store  Ontari/select_Select01020304050607080"), "4", true): All options with value '4' are selected in object 'Object Repository/SORT_OR/Page_Ontario Cannabis Store  Ontari/select_Select01020304050607080'  using regular expression

2019-05-09 12:26:04 - [MESSAGE][PASSED] - All options with value '4' are selected in object 'Object Repository/SORT_OR/Page_Ontario Cannabis Store  Ontari/select_Select01020304050607080'  using regular expression

2019-05-09 12:26:04 - [TEST_STEP][PASSED] - selectOptionByValue(findTestObject("Object Repository/SORT_OR/Page_Ontario Cannabis Store  Ontari/select_SelectJanuary - 01Febru"), "9", true): All options with value '9' are selected in object 'Object Repository/SORT_OR/Page_Ontario Cannabis Store  Ontari/select_SelectJanuary - 01Febru'  using regular expression

2019-05-09 12:26:04 - [MESSAGE][PASSED] - All options with value '9' are selected in object 'Object Repository/SORT_OR/Page_Ontario Cannabis Store  Ontari/select_SelectJanuary - 01Febru'  using regular expression

2019-05-09 12:26:04 - [TEST_STEP][PASSED] - selectOptionByValue(findTestObject("Object Repository/SORT_OR/Page_Ontario Cannabis Store  Ontari/select_Select20182017201620152"), "1987", true): All options with value '1987' are selected in object 'Object Repository/SORT_OR/Page_Ontario Cannabis Store  Ontari/select_Select20182017201620152'  using regular expression

2019-05-09 12:26:06 - [MESSAGE][PASSED] - All options with value '1987' are selected in object 'Object Repository/SORT_OR/Page_Ontario Cannabis Store  Ontari/select_Select20182017201620152'  using regular expression

2019-05-09 12:26:06 - [TEST_STEP][PASSED] - click(findTestObject("Object Repository/SORT_OR/Page_Ontario Cannabis Store  Ontari/button_Verify")): Object: 'Object Repository/SORT_OR/Page_Ontario Cannabis Store  Ontari/button_Verify' is clicked on

2019-05-09 12:26:06 - [MESSAGE][PASSED] - Object: 'Object Repository/SORT_OR/Page_Ontario Cannabis Store  Ontari/button_Verify' is clicked on

2019-05-09 12:26:06 - [TEST_STEP][PASSED] - click(findTestObject("Object Repository/SORT_OR/Page_Ontario Cannabis Store  Ontari/span_CONFIRM AND ACKNOWLEDGE_c")): Object: 'Object Repository/SORT_OR/Page_Ontario Cannabis Store  Ontari/span_CONFIRM AND ACKNOWLEDGE_c' is clicked on

2019-05-09 12:26:06 - [MESSAGE][PASSED] - Object: 'Object Repository/SORT_OR/Page_Ontario Cannabis Store  Ontari/span_CONFIRM AND ACKNOWLEDGE_c' is clicked on

2019-05-09 12:26:06 - [TEST_STEP][PASSED] - click(findTestObject("Object Repository/SORT_OR/Page_Ontario Cannabis Store  Ontari/button_CONFIRM")): Object: 'Object Repository/SORT_OR/Page_Ontario Cannabis Store  Ontari/button_CONFIRM' is clicked on

2019-05-09 12:26:06 - [MESSAGE][PASSED] - Object: 'Object Repository/SORT_OR/Page_Ontario Cannabis Store  Ontari/button_CONFIRM' is clicked on

2019-05-09 12:26:06 - [TEST_STEP][PASSED] - click(findTestObject("Object Repository/SORT_OR/Page_Ontario Cannabis Store  Ontari/button_Start Browsing")): Object: 'Object Repository/SORT_OR/Page_Ontario Cannabis Store  Ontari/button_Start Browsing' is clicked on

2019-05-09 12:26:07 - [MESSAGE][PASSED] - Object: 'Object Repository/SORT_OR/Page_Ontario Cannabis Store  Ontari/button_Start Browsing' is clicked on

2019-05-09 12:26:07 - [TEST_STEP][PASSED] - delay(2): Delayed 2 second(s)

2019-05-09 12:26:09 - [MESSAGE][PASSED] - Delayed 2 second(s)

2019-05-09 12:26:09 - [TEST_STEP][NOT_RUN] - mouseOver(findTestObject("Object Repository/SORT_OR/Page_Ontario Cannabis Store  Ontari/h3_Cannabis")): NOT_RUN: mouseOver(findTestObject("Object Repository/SORT_OR/Page_Ontario Cannabis Store  Ontari/h3_Cannabis"))

2019-05-09 12:26:09 - [MESSAGE][NOT_RUN] - NOT_RUN: mouseOver(findTestObject("Object Repository/SORT_OR/Page_Ontario Cannabis Store  Ontari/h3_Cannabis"))

2019-05-09 12:26:09 - [TEST_STEP][PASSED] - mouseOver(findTestObject("OCS_CRITICAL PATH/cart flyout- price/Page_Ontario Cannabis Store  Ontari/h3_Cannabis")): Object: 'Object Repository/OCS_CRITICAL PATH/cart flyout- price/Page_Ontario Cannabis Store  Ontari/h3_Cannabis' is hovered

2019-05-09 12:26:09 - [MESSAGE][PASSED] - Object: 'Object Repository/OCS_CRITICAL PATH/cart flyout- price/Page_Ontario Cannabis Store  Ontari/h3_Cannabis' is hovered

2019-05-09 12:26:09 - [TEST_STEP][PASSED] - click(findTestObject("Object Repository/SORT_OR/Page_Ontario Cannabis Store  Ontari/span_Pre-Rolled")): Object: 'Object Repository/SORT_OR/Page_Ontario Cannabis Store  Ontari/span_Pre-Rolled' is clicked on

2019-05-09 12:26:11 - [MESSAGE][PASSED] - Object: 'Object Repository/SORT_OR/Page_Ontario Cannabis Store  Ontari/span_Pre-Rolled' is clicked on

2019-05-09 12:26:11 - [TEST_STEP][PASSED] - click(findTestObject("Object Repository/SORT_OR/Page_Pre-Rolled  Ontario Cannabis S/i_Pre-Rolled_icon--sort")): Object: 'Object Repository/SORT_OR/Page_Pre-Rolled  Ontario Cannabis S/i_Pre-Rolled_icon--sort' is clicked on

2019-05-09 12:26:12 - [MESSAGE][PASSED] - Object: 'Object Repository/SORT_OR/Page_Pre-Rolled  Ontario Cannabis S/i_Pre-Rolled_icon--sort' is clicked on

2019-05-09 12:26:12 - [TEST_STEP][PASSED] - click(findTestObject("Object Repository/SORT_OR/Page_Pre-Rolled  Ontario Cannabis S/label_Price Low to High")): Object: 'Object Repository/SORT_OR/Page_Pre-Rolled  Ontario Cannabis S/label_Price Low to High' is clicked on

2019-05-09 12:26:12 - [MESSAGE][PASSED] - Object: 'Object Repository/SORT_OR/Page_Pre-Rolled  Ontario Cannabis S/label_Price Low to High' is clicked on

2019-05-09 12:26:12 - [TEST_STEP][PASSED] - scrollToPosition(1200, 93): Browser is scrolled to position x = 1200, y = 93

2019-05-09 12:26:12 - [MESSAGE][PASSED] - Browser is scrolled to position x = 1200, y = 93

2019-05-09 12:26:12 - [TEST_STEP][PASSED] - delay(2): Delayed 2 second(s)

2019-05-09 12:26:14 - [MESSAGE][PASSED] - Delayed 2 second(s)

2019-05-09 12:26:14 - [TEST_STEP][FAILED] - click(findTestObject("SORT_OR/Page_Pre-Rolled  Ontario Cannabis S/i_Pre-Rolled_icon--sort_1")): click(findTestObject("SORT_OR/Page_Pre-Rolled  Ontario Cannabis S/i_Pre-Rolled_icon--sort_1")) FAILED.
Reason:
com.kms.katalon.core.exception.StepFailedException: Unable to click on object 'Object Repository/SORT_OR/Page_Pre-Rolled  Ontario Cannabis S/i_Pre-Rolled_icon--sort_1' (Root cause: org.openqa.selenium.ElementClickInterceptedException: Element <i class="icon--sort"> is not clickable at point (1284,32) because another element <div class="gram-widget"> obscures it
Build info: version: '3.7.1', revision: '8a0099a', time: '2017-11-06T21:07:36.161Z'
System info: host: 'sumans-MacBook-Pro.local', ip: 'fe80:0:0:0:10eb:5cc2:8353:8144%en0', os.name: 'Mac OS X', os.arch: 'x86_64', os.version: '10.13.6', java.version: '1.8.0_181'
Driver info: com.kms.katalon.core.webui.driver.firefox.CGeckoDriver
Capabilities {acceptInsecureCerts: true, browserName: firefox, browserVersion: 66.0.3, javascriptEnabled: true, moz:accessibilityChecks: false, moz:geckodriverVersion: 0.23.0, moz:headless: false, moz:processID: 2144, moz:profile: /var/folders/1t/c55l8xzs6gq..., moz:shutdownTimeout: 60000, moz:useNonSpecCompliantPointerOrigin: false, moz:webdriverClick: true, pageLoadStrategy: normal, platform: MAC, platformName: MAC, platformVersion: 17.7.0, proxy: Proxy(direct), rotatable: false, setWindowRect: true, strictFileInteractability: false, timeouts: {implicit: 0, pageLoad: 300000, script: 30000}, unhandledPromptBehavior: dismiss and notify}
Session ID: 406e6e9d-4b2e-b840-912e-7deeff5edf35)
	at com.kms.katalon.core.keyword.internal.KeywordMain.stepFailed(KeywordMain.groovy:36)
	at com.kms.katalon.core.webui.keyword.internal.WebUIKeywordMain.stepFailed(WebUIKeywordMain.groovy:65)
	at com.kms.katalon.core.webui.keyword.internal.WebUIKeywordMain.runKeyword(WebUIKeywordMain.groovy:27)
	at com.kms.katalon.core.webui.keyword.builtin.ClickKeyword.click(ClickKeyword.groovy:86)
	at com.kms.katalon.core.webui.keyword.builtin.ClickKeyword.execute(ClickKeyword.groovy:67)
	at com.kms.katalon.core.keyword.internal.KeywordExecutor.executeKeywordForPlatform(KeywordExecutor.groovy:53)
	at com.kms.katalon.core.webui.keyword.WebUiBuiltInKeywords.click(WebUiBuiltInKeywords.groovy:616)
	at com.kms.katalon.core.webui.keyword.WebUiBuiltInKeywords$click$1.call(Unknown Source)
	at Sort1.run(Sort1:74)
	at com.kms.katalon.core.main.ScriptEngine.run(ScriptEngine.java:194)
	at com.kms.katalon.core.main.ScriptEngine.runScriptAsRawText(ScriptEngine.java:119)
	at com.kms.katalon.core.main.TestCaseExecutor.runScript(TestCaseExecutor.java:328)
	at com.kms.katalon.core.main.TestCaseExecutor.doExecute(TestCaseExecutor.java:319)
	at com.kms.katalon.core.main.TestCaseExecutor.processExecutionPhase(TestCaseExecutor.java:298)
	at com.kms.katalon.core.main.TestCaseExecutor.accessMainPhase(TestCaseExecutor.java:290)
	at com.kms.katalon.core.main.TestCaseExecutor.execute(TestCaseExecutor.java:224)
	at com.kms.katalon.core.main.TestSuiteExecutor.accessTestCaseMainPhase(TestSuiteExecutor.java:129)
	at com.kms.katalon.core.main.TestSuiteExecutor.accessTestSuiteMainPhase(TestSuiteExecutor.java:112)
	at com.kms.katalon.core.main.TestSuiteExecutor.execute(TestSuiteExecutor.java:81)
	at com.kms.katalon.core.main.TestCaseMain.startTestSuite(TestCaseMain.java:149)
	at com.kms.katalon.core.main.TestCaseMain$startTestSuite$0.call(Unknown Source)
	at TempTestSuite1557419035213.run(TempTestSuite1557419035213.groovy:36)


2019-05-09 12:26:14 - [MESSAGE][FAILED] - Unable to click on object 'Object Repository/SORT_OR/Page_Pre-Rolled  Ontario Cannabis S/i_Pre-Rolled_icon--sort_1' (Root cause: org.openqa.selenium.ElementClickInterceptedException: Element <i class="icon--sort"> is not clickable at point (1284,32) because another element <div class="gram-widget"> obscures it
Build info: version: '3.7.1', revision: '8a0099a', time: '2017-11-06T21:07:36.161Z'
System info: host: 'sumans-MacBook-Pro.local', ip: 'fe80:0:0:0:10eb:5cc2:8353:8144%en0', os.name: 'Mac OS X', os.arch: 'x86_64', os.version: '10.13.6', java.version: '1.8.0_181'
Driver info: com.kms.katalon.core.webui.driver.firefox.CGeckoDriver
Capabilities {acceptInsecureCerts: true, browserName: firefox, browserVersion: 66.0.3, javascriptEnabled: true, moz:accessibilityChecks: false, moz:geckodriverVersion: 0.23.0, moz:headless: false, moz:processID: 2144, moz:profile: /var/folders/1t/c55l8xzs6gq..., moz:shutdownTimeout: 60000, moz:useNonSpecCompliantPointerOrigin: false, moz:webdriverClick: true, pageLoadStrategy: normal, platform: MAC, platformName: MAC, platformVersion: 17.7.0, proxy: Proxy(direct), rotatable: false, setWindowRect: true, strictFileInteractability: false, timeouts: {implicit: 0, pageLoad: 300000, script: 30000}, unhandledPromptBehavior: dismiss and notify}
Session ID: 406e6e9d-4b2e-b840-912e-7deeff5edf35)
[[ATTACHMENT|/Users/sumankompelly/git/Sample-OCS/Reports/OCS-09-05-2019 - Theme2/COLLECTION PAGE-09-05-2019/20190509_122355/1557419174422.png]]

2019-05-09 12:26:14 - [MESSAGE][FAILED] - click(findTestObject("SORT_OR/Page_Pre-Rolled  Ontario Cannabis S/i_Pre-Rolled_icon--sort_1")) FAILED.
Reason:
[...]
Session ID: 406e6e9d-4b2e-b840-912e-7deeff5edf35)
	at com.kms.katalon.core.keyword.internal.KeywordMain.stepFailed(KeywordMain.groovy:36)
	at com.kms.katalon.core.webui.keyword.internal.WebUIKeywordMain.stepFailed(WebUIKeywordMain.groovy:65)
	at com.kms.katalon.core.webui.keyword.internal.WebUIKeywordMain.runKeyword(WebUIKeywordMain.groovy:27)
	at com.kms.katalon.core.webui.keyword.builtin.ClickKeyword.click(ClickKeyword.groovy:86)
	at com.kms.katalon.core.webui.keyword.builtin.ClickKeyword.execute(ClickKeyword.groovy:67)
	at com.kms.katalon.core.keyword.internal.KeywordExecutor.executeKeywordForPlatform(KeywordExecutor.groovy:53)
	at com.kms.katalon.core.webui.keyword.WebUiBuiltInKeywords.click(WebUiBuiltInKeywords.groovy:616)
	at com.kms.katalon.core.webui.keyword.WebUiBuiltInKeywords$click$1.call(Unknown Source)
	at Sort1.run(Sort1:74)
	at com.kms.katalon.core.main.ScriptEngine.run(ScriptEngine.java:194)
	at com.kms.katalon.core.main.ScriptEngine.runScriptAsRawText(ScriptEngine.java:119)
	at com.kms.katalon.core.main.TestCaseExecutor.runScript(TestCaseExecutor.java:328)
	at com.kms.katalon.core.main.TestCaseExecutor.doExecute(TestCaseExecutor.java:319)
	at com.kms.katalon.core.main.TestCaseExecutor.processExecutionPhase(TestCaseExecutor.java:298)
	at com.kms.katalon.core.main.TestCaseExecutor.accessMainPhase(TestCaseExecutor.java:290)
	at com.kms.katalon.core.main.TestCaseExecutor.execute(TestCaseExecutor.java:224)
	at com.kms.katalon.core.main.TestSuiteExecutor.accessTestCaseMainPhase(TestSuiteExecutor.java:129)
	at com.kms.katalon.core.main.TestSuiteExecutor.accessTestSuiteMainPhase(TestSuiteExecutor.java:112)
	at com.kms.katalon.core.main.TestSuiteExecutor.execute(TestSuiteExecutor.java:81)
	at com.kms.katalon.core.main.TestCaseMain.startTestSuite(TestCaseMain.java:149)
	at com.kms.katalon.core.main.TestCaseMain$startTestSuite$0.call(Unknown Source)
	at TempTestSuite1557419035213.run(TempTestSuite1557419035213.groovy:36)]]></system-out>
         <system-err><![CDATA[2019-05-09 12:25:49 - [TEST_CASE][FAILED] - Test Cases/OCS-COLLECTION PAGE/Sort1: Test Cases/OCS-COLLECTION PAGE/Sort1 FAILED.
Reason:
com.kms.katalon.core.exception.StepFailedException: Unable to click on object 'Object Repository/SORT_OR/Page_Pre-Rolled  Ontario Cannabis S/i_Pre-Rolled_icon--sort_1' (Root cause: org.openqa.selenium.ElementClickInterceptedException: Element <i class="icon--sort"> is not clickable at point (1284,32) because another element <div class="gram-widget"> obscures it
Build info: version: '3.7.1', revision: '8a0099a', time: '2017-11-06T21:07:36.161Z'
System info: host: 'sumans-MacBook-Pro.local', ip: 'fe80:0:0:0:10eb:5cc2:8353:8144%en0', os.name: 'Mac OS X', os.arch: 'x86_64', os.version: '10.13.6', java.version: '1.8.0_181'
Driver info: com.kms.katalon.core.webui.driver.firefox.CGeckoDriver
Capabilities {acceptInsecureCerts: true, browserName: firefox, browserVersion: 66.0.3, javascriptEnabled: true, moz:accessibilityChecks: false, moz:geckodriverVersion: 0.23.0, moz:headless: false, moz:processID: 2144, moz:profile: /var/folders/1t/c55l8xzs6gq..., moz:shutdownTimeout: 60000, moz:useNonSpecCompliantPointerOrigin: false, moz:webdriverClick: true, pageLoadStrategy: normal, platform: MAC, platformName: MAC, platformVersion: 17.7.0, proxy: Proxy(direct), rotatable: false, setWindowRect: true, strictFileInteractability: false, timeouts: {implicit: 0, pageLoad: 300000, script: 30000}, unhandledPromptBehavior: dismiss and notify}
Session ID: 406e6e9d-4b2e-b840-912e-7deeff5edf35)
	at com.kms.katalon.core.keyword.internal.KeywordMain.stepFailed(KeywordMain.groovy:36)
	at com.kms.katalon.core.webui.keyword.internal.WebUIKeywordMain.stepFailed(WebUIKeywordMain.groovy:65)
	at com.kms.katalon.core.webui.keyword.internal.WebUIKeywordMain.runKeyword(WebUIKeywordMain.groovy:27)
	at com.kms.katalon.core.webui.keyword.builtin.ClickKeyword.click(ClickKeyword.groovy:86)
	at com.kms.katalon.core.webui.keyword.builtin.ClickKeyword.execute(ClickKeyword.groovy:67)
	at com.kms.katalon.core.keyword.internal.KeywordExecutor.executeKeywordForPlatform(KeywordExecutor.groovy:53)
	at com.kms.katalon.core.webui.keyword.WebUiBuiltInKeywords.click(WebUiBuiltInKeywords.groovy:616)
	at com.kms.katalon.core.webui.keyword.WebUiBuiltInKeywords$click$1.call(Unknown Source)
	at Sort1.run(Sort1:74)
	at com.kms.katalon.core.main.ScriptEngine.run(ScriptEngine.java:194)
	at com.kms.katalon.core.main.ScriptEngine.runScriptAsRawText(ScriptEngine.java:119)
	at com.kms.katalon.core.main.TestCaseExecutor.runScript(TestCaseExecutor.java:328)
	at com.kms.katalon.core.main.TestCaseExecutor.doExecute(TestCaseExecutor.java:319)
	at com.kms.katalon.core.main.TestCaseExecutor.processExecutionPhase(TestCaseExecutor.java:298)
	at com.kms.katalon.core.main.TestCaseExecutor.accessMainPhase(TestCaseExecutor.java:290)
	at com.kms.katalon.core.main.TestCaseExecutor.execute(TestCaseExecutor.java:224)
	at com.kms.katalon.core.main.TestSuiteExecutor.accessTestCaseMainPhase(TestSuiteExecutor.java:129)
	at com.kms.katalon.core.main.TestSuiteExecutor.accessTestSuiteMainPhase(TestSuiteExecutor.java:112)
	at com.kms.katalon.core.main.TestSuiteExecutor.execute(TestSuiteExecutor.java:81)
	at com.kms.katalon.core.main.TestCaseMain.startTestSuite(TestCaseMain.java:149)
	at com.kms.katalon.core.main.TestCaseMain$startTestSuite$0.call(Unknown Source)
	at TempTestSuite1557419035213.run(TempTestSuite1557419035213.groovy:36)]]></system-err>
      </testcase>
      <testcase name="Test Cases/OCS-COLLECTION PAGE/What to consider" classname="Test Cases/OCS-COLLECTION PAGE/What to consider" status="PASSED">
         <system-out><![CDATA[2019-05-09 12:26:14 - [TEST_CASE][PASSED] - Test Cases/OCS-COLLECTION PAGE/What to consider: Test Cases/OCS-COLLECTION PAGE/What to consider

2019-05-09 12:26:14 - [TEST_STEP][PASSED] - openBrowser(""): Browser is opened with url: ''

2019-05-09 12:26:14 - [MESSAGE][WARNING] - A browser is already opened. Closing browser and opening a new one

2019-05-09 12:26:15 - [MESSAGE][INFO] - Starting 'Firefox' driver

2019-05-09 12:26:17 - [MESSAGE][PASSED] - Browser is opened with url: ''

2019-05-09 12:26:17 - [TEST_STEP][PASSED] - navigateToUrl("https://ocs.ca/?fts=0&preview_theme_id=53373863756"): Navigate to 'https://ocs.ca/?fts=0&preview_theme_id=53373863756' successfully

2019-05-09 12:26:22 - [MESSAGE][PASSED] - Navigate to 'https://ocs.ca/?fts=0&preview_theme_id=53373863756' successfully

2019-05-09 12:26:22 - [TEST_STEP][PASSED] - click(findTestObject("Object Repository/Theme_oR/Page_Ontario Cannabis Store  Ontari/button_Close preview")): Object: 'Object Repository/Theme_oR/Page_Ontario Cannabis Store  Ontari/button_Close preview' is clicked on

2019-05-09 12:26:23 - [MESSAGE][PASSED] - Object: 'Object Repository/Theme_oR/Page_Ontario Cannabis Store  Ontari/button_Close preview' is clicked on

2019-05-09 12:26:23 - [TEST_STEP][PASSED] - selectOptionByValue(findTestObject("Object Repository/What to consider_OR/Page_Ontario Cannabis Store  Ontari/select_Select01020304050607080"), "18", true): All options with value '18' are selected in object 'Object Repository/What to consider_OR/Page_Ontario Cannabis Store  Ontari/select_Select01020304050607080'  using regular expression

2019-05-09 12:26:24 - [MESSAGE][PASSED] - All options with value '18' are selected in object 'Object Repository/What to consider_OR/Page_Ontario Cannabis Store  Ontari/select_Select01020304050607080'  using regular expression

2019-05-09 12:26:24 - [TEST_STEP][PASSED] - selectOptionByValue(findTestObject("Object Repository/What to consider_OR/Page_Ontario Cannabis Store  Ontari/select_SelectJanuary - 01Febru"), "9", true): All options with value '9' are selected in object 'Object Repository/What to consider_OR/Page_Ontario Cannabis Store  Ontari/select_SelectJanuary - 01Febru'  using regular expression

2019-05-09 12:26:25 - [MESSAGE][PASSED] - All options with value '9' are selected in object 'Object Repository/What to consider_OR/Page_Ontario Cannabis Store  Ontari/select_SelectJanuary - 01Febru'  using regular expression

2019-05-09 12:26:25 - [TEST_STEP][PASSED] - selectOptionByValue(findTestObject("Object Repository/What to consider_OR/Page_Ontario Cannabis Store  Ontari/select_Select20182017201620152"), "1955", true): All options with value '1955' are selected in object 'Object Repository/What to consider_OR/Page_Ontario Cannabis Store  Ontari/select_Select20182017201620152'  using regular expression

2019-05-09 12:26:27 - [MESSAGE][PASSED] - All options with value '1955' are selected in object 'Object Repository/What to consider_OR/Page_Ontario Cannabis Store  Ontari/select_Select20182017201620152'  using regular expression

2019-05-09 12:26:27 - [TEST_STEP][PASSED] - click(findTestObject("Object Repository/What to consider_OR/Page_Ontario Cannabis Store  Ontari/button_Verify")): Object: 'Object Repository/What to consider_OR/Page_Ontario Cannabis Store  Ontari/button_Verify' is clicked on

2019-05-09 12:26:27 - [MESSAGE][PASSED] - Object: 'Object Repository/What to consider_OR/Page_Ontario Cannabis Store  Ontari/button_Verify' is clicked on

2019-05-09 12:26:27 - [TEST_STEP][PASSED] - click(findTestObject("Object Repository/What to consider_OR/Page_Ontario Cannabis Store  Ontari/span_CONFIRM AND ACKNOWLEDGE_c")): Object: 'Object Repository/What to consider_OR/Page_Ontario Cannabis Store  Ontari/span_CONFIRM AND ACKNOWLEDGE_c' is clicked on

2019-05-09 12:26:27 - [MESSAGE][PASSED] - Object: 'Object Repository/What to consider_OR/Page_Ontario Cannabis Store  Ontari/span_CONFIRM AND ACKNOWLEDGE_c' is clicked on

2019-05-09 12:26:27 - [TEST_STEP][PASSED] - click(findTestObject("Object Repository/What to consider_OR/Page_Ontario Cannabis Store  Ontari/button_CONFIRM")): Object: 'Object Repository/What to consider_OR/Page_Ontario Cannabis Store  Ontari/button_CONFIRM' is clicked on

2019-05-09 12:26:27 - [MESSAGE][PASSED] - Object: 'Object Repository/What to consider_OR/Page_Ontario Cannabis Store  Ontari/button_CONFIRM' is clicked on

2019-05-09 12:26:27 - [TEST_STEP][PASSED] - click(findTestObject("Object Repository/What to consider_OR/Page_Ontario Cannabis Store  Ontari/button_Start Browsing")): Object: 'Object Repository/What to consider_OR/Page_Ontario Cannabis Store  Ontari/button_Start Browsing' is clicked on

2019-05-09 12:26:28 - [MESSAGE][PASSED] - Object: 'Object Repository/What to consider_OR/Page_Ontario Cannabis Store  Ontari/button_Start Browsing' is clicked on

2019-05-09 12:26:28 - [TEST_STEP][PASSED] - delay(2): Delayed 2 second(s)

2019-05-09 12:26:30 - [MESSAGE][PASSED] - Delayed 2 second(s)

2019-05-09 12:26:30 - [TEST_STEP][NOT_RUN] - mouseOver(findTestObject("What to consider_OR/Page_Ontario Cannabis Store  Ontari/h3_Cannabis")): NOT_RUN: mouseOver(findTestObject("What to consider_OR/Page_Ontario Cannabis Store  Ontari/h3_Cannabis"))

2019-05-09 12:26:30 - [MESSAGE][NOT_RUN] - NOT_RUN: mouseOver(findTestObject("What to consider_OR/Page_Ontario Cannabis Store  Ontari/h3_Cannabis"))

2019-05-09 12:26:30 - [TEST_STEP][PASSED] - mouseOver(findTestObject("OCS_CRITICAL PATH/cart flyout- price/Page_Ontario Cannabis Store  Ontari/h3_Cannabis")): Object: 'Object Repository/OCS_CRITICAL PATH/cart flyout- price/Page_Ontario Cannabis Store  Ontari/h3_Cannabis' is hovered

2019-05-09 12:26:30 - [MESSAGE][PASSED] - Object: 'Object Repository/OCS_CRITICAL PATH/cart flyout- price/Page_Ontario Cannabis Store  Ontari/h3_Cannabis' is hovered

2019-05-09 12:26:30 - [TEST_STEP][PASSED] - click(findTestObject("Object Repository/What to consider_OR/Page_Ontario Cannabis Store  Ontari/span_Pre-Rolled")): Object: 'Object Repository/What to consider_OR/Page_Ontario Cannabis Store  Ontari/span_Pre-Rolled' is clicked on

2019-05-09 12:26:33 - [MESSAGE][PASSED] - Object: 'Object Repository/What to consider_OR/Page_Ontario Cannabis Store  Ontari/span_Pre-Rolled' is clicked on

2019-05-09 12:26:33 - [TEST_STEP][PASSED] - click(findTestObject("Object Repository/What to consider_OR/Page_Pre-Rolled  Ontario Cannabis S/a_What to consider")): Object: 'Object Repository/What to consider_OR/Page_Pre-Rolled  Ontario Cannabis S/a_What to consider' is clicked on

2019-05-09 12:26:36 - [MESSAGE][PASSED] - Object: 'Object Repository/What to consider_OR/Page_Pre-Rolled  Ontario Cannabis S/a_What to consider' is clicked on

2019-05-09 12:26:36 - [TEST_STEP][PASSED] - back(): Navigate back successfully

2019-05-09 12:26:37 - [MESSAGE][PASSED] - Navigate back successfully]]></system-out>
         <system-err><![CDATA[]]></system-err>
      </testcase>
      <system-out><![CDATA[2019-05-09 12:23:56 - [TEST_SUITE][FAILED] - COLLECTION PAGE-09-05-2019: Test Cases/OCS-COLLECTION PAGE/Filter FAILED.
Reason:
com.kms.katalon.core.exception.StepFailedException: Unable to click on object 'Object Repository/COLLECTION PAGE _OR/Filter_OR/Page_Ontario Cannabis Store  Ontari/button_Verify' (Root cause: org.openqa.selenium.ElementClickInterceptedException: Element <button class="btn btn--outline" type="submit"> is not clickable at point (625,675) because another element <iframe id="preview-bar-iframe" src="https://ocs.ca/preview_bar"> obscures it
Build info: version: '3.7.1', revision: '8a0099a', time: '2017-11-06T21:07:36.161Z'
System info: host: 'sumans-MacBook-Pro.local', ip: 'fe80:0:0:0:10eb:5cc2:8353:8144%en0', os.name: 'Mac OS X', os.arch: 'x86_64', os.version: '10.13.6', java.version: '1.8.0_181'
Driver info: com.kms.katalon.core.webui.driver.firefox.CGeckoDriver
Capabilities {acceptInsecureCerts: true, browserName: firefox, browserVersion: 66.0.3, javascriptEnabled: true, moz:accessibilityChecks: false, moz:geckodriverVersion: 0.23.0, moz:headless: false, moz:processID: 2131, moz:profile: /var/folders/1t/c55l8xzs6gq..., moz:shutdownTimeout: 60000, moz:useNonSpecCompliantPointerOrigin: false, moz:webdriverClick: true, pageLoadStrategy: normal, platform: MAC, platformName: MAC, platformVersion: 17.7.0, proxy: Proxy(direct), rotatable: false, setWindowRect: true, strictFileInteractability: false, timeouts: {implicit: 0, pageLoad: 300000, script: 30000}, unhandledPromptBehavior: dismiss and notify}
Session ID: 334042f6-ce73-2b4d-b86a-6c4763346f4b)
	at com.kms.katalon.core.keyword.internal.KeywordMain.stepFailed(KeywordMain.groovy:36)
	at com.kms.katalon.core.webui.keyword.internal.WebUIKeywordMain.stepFailed(WebUIKeywordMain.groovy:65)
	at com.kms.katalon.core.webui.keyword.internal.WebUIKeywordMain.runKeyword(WebUIKeywordMain.groovy:27)
	at com.kms.katalon.core.webui.keyword.builtin.ClickKeyword.click(ClickKeyword.groovy:86)
	at com.kms.katalon.core.webui.keyword.builtin.ClickKeyword.execute(ClickKeyword.groovy:67)
	at com.kms.katalon.core.keyword.internal.KeywordExecutor.executeKeywordForPlatform(KeywordExecutor.groovy:53)
	at com.kms.katalon.core.webui.keyword.WebUiBuiltInKeywords.click(WebUiBuiltInKeywords.groovy:616)
	at com.kms.katalon.core.webui.keyword.WebUiBuiltInKeywords$click$1.call(Unknown Source)
	at Filter.run(Filter:31)
	at com.kms.katalon.core.main.ScriptEngine.run(ScriptEngine.java:194)
	at com.kms.katalon.core.main.ScriptEngine.runScriptAsRawText(ScriptEngine.java:119)
	at com.kms.katalon.core.main.TestCaseExecutor.runScript(TestCaseExecutor.java:328)
	at com.kms.katalon.core.main.TestCaseExecutor.doExecute(TestCaseExecutor.java:319)
	at com.kms.katalon.core.main.TestCaseExecutor.processExecutionPhase(TestCaseExecutor.java:298)
	at com.kms.katalon.core.main.TestCaseExecutor.accessMainPhase(TestCaseExecutor.java:290)
	at com.kms.katalon.core.main.TestCaseExecutor.execute(TestCaseExecutor.java:224)
	at com.kms.katalon.core.main.TestSuiteExecutor.accessTestCaseMainPhase(TestSuiteExecutor.java:129)
	at com.kms.katalon.core.main.TestSuiteExecutor.accessTestSuiteMainPhase(TestSuiteExecutor.java:112)
	at com.kms.katalon.core.main.TestSuiteExecutor.execute(TestSuiteExecutor.java:81)
	at com.kms.katalon.core.main.TestCaseMain.startTestSuite(TestCaseMain.java:149)
	at com.kms.katalon.core.main.TestCaseMain$startTestSuite$0.call(Unknown Source)
	at TempTestSuite1557419035213.run(TempTestSuite1557419035213.groovy:36)]]></system-out>
      <system-err><![CDATA[2019-05-09 12:23:56 - [TEST_SUITE][FAILED] - COLLECTION PAGE-09-05-2019: Test Cases/OCS-COLLECTION PAGE/Filter FAILED.
Reason:
com.kms.katalon.core.exception.StepFailedException: Unable to click on object 'Object Repository/COLLECTION PAGE _OR/Filter_OR/Page_Ontario Cannabis Store  Ontari/button_Verify' (Root cause: org.openqa.selenium.ElementClickInterceptedException: Element <button class="btn btn--outline" type="submit"> is not clickable at point (625,675) because another element <iframe id="preview-bar-iframe" src="https://ocs.ca/preview_bar"> obscures it
Build info: version: '3.7.1', revision: '8a0099a', time: '2017-11-06T21:07:36.161Z'
System info: host: 'sumans-MacBook-Pro.local', ip: 'fe80:0:0:0:10eb:5cc2:8353:8144%en0', os.name: 'Mac OS X', os.arch: 'x86_64', os.version: '10.13.6', java.version: '1.8.0_181'
Driver info: com.kms.katalon.core.webui.driver.firefox.CGeckoDriver
Capabilities {acceptInsecureCerts: true, browserName: firefox, browserVersion: 66.0.3, javascriptEnabled: true, moz:accessibilityChecks: false, moz:geckodriverVersion: 0.23.0, moz:headless: false, moz:processID: 2131, moz:profile: /var/folders/1t/c55l8xzs6gq..., moz:shutdownTimeout: 60000, moz:useNonSpecCompliantPointerOrigin: false, moz:webdriverClick: true, pageLoadStrategy: normal, platform: MAC, platformName: MAC, platformVersion: 17.7.0, proxy: Proxy(direct), rotatable: false, setWindowRect: true, strictFileInteractability: false, timeouts: {implicit: 0, pageLoad: 300000, script: 30000}, unhandledPromptBehavior: dismiss and notify}
Session ID: 334042f6-ce73-2b4d-b86a-6c4763346f4b)
	at com.kms.katalon.core.keyword.internal.KeywordMain.stepFailed(KeywordMain.groovy:36)
	at com.kms.katalon.core.webui.keyword.internal.WebUIKeywordMain.stepFailed(WebUIKeywordMain.groovy:65)
	at com.kms.katalon.core.webui.keyword.internal.WebUIKeywordMain.runKeyword(WebUIKeywordMain.groovy:27)
	at com.kms.katalon.core.webui.keyword.builtin.ClickKeyword.click(ClickKeyword.groovy:86)
	at com.kms.katalon.core.webui.keyword.builtin.ClickKeyword.execute(ClickKeyword.groovy:67)
	at com.kms.katalon.core.keyword.internal.KeywordExecutor.executeKeywordForPlatform(KeywordExecutor.groovy:53)
	at com.kms.katalon.core.webui.keyword.WebUiBuiltInKeywords.click(WebUiBuiltInKeywords.groovy:616)
	at com.kms.katalon.core.webui.keyword.WebUiBuiltInKeywords$click$1.call(Unknown Source)
	at Filter.run(Filter:31)
	at com.kms.katalon.core.main.ScriptEngine.run(ScriptEngine.java:194)
	at com.kms.katalon.core.main.ScriptEngine.runScriptAsRawText(ScriptEngine.java:119)
	at com.kms.katalon.core.main.TestCaseExecutor.runScript(TestCaseExecutor.java:328)
	at com.kms.katalon.core.main.TestCaseExecutor.doExecute(TestCaseExecutor.java:319)
	at com.kms.katalon.core.main.TestCaseExecutor.processExecutionPhase(TestCaseExecutor.java:298)
	at com.kms.katalon.core.main.TestCaseExecutor.accessMainPhase(TestCaseExecutor.java:290)
	at com.kms.katalon.core.main.TestCaseExecutor.execute(TestCaseExecutor.java:224)
	at com.kms.katalon.core.main.TestSuiteExecutor.accessTestCaseMainPhase(TestSuiteExecutor.java:129)
	at com.kms.katalon.core.main.TestSuiteExecutor.accessTestSuiteMainPhase(TestSuiteExecutor.java:112)
	at com.kms.katalon.core.main.TestSuiteExecutor.execute(TestSuiteExecutor.java:81)
	at com.kms.katalon.core.main.TestCaseMain.startTestSuite(TestCaseMain.java:149)
	at com.kms.katalon.core.main.TestCaseMain$startTestSuite$0.call(Unknown Source)
	at TempTestSuite1557419035213.run(TempTestSuite1557419035213.groovy:36)]]></system-err>
   </testsuite>
</testsuites>
