<?xml version="1.0" encoding="UTF-8"?>
<testsuites name="HOME PAGE" time="512" tests="7" failures="5" errors="0">
   <testsuite name="HOME PAGE" tests="7" failures="5" errors="0" time="512" timestamp="2019-04-30 14:02:18" hostname="sumankompelly - 10.0.126.233" id="Test Suites/HOME PAGE">
      <properties>
         <property name="deviceName" value=""/>
         <property name="devicePlatform" value=""/>
         <property name="logFolder" value="/Users/sumankompelly/git/Sample-OCS/Reports/HOME PAGE/20190430_140216"/>
         <property name="logFiles" value="/Users/sumankompelly/git/Sample-OCS/Reports/HOME PAGE/20190430_140216/execution0.log"/>
         <property name="attachments" value="/Users/sumankompelly/git/Sample-OCS/Reports/HOME PAGE/20190430_140216/1556647384852.png, /Users/sumankompelly/git/Sample-OCS/Reports/HOME PAGE/20190430_140216/1556647442592.png, /Users/sumankompelly/git/Sample-OCS/Reports/HOME PAGE/20190430_140216/1556647480722.png, /Users/sumankompelly/git/Sample-OCS/Reports/HOME PAGE/20190430_140216/1556647593721.png, /Users/sumankompelly/git/Sample-OCS/Reports/HOME PAGE/20190430_140216/1556647628666.png, /Users/sumankompelly/git/Sample-OCS/Reports/HOME PAGE/20190430_140216/1556647685135.png, /Users/sumankompelly/git/Sample-OCS/Reports/HOME PAGE/20190430_140216/1556647818163.png"/>
         <property name="hostName" value="sumankompelly - 10.0.126.233"/>
         <property name="os" value="Mac OS X 64bit"/>
         <property name="katalonVersion" value="5.10.1.1"/>
         <property name="browser" value="Chrome 74.0.3729.108"/>
         <property name="hostAddress" value="10.0.126.233"/>
         <property name="sessionId" value="4e5207d776a6d2a3f3823ac3887252db"/>
         <property name="seleniumVersion" value="3.7.1"/>
         <property name="proxyInformation" value="ProxyInformation{proxyOption=NO_PROXY, proxyServerType=HTTP, password=, proxyServerAddress=, proxyServerPort=0}"/>
         <property name="platform" value="Mac OS X"/>
      </properties>
      <testcase name="Test Cases/OCS- HOME PAGE/Toggling language" classname="Test Cases/OCS- HOME PAGE/Toggling language" status="FAILED">
         <failure type="FAILED" message="Test Cases/OCS- HOME PAGE/Toggling language FAILED.
Reason:
com.kms.katalon.core.exception.StepFailedException: Unable to click on object 'Object Repository/language_OR/Page_Ontario Cannabis Store  Ontari/p_English' (Root cause: com.kms.katalon.core.webui.exception.WebElementNotFoundException: Web element with id: 'Object Repository/language_OR/Page_Ontario Cannabis Store  Ontari/p_English' located by 'By.xpath: //div[@id='shopify-section-en-header']/header/div/div/div/p' not found)
	at com.kms.katalon.core.keyword.internal.KeywordMain.stepFailed(KeywordMain.groovy:36)
	at com.kms.katalon.core.webui.keyword.internal.WebUIKeywordMain.stepFailed(WebUIKeywordMain.groovy:65)
	at com.kms.katalon.core.webui.keyword.internal.WebUIKeywordMain.runKeyword(WebUIKeywordMain.groovy:27)
	at com.kms.katalon.core.webui.keyword.builtin.ClickKeyword.click(ClickKeyword.groovy:86)
	at com.kms.katalon.core.webui.keyword.builtin.ClickKeyword.execute(ClickKeyword.groovy:67)
	at com.kms.katalon.core.keyword.internal.KeywordExecutor.executeKeywordForPlatform(KeywordExecutor.groovy:53)
	at com.kms.katalon.core.webui.keyword.WebUiBuiltInKeywords.click(WebUiBuiltInKeywords.groovy:616)
	at com.kms.katalon.core.webui.keyword.WebUiBuiltInKeywords$click$3.call(Unknown Source)
	at Toggling language.run(Toggling language:41)
	at com.kms.katalon.core.main.ScriptEngine.run(ScriptEngine.java:194)
	at com.kms.katalon.core.main.ScriptEngine.runScriptAsRawText(ScriptEngine.java:119)
	at com.kms.katalon.core.main.TestCaseExecutor.runScript(TestCaseExecutor.java:328)
	at com.kms.katalon.core.main.TestCaseExecutor.doExecute(TestCaseExecutor.java:319)
	at com.kms.katalon.core.main.TestCaseExecutor.processExecutionPhase(TestCaseExecutor.java:298)
	at com.kms.katalon.core.main.TestCaseExecutor.accessMainPhase(TestCaseExecutor.java:290)
	at com.kms.katalon.core.main.TestCaseExecutor.execute(TestCaseExecutor.java:224)
	at com.kms.katalon.core.main.TestSuiteExecutor.accessTestCaseMainPhase(TestSuiteExecutor.java:129)
	at com.kms.katalon.core.main.TestSuiteExecutor.accessTestSuiteMainPhase(TestSuiteExecutor.java:112)
	at com.kms.katalon.core.main.TestSuiteExecutor.execute(TestSuiteExecutor.java:81)
	at com.kms.katalon.core.main.TestCaseMain.startTestSuite(TestCaseMain.java:149)
	at com.kms.katalon.core.main.TestCaseMain$startTestSuite$0.call(Unknown Source)
	at TempTestSuite1556647337000.run(TempTestSuite1556647337000.groovy:36)
"/>
         <system-out><![CDATA[2019-04-30 14:02:19 - [TEST_CASE][FAILED] - Test Cases/OCS- HOME PAGE/Toggling language: Test Cases/OCS- HOME PAGE/Toggling language FAILED.
Reason:
com.kms.katalon.core.exception.StepFailedException: Unable to click on object 'Object Repository/language_OR/Page_Ontario Cannabis Store  Ontari/p_English' (Root cause: com.kms.katalon.core.webui.exception.WebElementNotFoundException: Web element with id: 'Object Repository/language_OR/Page_Ontario Cannabis Store  Ontari/p_English' located by 'By.xpath: //div[@id='shopify-section-en-header']/header/div/div/div/p' not found)
	at com.kms.katalon.core.keyword.internal.KeywordMain.stepFailed(KeywordMain.groovy:36)
	at com.kms.katalon.core.webui.keyword.internal.WebUIKeywordMain.stepFailed(WebUIKeywordMain.groovy:65)
	at com.kms.katalon.core.webui.keyword.internal.WebUIKeywordMain.runKeyword(WebUIKeywordMain.groovy:27)
	at com.kms.katalon.core.webui.keyword.builtin.ClickKeyword.click(ClickKeyword.groovy:86)
	at com.kms.katalon.core.webui.keyword.builtin.ClickKeyword.execute(ClickKeyword.groovy:67)
	at com.kms.katalon.core.keyword.internal.KeywordExecutor.executeKeywordForPlatform(KeywordExecutor.groovy:53)
	at com.kms.katalon.core.webui.keyword.WebUiBuiltInKeywords.click(WebUiBuiltInKeywords.groovy:616)
	at com.kms.katalon.core.webui.keyword.WebUiBuiltInKeywords$click$3.call(Unknown Source)
	at Toggling language.run(Toggling language:41)
	at com.kms.katalon.core.main.ScriptEngine.run(ScriptEngine.java:194)
	at com.kms.katalon.core.main.ScriptEngine.runScriptAsRawText(ScriptEngine.java:119)
	at com.kms.katalon.core.main.TestCaseExecutor.runScript(TestCaseExecutor.java:328)
	at com.kms.katalon.core.main.TestCaseExecutor.doExecute(TestCaseExecutor.java:319)
	at com.kms.katalon.core.main.TestCaseExecutor.processExecutionPhase(TestCaseExecutor.java:298)
	at com.kms.katalon.core.main.TestCaseExecutor.accessMainPhase(TestCaseExecutor.java:290)
	at com.kms.katalon.core.main.TestCaseExecutor.execute(TestCaseExecutor.java:224)
	at com.kms.katalon.core.main.TestSuiteExecutor.accessTestCaseMainPhase(TestSuiteExecutor.java:129)
	at com.kms.katalon.core.main.TestSuiteExecutor.accessTestSuiteMainPhase(TestSuiteExecutor.java:112)
	at com.kms.katalon.core.main.TestSuiteExecutor.execute(TestSuiteExecutor.java:81)
	at com.kms.katalon.core.main.TestCaseMain.startTestSuite(TestCaseMain.java:149)
	at com.kms.katalon.core.main.TestCaseMain$startTestSuite$0.call(Unknown Source)
	at TempTestSuite1556647337000.run(TempTestSuite1556647337000.groovy:36)


2019-04-30 14:02:19 - [TEST_STEP][PASSED] - openBrowser(""): Browser is opened with url: ''

2019-04-30 14:02:20 - [MESSAGE][INFO] - Starting 'Chrome' driver

2019-04-30 14:02:20 - [MESSAGE][INFO] - Action delay is set to 0 seconds

2019-04-30 14:02:22 - [MESSAGE][PASSED] - Browser is opened with url: ''

2019-04-30 14:02:22 - [TEST_STEP][PASSED] - navigateToUrl("http://ocs.ca/#/verify-age"): Navigate to 'http://ocs.ca/#/verify-age' successfully

2019-04-30 14:02:26 - [MESSAGE][PASSED] - Navigate to 'http://ocs.ca/#/verify-age' successfully

2019-04-30 14:02:26 - [TEST_STEP][PASSED] - maximizeWindow(): Current window maximized

2019-04-30 14:02:26 - [MESSAGE][PASSED] - Current window maximized

2019-04-30 14:02:26 - [TEST_STEP][PASSED] - selectOptionByValue(findTestObject("Object Repository/language_OR/Page_Ontario Cannabis Store  Ontari/select_Select01020304050607080"), "1", true): All options with value '1' are selected in object 'Object Repository/language_OR/Page_Ontario Cannabis Store  Ontari/select_Select01020304050607080'  using regular expression

2019-04-30 14:02:27 - [MESSAGE][PASSED] - All options with value '1' are selected in object 'Object Repository/language_OR/Page_Ontario Cannabis Store  Ontari/select_Select01020304050607080'  using regular expression

2019-04-30 14:02:27 - [TEST_STEP][PASSED] - selectOptionByValue(findTestObject("Object Repository/language_OR/Page_Ontario Cannabis Store  Ontari/select_SelectJanuary - 01Febru"), "0", true): All options with value '0' are selected in object 'Object Repository/language_OR/Page_Ontario Cannabis Store  Ontari/select_SelectJanuary - 01Febru'  using regular expression

2019-04-30 14:02:27 - [MESSAGE][PASSED] - All options with value '0' are selected in object 'Object Repository/language_OR/Page_Ontario Cannabis Store  Ontari/select_SelectJanuary - 01Febru'  using regular expression

2019-04-30 14:02:27 - [TEST_STEP][PASSED] - selectOptionByValue(findTestObject("Object Repository/language_OR/Page_Ontario Cannabis Store  Ontari/select_Select20182017201620152"), "1968", true): All options with value '1968' are selected in object 'Object Repository/language_OR/Page_Ontario Cannabis Store  Ontari/select_Select20182017201620152'  using regular expression

2019-04-30 14:02:28 - [MESSAGE][PASSED] - All options with value '1968' are selected in object 'Object Repository/language_OR/Page_Ontario Cannabis Store  Ontari/select_Select20182017201620152'  using regular expression

2019-04-30 14:02:28 - [TEST_STEP][PASSED] - click(findTestObject("Object Repository/language_OR/Page_Ontario Cannabis Store  Ontari/button_Verify")): Object: 'Object Repository/language_OR/Page_Ontario Cannabis Store  Ontari/button_Verify' is clicked on

2019-04-30 14:02:28 - [MESSAGE][PASSED] - Object: 'Object Repository/language_OR/Page_Ontario Cannabis Store  Ontari/button_Verify' is clicked on

2019-04-30 14:02:28 - [TEST_STEP][PASSED] - click(findTestObject("Object Repository/language_OR/Page_Ontario Cannabis Store  Ontari/span_CONFIRM AND ACKNOWLEDGE_c")): Object: 'Object Repository/language_OR/Page_Ontario Cannabis Store  Ontari/span_CONFIRM AND ACKNOWLEDGE_c' is clicked on

2019-04-30 14:02:28 - [MESSAGE][PASSED] - Object: 'Object Repository/language_OR/Page_Ontario Cannabis Store  Ontari/span_CONFIRM AND ACKNOWLEDGE_c' is clicked on

2019-04-30 14:02:28 - [TEST_STEP][PASSED] - click(findTestObject("Object Repository/language_OR/Page_Ontario Cannabis Store  Ontari/button_CONFIRM")): Object: 'Object Repository/language_OR/Page_Ontario Cannabis Store  Ontari/button_CONFIRM' is clicked on

2019-04-30 14:02:28 - [MESSAGE][PASSED] - Object: 'Object Repository/language_OR/Page_Ontario Cannabis Store  Ontari/button_CONFIRM' is clicked on

2019-04-30 14:02:28 - [TEST_STEP][PASSED] - click(findTestObject("Object Repository/language_OR/Page_Ontario Cannabis Store  Ontari/button_Start Browsing")): Object: 'Object Repository/language_OR/Page_Ontario Cannabis Store  Ontari/button_Start Browsing' is clicked on

2019-04-30 14:02:29 - [MESSAGE][PASSED] - Object: 'Object Repository/language_OR/Page_Ontario Cannabis Store  Ontari/button_Start Browsing' is clicked on

2019-04-30 14:02:29 - [TEST_STEP][PASSED] - delay(5): Delayed 5 second(s)

2019-04-30 14:02:34 - [MESSAGE][PASSED] - Delayed 5 second(s)

2019-04-30 14:02:34 - [TEST_STEP][FAILED] - click(findTestObject("Object Repository/language_OR/Page_Ontario Cannabis Store  Ontari/p_English")): click(findTestObject("Object Repository/language_OR/Page_Ontario Cannabis Store  Ontari/p_English")) FAILED.
Reason:
com.kms.katalon.core.exception.StepFailedException: Unable to click on object 'Object Repository/language_OR/Page_Ontario Cannabis Store  Ontari/p_English' (Root cause: com.kms.katalon.core.webui.exception.WebElementNotFoundException: Web element with id: 'Object Repository/language_OR/Page_Ontario Cannabis Store  Ontari/p_English' located by 'By.xpath: //div[@id='shopify-section-en-header']/header/div/div/div/p' not found)
	at com.kms.katalon.core.keyword.internal.KeywordMain.stepFailed(KeywordMain.groovy:36)
	at com.kms.katalon.core.webui.keyword.internal.WebUIKeywordMain.stepFailed(WebUIKeywordMain.groovy:65)
	at com.kms.katalon.core.webui.keyword.internal.WebUIKeywordMain.runKeyword(WebUIKeywordMain.groovy:27)
	at com.kms.katalon.core.webui.keyword.builtin.ClickKeyword.click(ClickKeyword.groovy:86)
	at com.kms.katalon.core.webui.keyword.builtin.ClickKeyword.execute(ClickKeyword.groovy:67)
	at com.kms.katalon.core.keyword.internal.KeywordExecutor.executeKeywordForPlatform(KeywordExecutor.groovy:53)
	at com.kms.katalon.core.webui.keyword.WebUiBuiltInKeywords.click(WebUiBuiltInKeywords.groovy:616)
	at com.kms.katalon.core.webui.keyword.WebUiBuiltInKeywords$click$3.call(Unknown Source)
	at Toggling language.run(Toggling language:41)
	at com.kms.katalon.core.main.ScriptEngine.run(ScriptEngine.java:194)
	at com.kms.katalon.core.main.ScriptEngine.runScriptAsRawText(ScriptEngine.java:119)
	at com.kms.katalon.core.main.TestCaseExecutor.runScript(TestCaseExecutor.java:328)
	at com.kms.katalon.core.main.TestCaseExecutor.doExecute(TestCaseExecutor.java:319)
	at com.kms.katalon.core.main.TestCaseExecutor.processExecutionPhase(TestCaseExecutor.java:298)
	at com.kms.katalon.core.main.TestCaseExecutor.accessMainPhase(TestCaseExecutor.java:290)
	at com.kms.katalon.core.main.TestCaseExecutor.execute(TestCaseExecutor.java:224)
	at com.kms.katalon.core.main.TestSuiteExecutor.accessTestCaseMainPhase(TestSuiteExecutor.java:129)
	at com.kms.katalon.core.main.TestSuiteExecutor.accessTestSuiteMainPhase(TestSuiteExecutor.java:112)
	at com.kms.katalon.core.main.TestSuiteExecutor.execute(TestSuiteExecutor.java:81)
	at com.kms.katalon.core.main.TestCaseMain.startTestSuite(TestCaseMain.java:149)
	at com.kms.katalon.core.main.TestCaseMain$startTestSuite$0.call(Unknown Source)
	at TempTestSuite1556647337000.run(TempTestSuite1556647337000.groovy:36)


2019-04-30 14:03:04 - [MESSAGE][INFO] - Unable to find the element located by 'By.xpath: //div[@id='shopify-section-en-header']/header/div/div/div/p'. Please recheck the objects properties to make sure the desired element is located. 

2019-04-30 14:03:06 - [MESSAGE][FAILED] - Unable to click on object 'Object Repository/language_OR/Page_Ontario Cannabis Store  Ontari/p_English' (Root cause: com.kms.katalon.core.webui.exception.WebElementNotFoundException: Web element with id: 'Object Repository/language_OR/Page_Ontario Cannabis Store  Ontari/p_English' located by 'By.xpath: //div[@id='shopify-section-en-header']/header/div/div/div/p' not found)
[[ATTACHMENT|/Users/sumankompelly/git/Sample-OCS/Reports/HOME PAGE/20190430_140216/1556647384852.png]]

2019-04-30 14:03:06 - [MESSAGE][FAILED] - click(findTestObject("Object Repository/language_OR/Page_Ontario Cannabis Store  Ontari/p_English")) FAILED.
Reason:
com.kms.katalon.core.exception.StepFailedException: Unable to click on object 'Object Repository/language_OR/Page_Ontario Cannabis Store  Ontari/p_English' (Root cause: com.kms.katalon.core.webui.exception.WebElementNotFoundException: Web element with id: 'Object Repository/language_OR/Page_Ontario Cannabis Store  Ontari/p_English' located by 'By.xpath: //div[@id='shopify-section-en-header']/header/div/div/div/p' not found)
	at com.kms.katalon.core.keyword.internal.KeywordMain.stepFailed(KeywordMain.groovy:36)
	at com.kms.katalon.core.webui.keyword.internal.WebUIKeywordMain.stepFailed(WebUIKeywordMain.groovy:65)
	at com.kms.katalon.core.webui.keyword.internal.WebUIKeywordMain.runKeyword(WebUIKeywordMain.groovy:27)
	at com.kms.katalon.core.webui.keyword.builtin.ClickKeyword.click(ClickKeyword.groovy:86)
	at com.kms.katalon.core.webui.keyword.builtin.ClickKeyword.execute(ClickKeyword.groovy:67)
	at com.kms.katalon.core.keyword.internal.KeywordExecutor.executeKeywordForPlatform(KeywordExecutor.groovy:53)
	at com.kms.katalon.core.webui.keyword.WebUiBuiltInKeywords.click(WebUiBuiltInKeywords.groovy:616)
	at com.kms.katalon.core.webui.keyword.WebUiBuiltInKeywords$click$3.call(Unknown Source)
	at Toggling language.run(Toggling language:41)
	at com.kms.katalon.core.main.ScriptEngine.run(ScriptEngine.java:194)
	at com.kms.katalon.core.main.ScriptEngine.runScriptAsRawText(ScriptEngine.java:119)
	at com.kms.katalon.core.main.TestCaseExecutor.runScript(TestCaseExecutor.java:328)
	at com.kms.katalon.core.main.TestCaseExecutor.doExecute(TestCaseExecutor.java:319)
	at com.kms.katalon.core.main.TestCaseExecutor.processExecutionPhase(TestCaseExecutor.java:298)
	at com.kms.katalon.core.main.TestCaseExecutor.accessMainPhase(TestCaseExecutor.java:290)
	at com.kms.katalon.core.main.TestCaseExecutor.execute(TestCaseExecutor.java:224)
	at com.kms.katalon.core.main.TestSuiteExecutor.accessTestCaseMainPhase(TestSuiteExecutor.java:129)
	at com.kms.katalon.core.main.TestSuiteExecutor.accessTestSuiteMainPhase(TestSuiteExecutor.java:112)
	at com.kms.katalon.core.main.TestSuiteExecutor.execute(TestSuiteExecutor.java:81)
	at com.kms.katalon.core.main.TestCaseMain.startTestSuite(TestCaseMain.java:149)
	at com.kms.katalon.core.main.TestCaseMain$startTestSuite$0.call(Unknown Source)
	at TempTestSuite1556647337000.run(TempTestSuite1556647337000.groovy:36)]]></system-out>
         <system-err><![CDATA[2019-04-30 14:02:19 - [TEST_CASE][FAILED] - Test Cases/OCS- HOME PAGE/Toggling language: Test Cases/OCS- HOME PAGE/Toggling language FAILED.
Reason:
com.kms.katalon.core.exception.StepFailedException: Unable to click on object 'Object Repository/language_OR/Page_Ontario Cannabis Store  Ontari/p_English' (Root cause: com.kms.katalon.core.webui.exception.WebElementNotFoundException: Web element with id: 'Object Repository/language_OR/Page_Ontario Cannabis Store  Ontari/p_English' located by 'By.xpath: //div[@id='shopify-section-en-header']/header/div/div/div/p' not found)
	at com.kms.katalon.core.keyword.internal.KeywordMain.stepFailed(KeywordMain.groovy:36)
	at com.kms.katalon.core.webui.keyword.internal.WebUIKeywordMain.stepFailed(WebUIKeywordMain.groovy:65)
	at com.kms.katalon.core.webui.keyword.internal.WebUIKeywordMain.runKeyword(WebUIKeywordMain.groovy:27)
	at com.kms.katalon.core.webui.keyword.builtin.ClickKeyword.click(ClickKeyword.groovy:86)
	at com.kms.katalon.core.webui.keyword.builtin.ClickKeyword.execute(ClickKeyword.groovy:67)
	at com.kms.katalon.core.keyword.internal.KeywordExecutor.executeKeywordForPlatform(KeywordExecutor.groovy:53)
	at com.kms.katalon.core.webui.keyword.WebUiBuiltInKeywords.click(WebUiBuiltInKeywords.groovy:616)
	at com.kms.katalon.core.webui.keyword.WebUiBuiltInKeywords$click$3.call(Unknown Source)
	at Toggling language.run(Toggling language:41)
	at com.kms.katalon.core.main.ScriptEngine.run(ScriptEngine.java:194)
	at com.kms.katalon.core.main.ScriptEngine.runScriptAsRawText(ScriptEngine.java:119)
	at com.kms.katalon.core.main.TestCaseExecutor.runScript(TestCaseExecutor.java:328)
	at com.kms.katalon.core.main.TestCaseExecutor.doExecute(TestCaseExecutor.java:319)
	at com.kms.katalon.core.main.TestCaseExecutor.processExecutionPhase(TestCaseExecutor.java:298)
	at com.kms.katalon.core.main.TestCaseExecutor.accessMainPhase(TestCaseExecutor.java:290)
	at com.kms.katalon.core.main.TestCaseExecutor.execute(TestCaseExecutor.java:224)
	at com.kms.katalon.core.main.TestSuiteExecutor.accessTestCaseMainPhase(TestSuiteExecutor.java:129)
	at com.kms.katalon.core.main.TestSuiteExecutor.accessTestSuiteMainPhase(TestSuiteExecutor.java:112)
	at com.kms.katalon.core.main.TestSuiteExecutor.execute(TestSuiteExecutor.java:81)
	at com.kms.katalon.core.main.TestCaseMain.startTestSuite(TestCaseMain.java:149)
	at com.kms.katalon.core.main.TestCaseMain$startTestSuite$0.call(Unknown Source)
	at TempTestSuite1556647337000.run(TempTestSuite1556647337000.groovy:36)]]></system-err>
      </testcase>
      <testcase name="Test Cases/OCS- HOME PAGE/HP-Mega menu - Hover-cannabis" classname="Test Cases/OCS- HOME PAGE/HP-Mega menu - Hover-cannabis" status="FAILED">
         <failure type="FAILED" message="Test Cases/OCS- HOME PAGE/HP-Mega menu - Hover-cannabis FAILED.
Reason:
com.kms.katalon.core.exception.StepFailedException: Unable to click on object 'Object Repository/mega-menu - cannabis/Page_Sativa Dominant Dried Flower/span_Hybrid' (Root cause: com.kms.katalon.core.webui.exception.WebElementNotFoundException: Web element with id: 'Object Repository/mega-menu - cannabis/Page_Sativa Dominant Dried Flower/span_Hybrid' located by 'By.xpath: id(&quot;shopify-section-en-header&quot;)/header[@class=&quot;header&quot;]/div[@class=&quot;menu-bar&quot;]/div[@class=&quot;menu-bar__content&quot;]/div[@class=&quot;menu-bar__left-wrapper&quot;]/div[@class=&quot;mega-menu js-mega-menu&quot;]/nav[@class=&quot;menu js-menu&quot;]/ul[@class=&quot;menu__list unstyled&quot;]/li[@class=&quot;menu__tier-one js-menu__tier-one has-tier-two-open&quot;]/div[@class=&quot;menu__tier-two&quot;]/div[@class=&quot;menu__tier-two__content-container clearfix&quot;]/ul[@class=&quot;unstyled no-margin menu__tier-two__menu-primary&quot;]/li[@class=&quot;menu__tier-three menu--type-one js-menu__tier-three&quot;]/div[@class=&quot;accordion-item__nested-container accordionize__content accordionize__content--mega-menu&quot;]/div[1]/ul[@class=&quot;unstyled&quot;]/li[@class=&quot;menu__tier-four&quot;]/a[@class=&quot;menu__tier-four__link&quot;]/span[1][count(. | //span[(text() = 'Hybrid' or . = 'Hybrid')]) = count(//span[(text() = 'Hybrid' or . = 'Hybrid')])]' not found)
	at com.kms.katalon.core.keyword.internal.KeywordMain.stepFailed(KeywordMain.groovy:32)
	at com.kms.katalon.core.webui.keyword.internal.WebUIKeywordMain.stepFailed(WebUIKeywordMain.groovy:65)
	at com.kms.katalon.core.webui.keyword.internal.WebUIKeywordMain.runKeyword(WebUIKeywordMain.groovy:27)
	at com.kms.katalon.core.webui.keyword.builtin.ClickKeyword.click(ClickKeyword.groovy:86)
	at com.kms.katalon.core.webui.keyword.builtin.ClickKeyword.execute(ClickKeyword.groovy:67)
	at com.kms.katalon.core.keyword.internal.KeywordExecutor.executeKeywordForPlatform(KeywordExecutor.groovy:53)
	at com.kms.katalon.core.webui.keyword.WebUiBuiltInKeywords.click(WebUiBuiltInKeywords.groovy:604)
	at com.kms.katalon.core.webui.keyword.WebUiBuiltInKeywords$click$5.call(Unknown Source)
	at HP-Mega menu - Hover-cannabis.run(HP-Mega menu - Hover-cannabis:71)
	at com.kms.katalon.core.main.ScriptEngine.run(ScriptEngine.java:194)
	at com.kms.katalon.core.main.ScriptEngine.runScriptAsRawText(ScriptEngine.java:119)
	at com.kms.katalon.core.main.TestCaseExecutor.runScript(TestCaseExecutor.java:328)
	at com.kms.katalon.core.main.TestCaseExecutor.doExecute(TestCaseExecutor.java:319)
	at com.kms.katalon.core.main.TestCaseExecutor.processExecutionPhase(TestCaseExecutor.java:298)
	at com.kms.katalon.core.main.TestCaseExecutor.accessMainPhase(TestCaseExecutor.java:290)
	at com.kms.katalon.core.main.TestCaseExecutor.execute(TestCaseExecutor.java:224)
	at com.kms.katalon.core.main.TestSuiteExecutor.accessTestCaseMainPhase(TestSuiteExecutor.java:129)
	at com.kms.katalon.core.main.TestSuiteExecutor.accessTestSuiteMainPhase(TestSuiteExecutor.java:112)
	at com.kms.katalon.core.main.TestSuiteExecutor.execute(TestSuiteExecutor.java:81)
	at com.kms.katalon.core.main.TestCaseMain.startTestSuite(TestCaseMain.java:149)
	at com.kms.katalon.core.main.TestCaseMain$startTestSuite$0.call(Unknown Source)
	at TempTestSuite1556647337000.run(TempTestSuite1556647337000.groovy:36)
"/>
         <system-out><![CDATA[2019-04-30 14:03:06 - [TEST_CASE][FAILED] - Test Cases/OCS- HOME PAGE/HP-Mega menu - Hover-cannabis: Test Cases/OCS- HOME PAGE/HP-Mega menu - Hover-cannabis FAILED.
Reason:
com.kms.katalon.core.exception.StepFailedException: Unable to click on object 'Object Repository/mega-menu - cannabis/Page_Sativa Dominant Dried Flower/span_Hybrid' (Root cause: com.kms.katalon.core.webui.exception.WebElementNotFoundException: Web element with id: 'Object Repository/mega-menu - cannabis/Page_Sativa Dominant Dried Flower/span_Hybrid' located by 'By.xpath: id("shopify-section-en-header")/header[@class="header"]/div[@class="menu-bar"]/div[@class="menu-bar__content"]/div[@class="menu-bar__left-wrapper"]/div[@class="mega-menu js-mega-menu"]/nav[@class="menu js-menu"]/ul[@class="menu__list unstyled"]/li[@class="menu__tier-one js-menu__tier-one has-tier-two-open"]/div[@class="menu__tier-two"]/div[@class="menu__tier-two__content-container clearfix"]/ul[@class="unstyled no-margin menu__tier-two__menu-primary"]/li[@class="menu__tier-three menu--type-one js-menu__tier-three"]/div[@class="accordion-item__nested-container accordionize__content accordionize__content--mega-menu"]/div[1]/ul[@class="unstyled"]/li[@class="menu__tier-four"]/a[@class="menu__tier-four__link"]/span[1][count(. | //span[(text() = 'Hybrid' or . = 'Hybrid')]) = count(//span[(text() = 'Hybrid' or . = 'Hybrid')])]' not found)
	at com.kms.katalon.core.keyword.internal.KeywordMain.stepFailed(KeywordMain.groovy:32)
	at com.kms.katalon.core.webui.keyword.internal.WebUIKeywordMain.stepFailed(WebUIKeywordMain.groovy:65)
	at com.kms.katalon.core.webui.keyword.internal.WebUIKeywordMain.runKeyword(WebUIKeywordMain.groovy:27)
	at com.kms.katalon.core.webui.keyword.builtin.ClickKeyword.click(ClickKeyword.groovy:86)
	at com.kms.katalon.core.webui.keyword.builtin.ClickKeyword.execute(ClickKeyword.groovy:67)
	at com.kms.katalon.core.keyword.internal.KeywordExecutor.executeKeywordForPlatform(KeywordExecutor.groovy:53)
	at com.kms.katalon.core.webui.keyword.WebUiBuiltInKeywords.click(WebUiBuiltInKeywords.groovy:604)
	at com.kms.katalon.core.webui.keyword.WebUiBuiltInKeywords$click$5.call(Unknown Source)
	at HP-Mega menu - Hover-cannabis.run(HP-Mega menu - Hover-cannabis:71)
	at com.kms.katalon.core.main.ScriptEngine.run(ScriptEngine.java:194)
	at com.kms.katalon.core.main.ScriptEngine.runScriptAsRawText(ScriptEngine.java:119)
	at com.kms.katalon.core.main.TestCaseExecutor.runScript(TestCaseExecutor.java:328)
	at com.kms.katalon.core.main.TestCaseExecutor.doExecute(TestCaseExecutor.java:319)
	at com.kms.katalon.core.main.TestCaseExecutor.processExecutionPhase(TestCaseExecutor.java:298)
	at com.kms.katalon.core.main.TestCaseExecutor.accessMainPhase(TestCaseExecutor.java:290)
	at com.kms.katalon.core.main.TestCaseExecutor.execute(TestCaseExecutor.java:224)
	at com.kms.katalon.core.main.TestSuiteExecutor.accessTestCaseMainPhase(TestSuiteExecutor.java:129)
	at com.kms.katalon.core.main.TestSuiteExecutor.accessTestSuiteMainPhase(TestSuiteExecutor.java:112)
	at com.kms.katalon.core.main.TestSuiteExecutor.execute(TestSuiteExecutor.java:81)
	at com.kms.katalon.core.main.TestCaseMain.startTestSuite(TestCaseMain.java:149)
	at com.kms.katalon.core.main.TestCaseMain$startTestSuite$0.call(Unknown Source)
	at TempTestSuite1556647337000.run(TempTestSuite1556647337000.groovy:36)


2019-04-30 14:03:06 - [TEST_STEP][PASSED] - openBrowser(""): Browser is opened with url: ''

2019-04-30 14:03:06 - [MESSAGE][WARNING] - A browser is already opened. Closing browser and opening a new one

2019-04-30 14:03:06 - [MESSAGE][INFO] - Starting 'Chrome' driver

2019-04-30 14:03:07 - [MESSAGE][PASSED] - Browser is opened with url: ''

2019-04-30 14:03:07 - [TEST_STEP][PASSED] - navigateToUrl("http://ocs.ca/#/verify-age"): Navigate to 'http://ocs.ca/#/verify-age' successfully

2019-04-30 14:03:10 - [MESSAGE][PASSED] - Navigate to 'http://ocs.ca/#/verify-age' successfully

2019-04-30 14:03:10 - [TEST_STEP][PASSED] - maximizeWindow(): Current window maximized

2019-04-30 14:03:10 - [MESSAGE][PASSED] - Current window maximized

2019-04-30 14:03:10 - [TEST_STEP][PASSED] - selectOptionByValue(findTestObject("Object Repository/mega-menu - cannabis/Page_Ontario Cannabis Store  Ontari/select_Select01020304050607080"), "1", true): All options with value '1' are selected in object 'Object Repository/mega-menu - cannabis/Page_Ontario Cannabis Store  Ontari/select_Select01020304050607080'  using regular expression

2019-04-30 14:03:11 - [MESSAGE][PASSED] - All options with value '1' are selected in object 'Object Repository/mega-menu - cannabis/Page_Ontario Cannabis Store  Ontari/select_Select01020304050607080'  using regular expression

2019-04-30 14:03:11 - [TEST_STEP][PASSED] - selectOptionByValue(findTestObject("Object Repository/mega-menu - cannabis/Page_Ontario Cannabis Store  Ontari/select_SelectJanuary - 01Febru"), "0", true): All options with value '0' are selected in object 'Object Repository/mega-menu - cannabis/Page_Ontario Cannabis Store  Ontari/select_SelectJanuary - 01Febru'  using regular expression

2019-04-30 14:03:11 - [MESSAGE][PASSED] - All options with value '0' are selected in object 'Object Repository/mega-menu - cannabis/Page_Ontario Cannabis Store  Ontari/select_SelectJanuary - 01Febru'  using regular expression

2019-04-30 14:03:11 - [TEST_STEP][PASSED] - selectOptionByValue(findTestObject("Object Repository/mega-menu - cannabis/Page_Ontario Cannabis Store  Ontari/select_Select20182017201620152"), "1968", true): All options with value '1968' are selected in object 'Object Repository/mega-menu - cannabis/Page_Ontario Cannabis Store  Ontari/select_Select20182017201620152'  using regular expression

2019-04-30 14:03:12 - [MESSAGE][PASSED] - All options with value '1968' are selected in object 'Object Repository/mega-menu - cannabis/Page_Ontario Cannabis Store  Ontari/select_Select20182017201620152'  using regular expression

2019-04-30 14:03:12 - [TEST_STEP][PASSED] - click(findTestObject("Object Repository/mega-menu - cannabis/Page_Ontario Cannabis Store  Ontari/button_Verify")): Object: 'Object Repository/mega-menu - cannabis/Page_Ontario Cannabis Store  Ontari/button_Verify' is clicked on

2019-04-30 14:03:12 - [MESSAGE][PASSED] - Object: 'Object Repository/mega-menu - cannabis/Page_Ontario Cannabis Store  Ontari/button_Verify' is clicked on

2019-04-30 14:03:12 - [TEST_STEP][PASSED] - click(findTestObject("Object Repository/mega-menu - cannabis/Page_Ontario Cannabis Store  Ontari/span_CONFIRM AND ACKNOWLEDGE_c")): Object: 'Object Repository/mega-menu - cannabis/Page_Ontario Cannabis Store  Ontari/span_CONFIRM AND ACKNOWLEDGE_c' is clicked on

2019-04-30 14:03:12 - [MESSAGE][PASSED] - Object: 'Object Repository/mega-menu - cannabis/Page_Ontario Cannabis Store  Ontari/span_CONFIRM AND ACKNOWLEDGE_c' is clicked on

2019-04-30 14:03:12 - [TEST_STEP][PASSED] - click(findTestObject("Object Repository/mega-menu - cannabis/Page_Ontario Cannabis Store  Ontari/button_CONFIRM")): Object: 'Object Repository/mega-menu - cannabis/Page_Ontario Cannabis Store  Ontari/button_CONFIRM' is clicked on

2019-04-30 14:03:12 - [MESSAGE][PASSED] - Object: 'Object Repository/mega-menu - cannabis/Page_Ontario Cannabis Store  Ontari/button_CONFIRM' is clicked on

2019-04-30 14:03:12 - [TEST_STEP][PASSED] - click(findTestObject("Object Repository/mega-menu - cannabis/Page_Ontario Cannabis Store  Ontari/button_Start Browsing")): Object: 'Object Repository/mega-menu - cannabis/Page_Ontario Cannabis Store  Ontari/button_Start Browsing' is clicked on

2019-04-30 14:03:12 - [MESSAGE][PASSED] - Object: 'Object Repository/mega-menu - cannabis/Page_Ontario Cannabis Store  Ontari/button_Start Browsing' is clicked on

2019-04-30 14:03:12 - [TEST_STEP][PASSED] - delay(2): Delayed 2 second(s)

2019-04-30 14:03:14 - [MESSAGE][PASSED] - Delayed 2 second(s)

2019-04-30 14:03:14 - [TEST_STEP][PASSED] - click(findTestObject("mega-menu - cannabis/Page_Ontario Cannabis Store  Ontari/h3_Cannabis")): Object: 'Object Repository/mega-menu - cannabis/Page_Ontario Cannabis Store  Ontari/h3_Cannabis' is clicked on

2019-04-30 14:03:14 - [MESSAGE][PASSED] - Object: 'Object Repository/mega-menu - cannabis/Page_Ontario Cannabis Store  Ontari/h3_Cannabis' is clicked on

2019-04-30 14:03:14 - [TEST_STEP][PASSED] - delay(2): Delayed 2 second(s)

2019-04-30 14:03:16 - [MESSAGE][PASSED] - Delayed 2 second(s)

2019-04-30 14:03:16 - [TEST_STEP][PASSED] - click(findTestObject("mega-menu - cannabis/Page_Dried Flower  Ontario Cannabis/span_Indica Dominant")): Object: 'Object Repository/mega-menu - cannabis/Page_Dried Flower  Ontario Cannabis/span_Indica Dominant' is clicked on

2019-04-30 14:03:17 - [MESSAGE][PASSED] - Object: 'Object Repository/mega-menu - cannabis/Page_Dried Flower  Ontario Cannabis/span_Indica Dominant' is clicked on

2019-04-30 14:03:17 - [TEST_STEP][PASSED] - mouseOver(findTestObject("mega-menu - cannabis/Page_Ontario Cannabis Store  Ontari/h3_Cannabis")): Object: 'Object Repository/mega-menu - cannabis/Page_Ontario Cannabis Store  Ontari/h3_Cannabis' is hovered

2019-04-30 14:03:17 - [MESSAGE][PASSED] - Object: 'Object Repository/mega-menu - cannabis/Page_Ontario Cannabis Store  Ontari/h3_Cannabis' is hovered

2019-04-30 14:03:17 - [TEST_STEP][PASSED] - delay(3): Delayed 3 second(s)

2019-04-30 14:03:20 - [MESSAGE][PASSED] - Delayed 3 second(s)

2019-04-30 14:03:20 - [TEST_STEP][PASSED] - mouseOver(findTestObject("mega-menu - cannabis/Page_Ontario Cannabis Store  Ontari/span_Dried Flower")): Object: 'Object Repository/mega-menu - cannabis/Page_Ontario Cannabis Store  Ontari/span_Dried Flower' is hovered

2019-04-30 14:03:20 - [MESSAGE][PASSED] - Object: 'Object Repository/mega-menu - cannabis/Page_Ontario Cannabis Store  Ontari/span_Dried Flower' is hovered

2019-04-30 14:03:20 - [TEST_STEP][PASSED] - delay(2): Delayed 2 second(s)

2019-04-30 14:03:22 - [MESSAGE][PASSED] - Delayed 2 second(s)

2019-04-30 14:03:22 - [TEST_STEP][PASSED] - click(findTestObject("mega-menu - cannabis/Page_Ontario Cannabis Store  Ontari/span_Dried Flower")): Object: 'Object Repository/mega-menu - cannabis/Page_Ontario Cannabis Store  Ontari/span_Dried Flower' is clicked on

2019-04-30 14:03:24 - [MESSAGE][PASSED] - Object: 'Object Repository/mega-menu - cannabis/Page_Ontario Cannabis Store  Ontari/span_Dried Flower' is clicked on

2019-04-30 14:03:24 - [TEST_STEP][PASSED] - mouseOver(findTestObject("mega-menu - cannabis/Page_Ontario Cannabis Store  Ontari/h3_Cannabis")): Object: 'Object Repository/mega-menu - cannabis/Page_Ontario Cannabis Store  Ontari/h3_Cannabis' is hovered

2019-04-30 14:03:25 - [MESSAGE][PASSED] - Object: 'Object Repository/mega-menu - cannabis/Page_Ontario Cannabis Store  Ontari/h3_Cannabis' is hovered

2019-04-30 14:03:25 - [TEST_STEP][PASSED] - delay(2): Delayed 2 second(s)

2019-04-30 14:03:27 - [MESSAGE][PASSED] - Delayed 2 second(s)

2019-04-30 14:03:27 - [TEST_STEP][PASSED] - mouseOver(findTestObject("mega-menu - cannabis/Page_Ontario Cannabis Store  Ontari/h3_Cannabis")): Object: 'Object Repository/mega-menu - cannabis/Page_Ontario Cannabis Store  Ontari/h3_Cannabis' is hovered

2019-04-30 14:03:27 - [MESSAGE][PASSED] - Object: 'Object Repository/mega-menu - cannabis/Page_Ontario Cannabis Store  Ontari/h3_Cannabis' is hovered

2019-04-30 14:03:27 - [TEST_STEP][PASSED] - delay(2): Delayed 2 second(s)

2019-04-30 14:03:29 - [MESSAGE][PASSED] - Delayed 2 second(s)

2019-04-30 14:03:29 - [TEST_STEP][PASSED] - click(findTestObject("mega-menu - cannabis/Page_Indica Dominant Dried Flower/span_Sativa Dominant")): Object: 'Object Repository/mega-menu - cannabis/Page_Indica Dominant Dried Flower/span_Sativa Dominant' is clicked on

2019-04-30 14:03:29 - [MESSAGE][PASSED] - Object: 'Object Repository/mega-menu - cannabis/Page_Indica Dominant Dried Flower/span_Sativa Dominant' is clicked on

2019-04-30 14:03:29 - [TEST_STEP][PASSED] - mouseOver(findTestObject("mega-menu - cannabis/Page_Ontario Cannabis Store  Ontari/h3_Cannabis")): Object: 'Object Repository/mega-menu - cannabis/Page_Ontario Cannabis Store  Ontari/h3_Cannabis' is hovered

2019-04-30 14:03:29 - [MESSAGE][PASSED] - Object: 'Object Repository/mega-menu - cannabis/Page_Ontario Cannabis Store  Ontari/h3_Cannabis' is hovered

2019-04-30 14:03:29 - [TEST_STEP][PASSED] - delay(2): Delayed 2 second(s)

2019-04-30 14:03:31 - [MESSAGE][PASSED] - Delayed 2 second(s)

2019-04-30 14:03:31 - [TEST_STEP][FAILED] - click(findTestObject("mega-menu - cannabis/Page_Sativa Dominant Dried Flower/span_Hybrid"), CONTINUE_ON_FAILURE): Unable to click on object 'Object Repository/mega-menu - cannabis/Page_Sativa Dominant Dried Flower/span_Hybrid' (Root cause: com.kms.katalon.core.webui.exception.WebElementNotFoundException: Web element with id: 'Object Repository/mega-menu - cannabis/Page_Sativa Dominant Dried Flower/span_Hybrid' located by 'By.xpath: id("shopify-section-en-header")/header[@class="header"]/div[@class="menu-bar"]/div[@class="menu-bar__content"]/div[@class="menu-bar__left-wrapper"]/div[@class="mega-menu js-mega-menu"]/nav[@class="menu js-menu"]/ul[@class="menu__list unstyled"]/li[@class="menu__tier-one js-menu__tier-one has-tier-two-open"]/div[@class="menu__tier-two"]/div[@class="menu__tier-two__content-container clearfix"]/ul[@class="unstyled no-margin menu__tier-two__menu-primary"]/li[@class="menu__tier-three menu--type-one js-menu__tier-three"]/div[@class="accordion-item__nested-container accordionize__content accordionize__content--mega-menu"]/div[1]/ul[@class="unstyled"]/li[@class="menu__tier-four"]/a[@class="menu__tier-four__link"]/span[1][count(. | //span[(text() = 'Hybrid' or . = 'Hybrid')]) = count(//span[(text() = 'Hybrid' or . = 'Hybrid')])]' not found)

2019-04-30 14:04:02 - [MESSAGE][INFO] - Unable to find the element located by 'By.xpath: id("shopify-section-en-header")/header[@class="header"]/div[@class="menu-bar"]/div[@class="menu-bar__content"]/div[@class="menu-bar__left-wrapper"]/div[@class="mega-menu js-mega-menu"]/nav[@class="menu js-menu"]/ul[@class="menu__list unstyled"]/li[@class="menu__tier-one js-menu__tier-one has-tier-two-open"]/div[@class="menu__tier-two"]/div[@class="menu__tier-two__content-container clearfix"]/ul[@class="unstyled no-margin menu__tier-two__menu-primary"]/li[@class="menu__tier-three menu--type-one js-menu__tier-three"]/div[@class="accordion-item__nested-container accordionize__content accordionize__content--mega-menu"]/div[1]/ul[@class="unstyled"]/li[@class="menu__tier-four"]/a[@class="menu__tier-four__link"]/span[1][count(. | //span[(text() = 'Hybrid' or . = 'Hybrid')]) = count(//span[(text() = 'Hybrid' or . = 'Hybrid')])]'. Please recheck the objects properties to make sure the desired element is located. 

2019-04-30 14:04:03 - [MESSAGE][FAILED] - Unable to click on object 'Object Repository/mega-menu - cannabis/Page_Sativa Dominant Dried Flower/span_Hybrid' (Root cause: com.kms.katalon.core.webui.exception.WebElementNotFoundException: Web element with id: 'Object Repository/mega-menu - cannabis/Page_Sativa Dominant Dried Flower/span_Hybrid' located by 'By.xpath: id("shopify-section-en-header")/header[@class="header"]/div[@class="menu-bar"]/div[@class="menu-bar__content"]/div[@class="menu-bar__left-wrapper"]/div[@class="mega-menu js-mega-menu"]/nav[@class="menu js-menu"]/ul[@class="menu__list unstyled"]/li[@class="menu__tier-one js-menu__tier-one has-tier-two-open"]/div[@class="menu__tier-two"]/div[@class="menu__tier-two__content-container clearfix"]/ul[@class="unstyled no-margin menu__tier-two__menu-primary"]/li[@class="menu__tier-three menu--type-one js-menu__tier-three"]/div[@class="accordion-item__nested-container accordionize__content accordionize__content--mega-menu"]/div[1]/ul[@class="unstyled"]/li[@class="menu__tier-four"]/a[@class="menu__tier-four__link"]/span[1][count(. | //span[(text() = 'Hybrid' or . = 'Hybrid')]) = count(//span[(text() = 'Hybrid' or . = 'Hybrid')])]' not found)
[[ATTACHMENT|/Users/sumankompelly/git/Sample-OCS/Reports/HOME PAGE/20190430_140216/1556647442592.png]]

2019-04-30 14:04:03 - [TEST_STEP][PASSED] - mouseOver(findTestObject("mega-menu - cannabis/Page_Ontario Cannabis Store  Ontari/h3_Cannabis")): Object: 'Object Repository/mega-menu - cannabis/Page_Ontario Cannabis Store  Ontari/h3_Cannabis' is hovered

2019-04-30 14:04:03 - [MESSAGE][PASSED] - Object: 'Object Repository/mega-menu - cannabis/Page_Ontario Cannabis Store  Ontari/h3_Cannabis' is hovered

2019-04-30 14:04:03 - [TEST_STEP][PASSED] - delay(2): Delayed 2 second(s)

2019-04-30 14:04:05 - [MESSAGE][PASSED] - Delayed 2 second(s)

2019-04-30 14:04:05 - [TEST_STEP][PASSED] - click(findTestObject("mega-menu - cannabis/Page_Hybrid Dried Flower  Ontario C/a_Shop AllDried Flower")): Object: 'Object Repository/mega-menu - cannabis/Page_Hybrid Dried Flower  Ontario C/a_Shop AllDried Flower' is clicked on

2019-04-30 14:04:05 - [MESSAGE][PASSED] - Object: 'Object Repository/mega-menu - cannabis/Page_Hybrid Dried Flower  Ontario C/a_Shop AllDried Flower' is clicked on

2019-04-30 14:04:05 - [TEST_STEP][PASSED] - mouseOver(findTestObject("Object Repository/mega-menu - cannabis/Page_Ontario Cannabis Store  Ontari/h3_Cannabis")): Object: 'Object Repository/mega-menu - cannabis/Page_Ontario Cannabis Store  Ontari/h3_Cannabis' is hovered

2019-04-30 14:04:05 - [MESSAGE][PASSED] - Object: 'Object Repository/mega-menu - cannabis/Page_Ontario Cannabis Store  Ontari/h3_Cannabis' is hovered

2019-04-30 14:04:05 - [TEST_STEP][PASSED] - delay(2): Delayed 2 second(s)

2019-04-30 14:04:07 - [MESSAGE][PASSED] - Delayed 2 second(s)

2019-04-30 14:04:07 - [TEST_STEP][NOT_RUN] - click(findTestObject("Object Repository/mega-menu - cannabis/Page_Dried Flower  Ontario Cannabis/span_Oils")): NOT_RUN: click(findTestObject("Object Repository/mega-menu - cannabis/Page_Dried Flower  Ontario Cannabis/span_Oils"))

2019-04-30 14:04:07 - [MESSAGE][NOT_RUN] - NOT_RUN: click(findTestObject("Object Repository/mega-menu - cannabis/Page_Dried Flower  Ontario Cannabis/span_Oils"))

2019-04-30 14:04:07 - [TEST_STEP][PASSED] - mouseOver(findTestObject("Object Repository/mega-menu - cannabis/Page_Ontario Cannabis Store  Ontari/h3_Cannabis")): Object: 'Object Repository/mega-menu - cannabis/Page_Ontario Cannabis Store  Ontari/h3_Cannabis' is hovered

2019-04-30 14:04:07 - [MESSAGE][PASSED] - Object: 'Object Repository/mega-menu - cannabis/Page_Ontario Cannabis Store  Ontari/h3_Cannabis' is hovered

2019-04-30 14:04:07 - [TEST_STEP][PASSED] - delay(2): Delayed 2 second(s)

2019-04-30 14:04:10 - [MESSAGE][PASSED] - Delayed 2 second(s)

2019-04-30 14:04:10 - [TEST_STEP][FAILED] - click(findTestObject("mega-menu - cannabis/Page_Oils  Ontario Cannabis Store/span_Bottled Oils")): click(findTestObject("mega-menu - cannabis/Page_Oils  Ontario Cannabis Store/span_Bottled Oils")) FAILED.
Reason:
com.kms.katalon.core.exception.StepFailedException: Unable to click on object 'Object Repository/mega-menu - cannabis/Page_Sativa Dominant Dried Flower/span_Hybrid' (Root cause: com.kms.katalon.core.webui.exception.WebElementNotFoundException: Web element with id: 'Object Repository/mega-menu - cannabis/Page_Sativa Dominant Dried Flower/span_Hybrid' located by 'By.xpath: id("shopify-section-en-header")/header[@class="header"]/div[@class="menu-bar"]/div[@class="menu-bar__content"]/div[@class="menu-bar__left-wrapper"]/div[@class="mega-menu js-mega-menu"]/nav[@class="menu js-menu"]/ul[@class="menu__list unstyled"]/li[@class="menu__tier-one js-menu__tier-one has-tier-two-open"]/div[@class="menu__tier-two"]/div[@class="menu__tier-two__content-container clearfix"]/ul[@class="unstyled no-margin menu__tier-two__menu-primary"]/li[@class="menu__tier-three menu--type-one js-menu__tier-three"]/div[@class="accordion-item__nested-container accordionize__content accordionize__content--mega-menu"]/div[1]/ul[@class="unstyled"]/li[@class="menu__tier-four"]/a[@class="menu__tier-four__link"]/span[1][count(. | //span[(text() = 'Hybrid' or . = 'Hybrid')]) = count(//span[(text() = 'Hybrid' or . = 'Hybrid')])]' not found)
	at com.kms.katalon.core.keyword.internal.KeywordMain.stepFailed(KeywordMain.groovy:32)
	at com.kms.katalon.core.webui.keyword.internal.WebUIKeywordMain.stepFailed(WebUIKeywordMain.groovy:65)
	at com.kms.katalon.core.webui.keyword.internal.WebUIKeywordMain.runKeyword(WebUIKeywordMain.groovy:27)
	at com.kms.katalon.core.webui.keyword.builtin.ClickKeyword.click(ClickKeyword.groovy:86)
	at com.kms.katalon.core.webui.keyword.builtin.ClickKeyword.execute(ClickKeyword.groovy:67)
	at com.kms.katalon.core.keyword.internal.KeywordExecutor.executeKeywordForPlatform(KeywordExecutor.groovy:53)
	at com.kms.katalon.core.webui.keyword.WebUiBuiltInKeywords.click(WebUiBuiltInKeywords.groovy:604)
	at com.kms.katalon.core.webui.keyword.WebUiBuiltInKeywords$click$5.call(Unknown Source)
	at HP-Mega menu - Hover-cannabis.run(HP-Mega menu - Hover-cannabis:71)
	at com.kms.katalon.core.main.ScriptEngine.run(ScriptEngine.java:194)
	at com.kms.katalon.core.main.ScriptEngine.runScriptAsRawText(ScriptEngine.java:119)
	at com.kms.katalon.core.main.TestCaseExecutor.runScript(TestCaseExecutor.java:328)
	at com.kms.katalon.core.main.TestCaseExecutor.doExecute(TestCaseExecutor.java:319)
	at com.kms.katalon.core.main.TestCaseExecutor.processExecutionPhase(TestCaseExecutor.java:298)
	at com.kms.katalon.core.main.TestCaseExecutor.accessMainPhase(TestCaseExecutor.java:290)
	at com.kms.katalon.core.main.TestCaseExecutor.execute(TestCaseExecutor.java:224)
	at com.kms.katalon.core.main.TestSuiteExecutor.accessTestCaseMainPhase(TestSuiteExecutor.java:129)
	at com.kms.katalon.core.main.TestSuiteExecutor.accessTestSuiteMainPhase(TestSuiteExecutor.java:112)
	at com.kms.katalon.core.main.TestSuiteExecutor.execute(TestSuiteExecutor.java:81)
	at com.kms.katalon.core.main.TestCaseMain.startTestSuite(TestCaseMain.java:149)
	at com.kms.katalon.core.main.TestCaseMain$startTestSuite$0.call(Unknown Source)
	at TempTestSuite1556647337000.run(TempTestSuite1556647337000.groovy:36)


2019-04-30 14:04:40 - [MESSAGE][INFO] - Unable to find the element located by 'By.xpath: id("shopify-section-en-header")/header[@class="header"]/div[@class="menu-bar"]/div[@class="menu-bar__content"]/div[@class="menu-bar__left-wrapper"]/div[@class="mega-menu js-mega-menu"]/nav[@class="menu js-menu"]/ul[@class="menu__list unstyled"]/li[@class="menu__tier-one js-menu__tier-one has-tier-two-open"]/div[@class="menu__tier-two"]/div[@class="menu__tier-two__content-container clearfix"]/ul[@class="unstyled no-margin menu__tier-two__menu-primary"]/li[@class="menu__tier-three menu--type-one js-menu__tier-three"]/div[@class="accordion-item__nested-container accordionize__content accordionize__content--mega-menu"]/div[1]/ul[@class="unstyled"]/li[@class="menu__tier-four"]/a[@class="menu__tier-four__link"]/span[1][count(. | //span[(text() = 'Bottled Oils' or . = 'Bottled Oils')]) = count(//span[(text() = 'Bottled Oils' or . = 'Bottled Oils')])]'. Please recheck the objects properties to make sure the desired element is located. 

2019-04-30 14:04:41 - [MESSAGE][FAILED] - Unable to click on object 'Object Repository/mega-menu - cannabis/Page_Oils  Ontario Cannabis Store/span_Bottled Oils' (Root cause: com.kms.katalon.core.webui.exception.WebElementNotFoundException: Web element with id: 'Object Repository/mega-menu - cannabis/Page_Oils  Ontario Cannabis Store/span_Bottled Oils' located by 'By.xpath: id("shopify-section-en-header")/header[@class="header"]/div[@class="menu-bar"]/div[@class="menu-bar__content"]/div[@class="menu-bar__left-wrapper"]/div[@class="mega-menu js-mega-menu"]/nav[@class="menu js-menu"]/ul[@class="menu__list unstyled"]/li[@class="menu__tier-one js-menu__tier-one has-tier-two-open"]/div[@class="menu__tier-two"]/div[@class="menu__tier-two__content-container clearfix"]/ul[@class="unstyled no-margin menu__tier-two__menu-primary"]/li[@class="menu__tier-three menu--type-one js-menu__tier-three"]/div[@class="accordion-item__nested-container accordionize__content accordionize__content--mega-menu"]/div[1]/ul[@class="unstyled"]/li[@class="menu__tier-four"]/a[@class="menu__tier-four__link"]/span[1][count(. | //span[(text() = 'Bottled Oils' or . = 'Bottled Oils')]) = count(//span[(text() = 'Bottled Oils' or . = 'Bottled Oils')])]' not found)
[[ATTACHMENT|/Users/sumankompelly/git/Sample-OCS/Reports/HOME PAGE/20190430_140216/1556647480722.png]]

2019-04-30 14:04:41 - [MESSAGE][FAILED] - click(findTestObject("mega-menu - cannabis/Page_Oils  Ontario Cannabis Store/span_Bottled Oils")) FAILED.
Reason:
com.kms.katalon.core.exception.StepFailedException: Unable to click on object 'Object Repository/mega-menu - cannabis/Page_Sativa Dominant Dried Flower/span_Hybrid' (Root cause: com.kms.katalon.core.webui.exception.WebElementNotFoundException: Web element with id: 'Object Repository/mega-menu - cannabis/Page_Sativa Dominant Dried Flower/span_Hybrid' located by 'By.xpath: id("shopify-section-en-header")/header[@class="header"]/div[@class="menu-bar"]/div[@class="menu-bar__content"]/div[@class="menu-bar__left-wrapper"]/div[@class="mega-menu js-mega-menu"]/nav[@class="menu js-menu"]/ul[@class="menu__list unstyled"]/li[@class="menu__tier-one js-menu__tier-one has-tier-two-open"]/div[@class="menu__tier-two"]/div[@class="menu__tier-two__content-container clearfix"]/ul[@class="unstyled no-margin menu__tier-two__menu-primary"]/li[@class="menu__tier-three menu--type-one js-menu__tier-three"]/div[@class="accordion-item__nested-container accordionize__content accordionize__content--mega-menu"]/div[1]/ul[@class="unstyled"]/li[@class="menu__tier-four"]/a[@class="menu__tier-four__link"]/span[1][count(. | //span[(text() = 'Hybrid' or . = 'Hybrid')]) = count(//span[(text() = 'Hybrid' or . = 'Hybrid')])]' not found)
	at com.kms.katalon.core.keyword.internal.KeywordMain.stepFailed(KeywordMain.groovy:32)
	at com.kms.katalon.core.webui.keyword.internal.WebUIKeywordMain.stepFailed(WebUIKeywordMain.groovy:65)
	at com.kms.katalon.core.webui.keyword.internal.WebUIKeywordMain.runKeyword(WebUIKeywordMain.groovy:27)
	at com.kms.katalon.core.webui.keyword.builtin.ClickKeyword.click(ClickKeyword.groovy:86)
	at com.kms.katalon.core.webui.keyword.builtin.ClickKeyword.execute(ClickKeyword.groovy:67)
	at com.kms.katalon.core.keyword.internal.KeywordExecutor.executeKeywordForPlatform(KeywordExecutor.groovy:53)
	at com.kms.katalon.core.webui.keyword.WebUiBuiltInKeywords.click(WebUiBuiltInKeywords.groovy:604)
	at com.kms.katalon.core.webui.keyword.WebUiBuiltInKeywords$click$5.call(Unknown Source)
	at HP-Mega menu - Hover-cannabis.run(HP-Mega menu - Hover-cannabis:71)
	at com.kms.katalon.core.main.ScriptEngine.run(ScriptEngine.java:194)
	at com.kms.katalon.core.main.ScriptEngine.runScriptAsRawText(ScriptEngine.java:119)
	at com.kms.katalon.core.main.TestCaseExecutor.runScript(TestCaseExecutor.java:328)
	at com.kms.katalon.core.main.TestCaseExecutor.doExecute(TestCaseExecutor.java:319)
	at com.kms.katalon.core.main.TestCaseExecutor.processExecutionPhase(TestCaseExecutor.java:298)
	at com.kms.katalon.core.main.TestCaseExecutor.accessMainPhase(TestCaseExecutor.java:290)
	at com.kms.katalon.core.main.TestCaseExecutor.execute(TestCaseExecutor.java:224)
	at com.kms.katalon.core.main.TestSuiteExecutor.accessTestCaseMainPhase(TestSuiteExecutor.java:129)
	at com.kms.katalon.core.main.TestSuiteExecutor.accessTestSuiteMainPhase(TestSuiteExecutor.java:112)
	at com.kms.katalon.core.main.TestSuiteExecutor.execute(TestSuiteExecutor.java:81)
	at com.kms.katalon.core.main.TestCaseMain.startTestSuite(TestCaseMain.java:149)
	at com.kms.katalon.core.main.TestCaseMain$startTestSuite$0.call(Unknown Source)
	at TempTestSuite1556647337000.run(TempTestSuite1556647337000.groovy:36)]]></system-out>
         <system-err><![CDATA[2019-04-30 14:03:06 - [TEST_CASE][FAILED] - Test Cases/OCS- HOME PAGE/HP-Mega menu - Hover-cannabis: Test Cases/OCS- HOME PAGE/HP-Mega menu - Hover-cannabis FAILED.
Reason:
com.kms.katalon.core.exception.StepFailedException: Unable to click on object 'Object Repository/mega-menu - cannabis/Page_Sativa Dominant Dried Flower/span_Hybrid' (Root cause: com.kms.katalon.core.webui.exception.WebElementNotFoundException: Web element with id: 'Object Repository/mega-menu - cannabis/Page_Sativa Dominant Dried Flower/span_Hybrid' located by 'By.xpath: id("shopify-section-en-header")/header[@class="header"]/div[@class="menu-bar"]/div[@class="menu-bar__content"]/div[@class="menu-bar__left-wrapper"]/div[@class="mega-menu js-mega-menu"]/nav[@class="menu js-menu"]/ul[@class="menu__list unstyled"]/li[@class="menu__tier-one js-menu__tier-one has-tier-two-open"]/div[@class="menu__tier-two"]/div[@class="menu__tier-two__content-container clearfix"]/ul[@class="unstyled no-margin menu__tier-two__menu-primary"]/li[@class="menu__tier-three menu--type-one js-menu__tier-three"]/div[@class="accordion-item__nested-container accordionize__content accordionize__content--mega-menu"]/div[1]/ul[@class="unstyled"]/li[@class="menu__tier-four"]/a[@class="menu__tier-four__link"]/span[1][count(. | //span[(text() = 'Hybrid' or . = 'Hybrid')]) = count(//span[(text() = 'Hybrid' or . = 'Hybrid')])]' not found)
	at com.kms.katalon.core.keyword.internal.KeywordMain.stepFailed(KeywordMain.groovy:32)
	at com.kms.katalon.core.webui.keyword.internal.WebUIKeywordMain.stepFailed(WebUIKeywordMain.groovy:65)
	at com.kms.katalon.core.webui.keyword.internal.WebUIKeywordMain.runKeyword(WebUIKeywordMain.groovy:27)
	at com.kms.katalon.core.webui.keyword.builtin.ClickKeyword.click(ClickKeyword.groovy:86)
	at com.kms.katalon.core.webui.keyword.builtin.ClickKeyword.execute(ClickKeyword.groovy:67)
	at com.kms.katalon.core.keyword.internal.KeywordExecutor.executeKeywordForPlatform(KeywordExecutor.groovy:53)
	at com.kms.katalon.core.webui.keyword.WebUiBuiltInKeywords.click(WebUiBuiltInKeywords.groovy:604)
	at com.kms.katalon.core.webui.keyword.WebUiBuiltInKeywords$click$5.call(Unknown Source)
	at HP-Mega menu - Hover-cannabis.run(HP-Mega menu - Hover-cannabis:71)
	at com.kms.katalon.core.main.ScriptEngine.run(ScriptEngine.java:194)
	at com.kms.katalon.core.main.ScriptEngine.runScriptAsRawText(ScriptEngine.java:119)
	at com.kms.katalon.core.main.TestCaseExecutor.runScript(TestCaseExecutor.java:328)
	at com.kms.katalon.core.main.TestCaseExecutor.doExecute(TestCaseExecutor.java:319)
	at com.kms.katalon.core.main.TestCaseExecutor.processExecutionPhase(TestCaseExecutor.java:298)
	at com.kms.katalon.core.main.TestCaseExecutor.accessMainPhase(TestCaseExecutor.java:290)
	at com.kms.katalon.core.main.TestCaseExecutor.execute(TestCaseExecutor.java:224)
	at com.kms.katalon.core.main.TestSuiteExecutor.accessTestCaseMainPhase(TestSuiteExecutor.java:129)
	at com.kms.katalon.core.main.TestSuiteExecutor.accessTestSuiteMainPhase(TestSuiteExecutor.java:112)
	at com.kms.katalon.core.main.TestSuiteExecutor.execute(TestSuiteExecutor.java:81)
	at com.kms.katalon.core.main.TestCaseMain.startTestSuite(TestCaseMain.java:149)
	at com.kms.katalon.core.main.TestCaseMain$startTestSuite$0.call(Unknown Source)
	at TempTestSuite1556647337000.run(TempTestSuite1556647337000.groovy:36)]]></system-err>
      </testcase>
      <testcase name="Test Cases/OCS- HOME PAGE/Announcement" classname="Test Cases/OCS- HOME PAGE/Announcement" status="PASSED">
         <system-out><![CDATA[2019-04-30 14:04:41 - [TEST_CASE][PASSED] - Test Cases/OCS- HOME PAGE/Announcement: Test Cases/OCS- HOME PAGE/Announcement

2019-04-30 14:04:41 - [TEST_STEP][PASSED] - openBrowser(""): Browser is opened with url: ''

2019-04-30 14:04:41 - [MESSAGE][WARNING] - A browser is already opened. Closing browser and opening a new one

2019-04-30 14:04:41 - [MESSAGE][INFO] - Starting 'Chrome' driver

2019-04-30 14:04:42 - [MESSAGE][PASSED] - Browser is opened with url: ''

2019-04-30 14:04:42 - [TEST_STEP][PASSED] - navigateToUrl("https://ocs.ca/"): Navigate to 'https://ocs.ca/' successfully

2019-04-30 14:04:46 - [MESSAGE][PASSED] - Navigate to 'https://ocs.ca/' successfully

2019-04-30 14:04:46 - [TEST_STEP][PASSED] - maximizeWindow(): Current window maximized

2019-04-30 14:04:46 - [MESSAGE][PASSED] - Current window maximized

2019-04-30 14:04:46 - [TEST_STEP][PASSED] - selectOptionByValue(findTestObject("Object Repository/Announcement_OR/Page_Ontario Cannabis Store  Ontari/select_Select01020304050607080"), "1", true): All options with value '1' are selected in object 'Object Repository/Announcement_OR/Page_Ontario Cannabis Store  Ontari/select_Select01020304050607080'  using regular expression

2019-04-30 14:04:47 - [MESSAGE][PASSED] - All options with value '1' are selected in object 'Object Repository/Announcement_OR/Page_Ontario Cannabis Store  Ontari/select_Select01020304050607080'  using regular expression

2019-04-30 14:04:47 - [TEST_STEP][PASSED] - selectOptionByValue(findTestObject("Object Repository/Announcement_OR/Page_Ontario Cannabis Store  Ontari/select_SelectJanuary - 01Febru"), "0", true): All options with value '0' are selected in object 'Object Repository/Announcement_OR/Page_Ontario Cannabis Store  Ontari/select_SelectJanuary - 01Febru'  using regular expression

2019-04-30 14:04:47 - [MESSAGE][PASSED] - All options with value '0' are selected in object 'Object Repository/Announcement_OR/Page_Ontario Cannabis Store  Ontari/select_SelectJanuary - 01Febru'  using regular expression

2019-04-30 14:04:47 - [TEST_STEP][PASSED] - selectOptionByValue(findTestObject("Object Repository/Announcement_OR/Page_Ontario Cannabis Store  Ontari/select_Select20182017201620152"), "1968", true): All options with value '1968' are selected in object 'Object Repository/Announcement_OR/Page_Ontario Cannabis Store  Ontari/select_Select20182017201620152'  using regular expression

2019-04-30 14:04:48 - [MESSAGE][PASSED] - All options with value '1968' are selected in object 'Object Repository/Announcement_OR/Page_Ontario Cannabis Store  Ontari/select_Select20182017201620152'  using regular expression

2019-04-30 14:04:48 - [TEST_STEP][PASSED] - delay(2): Delayed 2 second(s)

2019-04-30 14:04:50 - [MESSAGE][PASSED] - Delayed 2 second(s)

2019-04-30 14:04:50 - [TEST_STEP][PASSED] - click(findTestObject("Announcement_OR/Page_Ontario Cannabis Store  Ontari/button_Verify")): Object: 'Object Repository/Announcement_OR/Page_Ontario Cannabis Store  Ontari/button_Verify' is clicked on

2019-04-30 14:04:50 - [MESSAGE][PASSED] - Object: 'Object Repository/Announcement_OR/Page_Ontario Cannabis Store  Ontari/button_Verify' is clicked on

2019-04-30 14:04:50 - [TEST_STEP][PASSED] - click(findTestObject("Object Repository/Announcement_OR/Page_Ontario Cannabis Store  Ontari/span_CONFIRM AND ACKNOWLEDGE_c")): Object: 'Object Repository/Announcement_OR/Page_Ontario Cannabis Store  Ontari/span_CONFIRM AND ACKNOWLEDGE_c' is clicked on

2019-04-30 14:04:50 - [MESSAGE][PASSED] - Object: 'Object Repository/Announcement_OR/Page_Ontario Cannabis Store  Ontari/span_CONFIRM AND ACKNOWLEDGE_c' is clicked on

2019-04-30 14:04:50 - [TEST_STEP][PASSED] - click(findTestObject("Object Repository/Announcement_OR/Page_Ontario Cannabis Store  Ontari/button_CONFIRM")): Object: 'Object Repository/Announcement_OR/Page_Ontario Cannabis Store  Ontari/button_CONFIRM' is clicked on

2019-04-30 14:04:50 - [MESSAGE][PASSED] - Object: 'Object Repository/Announcement_OR/Page_Ontario Cannabis Store  Ontari/button_CONFIRM' is clicked on

2019-04-30 14:04:50 - [TEST_STEP][PASSED] - click(findTestObject("Object Repository/Announcement_OR/Page_Ontario Cannabis Store  Ontari/button_Start Browsing")): Object: 'Object Repository/Announcement_OR/Page_Ontario Cannabis Store  Ontari/button_Start Browsing' is clicked on

2019-04-30 14:04:50 - [MESSAGE][PASSED] - Object: 'Object Repository/Announcement_OR/Page_Ontario Cannabis Store  Ontari/button_Start Browsing' is clicked on

2019-04-30 14:04:50 - [TEST_STEP][PASSED] - flag = verifyTextNotPresent("Due to holiday closures within the Canada Post network through Good Friday and Easter Monday, please expect some order delivery delays.", false): Text 'Due to holiday closures within the Canada Post network through Good Friday and Easter Monday, please expect some order delivery delays.' is not present on page

2019-04-30 14:04:51 - [MESSAGE][PASSED] - Text 'Due to holiday closures within the Canada Post network through Good Friday and Easter Monday, please expect some order delivery delays.' is not present on page

2019-04-30 14:04:51 - [TEST_STEP][PASSED] - comment("flag =" + flag): flag =true

2019-04-30 14:04:51 - [MESSAGE][INFO] - flag =true

2019-04-30 14:04:51 - [TEST_STEP][PASSED] - if (flag == false): null

2019-04-30 14:04:51 - [TEST_STEP][PASSED] - else:  there are announcemnts 

2019-04-30 14:04:51 - [TEST_STEP][PASSED] - comment(" there are announcemnts "):  there are announcemnts 

2019-04-30 14:04:51 - [MESSAGE][INFO] -  there are announcemnts 

2019-04-30 14:04:51 - [TEST_STEP][PASSED] - closeBrowser(): Browser is closed

2019-04-30 14:04:51 - [MESSAGE][PASSED] - Browser is closed]]></system-out>
         <system-err><![CDATA[]]></system-err>
      </testcase>
      <testcase name="Test Cases/OCS- HOME PAGE/cart flyout" classname="Test Cases/OCS- HOME PAGE/cart flyout" status="PASSED">
         <system-out><![CDATA[2019-04-30 14:04:51 - [TEST_CASE][PASSED] - Test Cases/OCS- HOME PAGE/cart flyout: Test Cases/OCS- HOME PAGE/cart flyout

2019-04-30 14:04:51 - [TEST_STEP][PASSED] - openBrowser(""): Browser is opened with url: ''

2019-04-30 14:04:51 - [MESSAGE][INFO] - Starting 'Chrome' driver

2019-04-30 14:04:52 - [MESSAGE][PASSED] - Browser is opened with url: ''

2019-04-30 14:04:52 - [TEST_STEP][PASSED] - delay(4): Delayed 4 second(s)

2019-04-30 14:04:56 - [MESSAGE][PASSED] - Delayed 4 second(s)

2019-04-30 14:04:56 - [TEST_STEP][PASSED] - navigateToUrl("http://ocs.ca/#/verify-age"): Navigate to 'http://ocs.ca/#/verify-age' successfully

2019-04-30 14:05:04 - [MESSAGE][PASSED] - Navigate to 'http://ocs.ca/#/verify-age' successfully

2019-04-30 14:05:04 - [TEST_STEP][PASSED] - maximizeWindow(): Current window maximized

2019-04-30 14:05:04 - [MESSAGE][PASSED] - Current window maximized

2019-04-30 14:05:04 - [TEST_STEP][PASSED] - selectOptionByValue(findTestObject("Object Repository/cart flyout_OR/Page_Ontario Cannabis Store  Ontari/select_Select01020304050607080"), "1", true): All options with value '1' are selected in object 'Object Repository/cart flyout_OR/Page_Ontario Cannabis Store  Ontari/select_Select01020304050607080'  using regular expression

2019-04-30 14:05:05 - [MESSAGE][PASSED] - All options with value '1' are selected in object 'Object Repository/cart flyout_OR/Page_Ontario Cannabis Store  Ontari/select_Select01020304050607080'  using regular expression

2019-04-30 14:05:05 - [TEST_STEP][PASSED] - selectOptionByValue(findTestObject("Object Repository/cart flyout_OR/Page_Ontario Cannabis Store  Ontari/select_SelectJanuary - 01Febru"), "0", true): All options with value '0' are selected in object 'Object Repository/cart flyout_OR/Page_Ontario Cannabis Store  Ontari/select_SelectJanuary - 01Febru'  using regular expression

2019-04-30 14:05:05 - [MESSAGE][PASSED] - All options with value '0' are selected in object 'Object Repository/cart flyout_OR/Page_Ontario Cannabis Store  Ontari/select_SelectJanuary - 01Febru'  using regular expression

2019-04-30 14:05:05 - [TEST_STEP][PASSED] - selectOptionByValue(findTestObject("Object Repository/cart flyout_OR/Page_Ontario Cannabis Store  Ontari/select_Select20182017201620152"), "1968", true): All options with value '1968' are selected in object 'Object Repository/cart flyout_OR/Page_Ontario Cannabis Store  Ontari/select_Select20182017201620152'  using regular expression

2019-04-30 14:05:06 - [MESSAGE][PASSED] - All options with value '1968' are selected in object 'Object Repository/cart flyout_OR/Page_Ontario Cannabis Store  Ontari/select_Select20182017201620152'  using regular expression

2019-04-30 14:05:06 - [TEST_STEP][PASSED] - click(findTestObject("Object Repository/cart flyout_OR/Page_Ontario Cannabis Store  Ontari/button_Verify")): Object: 'Object Repository/cart flyout_OR/Page_Ontario Cannabis Store  Ontari/button_Verify' is clicked on

2019-04-30 14:05:06 - [MESSAGE][PASSED] - Object: 'Object Repository/cart flyout_OR/Page_Ontario Cannabis Store  Ontari/button_Verify' is clicked on

2019-04-30 14:05:06 - [TEST_STEP][PASSED] - click(findTestObject("Object Repository/cart flyout_OR/Page_Ontario Cannabis Store  Ontari/span_CONFIRM AND ACKNOWLEDGE_c")): Object: 'Object Repository/cart flyout_OR/Page_Ontario Cannabis Store  Ontari/span_CONFIRM AND ACKNOWLEDGE_c' is clicked on

2019-04-30 14:05:06 - [MESSAGE][PASSED] - Object: 'Object Repository/cart flyout_OR/Page_Ontario Cannabis Store  Ontari/span_CONFIRM AND ACKNOWLEDGE_c' is clicked on

2019-04-30 14:05:06 - [TEST_STEP][PASSED] - click(findTestObject("Object Repository/cart flyout_OR/Page_Ontario Cannabis Store  Ontari/button_CONFIRM")): Object: 'Object Repository/cart flyout_OR/Page_Ontario Cannabis Store  Ontari/button_CONFIRM' is clicked on

2019-04-30 14:05:06 - [MESSAGE][PASSED] - Object: 'Object Repository/cart flyout_OR/Page_Ontario Cannabis Store  Ontari/button_CONFIRM' is clicked on

2019-04-30 14:05:06 - [TEST_STEP][PASSED] - click(findTestObject("Object Repository/cart flyout_OR/Page_Ontario Cannabis Store  Ontari/button_Start Browsing")): Object: 'Object Repository/cart flyout_OR/Page_Ontario Cannabis Store  Ontari/button_Start Browsing' is clicked on

2019-04-30 14:05:06 - [MESSAGE][PASSED] - Object: 'Object Repository/cart flyout_OR/Page_Ontario Cannabis Store  Ontari/button_Start Browsing' is clicked on

2019-04-30 14:05:06 - [TEST_STEP][PASSED] - delay(3): Delayed 3 second(s)

2019-04-30 14:05:09 - [MESSAGE][PASSED] - Delayed 3 second(s)

2019-04-30 14:05:09 - [TEST_STEP][NOT_RUN] - click(findTestObject("cart flyout_OR/Page_Ontario Cannabis Store  Ontari/div_00.00")): NOT_RUN: click(findTestObject("cart flyout_OR/Page_Ontario Cannabis Store  Ontari/div_00.00"))

2019-04-30 14:05:09 - [MESSAGE][NOT_RUN] - NOT_RUN: click(findTestObject("cart flyout_OR/Page_Ontario Cannabis Store  Ontari/div_00.00"))

2019-04-30 14:05:09 - [TEST_STEP][PASSED] - click(findTestObject("cart flyout_OR/Page_Ontario Cannabis Store  Ontari/div_00.00")): Object: 'Object Repository/cart flyout_OR/Page_Ontario Cannabis Store  Ontari/div_00.00' is clicked on

2019-04-30 14:05:09 - [MESSAGE][PASSED] - Object: 'Object Repository/cart flyout_OR/Page_Ontario Cannabis Store  Ontari/div_00.00' is clicked on

2019-04-30 14:05:09 - [TEST_STEP][PASSED] - delay(3): Delayed 3 second(s)

2019-04-30 14:05:12 - [MESSAGE][PASSED] - Delayed 3 second(s)

2019-04-30 14:05:12 - [TEST_STEP][PASSED] - verifyTextPresent("Bag", false): Text 'Bag' is present on page 

2019-04-30 14:05:14 - [MESSAGE][PASSED] - Text 'Bag' is present on page 

2019-04-30 14:05:14 - [TEST_STEP][PASSED] - if (true):  cart flyout opened 

2019-04-30 14:05:14 - [TEST_STEP][PASSED] - comment(" cart flyout opened "):  cart flyout opened 

2019-04-30 14:05:14 - [MESSAGE][INFO] -  cart flyout opened 

2019-04-30 14:05:14 - [TEST_STEP][PASSED] - delay(5): Delayed 5 second(s)

2019-04-30 14:05:19 - [MESSAGE][PASSED] - Delayed 5 second(s)

2019-04-30 14:05:19 - [TEST_STEP][PASSED] - click(findTestObject("cart flyout_OR/Page_Ontario Cannabis Store  Ontari/i_0.00_icon icon--back js-clos")): Object: 'Object Repository/cart flyout_OR/Page_Ontario Cannabis Store  Ontari/i_0.00_icon icon--back js-clos' is clicked on

2019-04-30 14:05:19 - [MESSAGE][PASSED] - Object: 'Object Repository/cart flyout_OR/Page_Ontario Cannabis Store  Ontari/i_0.00_icon icon--back js-clos' is clicked on

2019-04-30 14:05:19 - [TEST_STEP][PASSED] - verifyTextNotPresent("Bag", false): Text 'Bag' is not present on page

2019-04-30 14:05:20 - [MESSAGE][PASSED] - Text 'Bag' is not present on page

2019-04-30 14:05:20 - [TEST_STEP][PASSED] - if (true):  cart flyout closed 

2019-04-30 14:05:20 - [TEST_STEP][PASSED] - comment(" cart flyout closed "):  cart flyout closed 

2019-04-30 14:05:20 - [MESSAGE][INFO] -  cart flyout closed 

2019-04-30 14:05:20 - [TEST_STEP][PASSED] - closeBrowser(): Browser is closed

2019-04-30 14:05:20 - [MESSAGE][PASSED] - Browser is closed]]></system-out>
         <system-err><![CDATA[]]></system-err>
      </testcase>
      <testcase name="Test Cases/OCS- HOME PAGE/Retail stores link" classname="Test Cases/OCS- HOME PAGE/Retail stores link" status="PASSED">
         <system-out><![CDATA[2019-04-30 14:05:20 - [TEST_CASE][PASSED] - Test Cases/OCS- HOME PAGE/Retail stores link: Test Cases/OCS- HOME PAGE/Retail stores link

2019-04-30 14:05:20 - [TEST_STEP][PASSED] - openBrowser(""): Browser is opened with url: ''

2019-04-30 14:05:20 - [MESSAGE][INFO] - Starting 'Chrome' driver

2019-04-30 14:05:21 - [MESSAGE][PASSED] - Browser is opened with url: ''

2019-04-30 14:05:21 - [TEST_STEP][PASSED] - delay(10): Delayed 10 second(s)

2019-04-30 14:05:31 - [MESSAGE][PASSED] - Delayed 10 second(s)

2019-04-30 14:05:31 - [TEST_STEP][PASSED] - navigateToUrl("http://ocs.ca/#/verify-age"): Navigate to 'http://ocs.ca/#/verify-age' successfully

2019-04-30 14:05:33 - [MESSAGE][PASSED] - Navigate to 'http://ocs.ca/#/verify-age' successfully

2019-04-30 14:05:33 - [TEST_STEP][PASSED] - maximizeWindow(): Current window maximized

2019-04-30 14:05:34 - [MESSAGE][PASSED] - Current window maximized

2019-04-30 14:05:34 - [TEST_STEP][PASSED] - selectOptionByValue(findTestObject("Object Repository/Retail store_OR/Page_Ontario Cannabis Store  Ontari/select_Select01020304050607080"), "1", true): All options with value '1' are selected in object 'Object Repository/Retail store_OR/Page_Ontario Cannabis Store  Ontari/select_Select01020304050607080'  using regular expression

2019-04-30 14:05:34 - [MESSAGE][PASSED] - All options with value '1' are selected in object 'Object Repository/Retail store_OR/Page_Ontario Cannabis Store  Ontari/select_Select01020304050607080'  using regular expression

2019-04-30 14:05:34 - [TEST_STEP][PASSED] - selectOptionByValue(findTestObject("Object Repository/Retail store_OR/Page_Ontario Cannabis Store  Ontari/select_SelectJanuary - 01Febru"), "0", true): All options with value '0' are selected in object 'Object Repository/Retail store_OR/Page_Ontario Cannabis Store  Ontari/select_SelectJanuary - 01Febru'  using regular expression

2019-04-30 14:05:34 - [MESSAGE][PASSED] - All options with value '0' are selected in object 'Object Repository/Retail store_OR/Page_Ontario Cannabis Store  Ontari/select_SelectJanuary - 01Febru'  using regular expression

2019-04-30 14:05:34 - [TEST_STEP][PASSED] - selectOptionByValue(findTestObject("Object Repository/Retail store_OR/Page_Ontario Cannabis Store  Ontari/select_Select20182017201620152"), "1968", true): All options with value '1968' are selected in object 'Object Repository/Retail store_OR/Page_Ontario Cannabis Store  Ontari/select_Select20182017201620152'  using regular expression

2019-04-30 14:05:35 - [MESSAGE][PASSED] - All options with value '1968' are selected in object 'Object Repository/Retail store_OR/Page_Ontario Cannabis Store  Ontari/select_Select20182017201620152'  using regular expression

2019-04-30 14:05:35 - [TEST_STEP][PASSED] - click(findTestObject("Object Repository/Retail store_OR/Page_Ontario Cannabis Store  Ontari/button_Verify")): Object: 'Object Repository/Retail store_OR/Page_Ontario Cannabis Store  Ontari/button_Verify' is clicked on

2019-04-30 14:05:35 - [MESSAGE][PASSED] - Object: 'Object Repository/Retail store_OR/Page_Ontario Cannabis Store  Ontari/button_Verify' is clicked on

2019-04-30 14:05:35 - [TEST_STEP][PASSED] - click(findTestObject("Object Repository/Retail store_OR/Page_Ontario Cannabis Store  Ontari/span_CONFIRM AND ACKNOWLEDGE_c")): Object: 'Object Repository/Retail store_OR/Page_Ontario Cannabis Store  Ontari/span_CONFIRM AND ACKNOWLEDGE_c' is clicked on

2019-04-30 14:05:36 - [MESSAGE][PASSED] - Object: 'Object Repository/Retail store_OR/Page_Ontario Cannabis Store  Ontari/span_CONFIRM AND ACKNOWLEDGE_c' is clicked on

2019-04-30 14:05:36 - [TEST_STEP][PASSED] - click(findTestObject("Object Repository/Retail store_OR/Page_Ontario Cannabis Store  Ontari/button_CONFIRM")): Object: 'Object Repository/Retail store_OR/Page_Ontario Cannabis Store  Ontari/button_CONFIRM' is clicked on

2019-04-30 14:05:36 - [MESSAGE][PASSED] - Object: 'Object Repository/Retail store_OR/Page_Ontario Cannabis Store  Ontari/button_CONFIRM' is clicked on

2019-04-30 14:05:36 - [TEST_STEP][PASSED] - click(findTestObject("Object Repository/Retail store_OR/Page_Ontario Cannabis Store  Ontari/button_Start Browsing")): Object: 'Object Repository/Retail store_OR/Page_Ontario Cannabis Store  Ontari/button_Start Browsing' is clicked on

2019-04-30 14:05:36 - [MESSAGE][PASSED] - Object: 'Object Repository/Retail store_OR/Page_Ontario Cannabis Store  Ontari/button_Start Browsing' is clicked on

2019-04-30 14:05:36 - [TEST_STEP][PASSED] - click(findTestObject("Retail store_OR/Page_Ontario Cannabis Store  Ontari/a_AGCO authorized cannabis ret")): Object: 'Object Repository/Retail store_OR/Page_Ontario Cannabis Store  Ontari/a_AGCO authorized cannabis ret' is clicked on

2019-04-30 14:05:36 - [MESSAGE][PASSED] - Object: 'Object Repository/Retail store_OR/Page_Ontario Cannabis Store  Ontari/a_AGCO authorized cannabis ret' is clicked on

2019-04-30 14:05:36 - [TEST_STEP][PASSED] - delay(5): Delayed 5 second(s)

2019-04-30 14:05:41 - [MESSAGE][PASSED] - Delayed 5 second(s)

2019-04-30 14:05:41 - [TEST_STEP][NOT_RUN] - a = getUrl(): NOT_RUN: a = getUrl()

2019-04-30 14:05:41 - [MESSAGE][NOT_RUN] - NOT_RUN: a = getUrl()

2019-04-30 14:05:41 - [TEST_STEP][PASSED] - switchToWindowUrl("https://www.agco.ca/sites/default/files/map/ONT_CN_ST_E.html", STOP_ON_FAILURE): Switched to window with url: 'https://www.agco.ca/sites/default/files/map/ONT_CN_ST_E.html'

2019-04-30 14:05:41 - [MESSAGE][PASSED] - Switched to window with url: 'https://www.agco.ca/sites/default/files/map/ONT_CN_ST_E.html'

2019-04-30 14:05:41 - [TEST_STEP][PASSED] - verifyTextPresent("Cannabis Retail Stores in Ontario", false): Text 'Cannabis Retail Stores in Ontario' is present on page 

2019-04-30 14:05:41 - [MESSAGE][PASSED] - Text 'Cannabis Retail Stores in Ontario' is present on page 

2019-04-30 14:05:41 - [TEST_STEP][PASSED] - closeBrowser(): Browser is closed

2019-04-30 14:05:41 - [MESSAGE][PASSED] - Browser is closed]]></system-out>
         <system-err><![CDATA[]]></system-err>
      </testcase>
      <testcase name="Test Cases/OCS- HOME PAGE/footer" classname="Test Cases/OCS- HOME PAGE/footer" status="FAILED">
         <failure type="FAILED" message="Test Cases/OCS- HOME PAGE/footer FAILED.
Reason:
com.kms.katalon.core.exception.StepFailedException: Unable to click on object 'Object Repository/Footer_OR/Page_News  Ontario Cannabis Store/a_Help us improve OCS.ca' (Root cause: com.kms.katalon.core.webui.exception.WebElementNotFoundException: Web element with id: 'Object Repository/Footer_OR/Page_News  Ontario Cannabis Store/a_Help us improve OCS.ca' located by 'By.xpath: //div[@id='shopify-section-en-footer']/footer/div/div/section[2]/nav/ul/li[5]/a' not found)
	at com.kms.katalon.core.keyword.internal.KeywordMain.stepFailed(KeywordMain.groovy:32)
	at com.kms.katalon.core.webui.keyword.internal.WebUIKeywordMain.stepFailed(WebUIKeywordMain.groovy:65)
	at com.kms.katalon.core.webui.keyword.internal.WebUIKeywordMain.runKeyword(WebUIKeywordMain.groovy:27)
	at com.kms.katalon.core.webui.keyword.builtin.ClickKeyword.click(ClickKeyword.groovy:86)
	at com.kms.katalon.core.webui.keyword.builtin.ClickKeyword.execute(ClickKeyword.groovy:67)
	at com.kms.katalon.core.keyword.internal.KeywordExecutor.executeKeywordForPlatform(KeywordExecutor.groovy:53)
	at com.kms.katalon.core.webui.keyword.WebUiBuiltInKeywords.click(WebUiBuiltInKeywords.groovy:604)
	at com.kms.katalon.core.webui.keyword.WebUiBuiltInKeywords$click$5.call(Unknown Source)
	at footer.run(footer:61)
	at com.kms.katalon.core.main.ScriptEngine.run(ScriptEngine.java:194)
	at com.kms.katalon.core.main.ScriptEngine.runScriptAsRawText(ScriptEngine.java:119)
	at com.kms.katalon.core.main.TestCaseExecutor.runScript(TestCaseExecutor.java:328)
	at com.kms.katalon.core.main.TestCaseExecutor.doExecute(TestCaseExecutor.java:319)
	at com.kms.katalon.core.main.TestCaseExecutor.processExecutionPhase(TestCaseExecutor.java:298)
	at com.kms.katalon.core.main.TestCaseExecutor.accessMainPhase(TestCaseExecutor.java:290)
	at com.kms.katalon.core.main.TestCaseExecutor.execute(TestCaseExecutor.java:224)
	at com.kms.katalon.core.main.TestSuiteExecutor.accessTestCaseMainPhase(TestSuiteExecutor.java:129)
	at com.kms.katalon.core.main.TestSuiteExecutor.accessTestSuiteMainPhase(TestSuiteExecutor.java:112)
	at com.kms.katalon.core.main.TestSuiteExecutor.execute(TestSuiteExecutor.java:81)
	at com.kms.katalon.core.main.TestCaseMain.startTestSuite(TestCaseMain.java:149)
	at com.kms.katalon.core.main.TestCaseMain$startTestSuite$0.call(Unknown Source)
	at TempTestSuite1556647337000.run(TempTestSuite1556647337000.groovy:36)
"/>
         <system-out><![CDATA[2019-04-30 14:05:41 - [TEST_CASE][FAILED] - Test Cases/OCS- HOME PAGE/footer: Test Cases/OCS- HOME PAGE/footer FAILED.
Reason:
com.kms.katalon.core.exception.StepFailedException: Unable to click on object 'Object Repository/Footer_OR/Page_News  Ontario Cannabis Store/a_Help us improve OCS.ca' (Root cause: com.kms.katalon.core.webui.exception.WebElementNotFoundException: Web element with id: 'Object Repository/Footer_OR/Page_News  Ontario Cannabis Store/a_Help us improve OCS.ca' located by 'By.xpath: //div[@id='shopify-section-en-footer']/footer/div/div/section[2]/nav/ul/li[5]/a' not found)
	at com.kms.katalon.core.keyword.internal.KeywordMain.stepFailed(KeywordMain.groovy:32)
	at com.kms.katalon.core.webui.keyword.internal.WebUIKeywordMain.stepFailed(WebUIKeywordMain.groovy:65)
	at com.kms.katalon.core.webui.keyword.internal.WebUIKeywordMain.runKeyword(WebUIKeywordMain.groovy:27)
	at com.kms.katalon.core.webui.keyword.builtin.ClickKeyword.click(ClickKeyword.groovy:86)
	at com.kms.katalon.core.webui.keyword.builtin.ClickKeyword.execute(ClickKeyword.groovy:67)
	at com.kms.katalon.core.keyword.internal.KeywordExecutor.executeKeywordForPlatform(KeywordExecutor.groovy:53)
	at com.kms.katalon.core.webui.keyword.WebUiBuiltInKeywords.click(WebUiBuiltInKeywords.groovy:604)
	at com.kms.katalon.core.webui.keyword.WebUiBuiltInKeywords$click$5.call(Unknown Source)
	at footer.run(footer:61)
	at com.kms.katalon.core.main.ScriptEngine.run(ScriptEngine.java:194)
	at com.kms.katalon.core.main.ScriptEngine.runScriptAsRawText(ScriptEngine.java:119)
	at com.kms.katalon.core.main.TestCaseExecutor.runScript(TestCaseExecutor.java:328)
	at com.kms.katalon.core.main.TestCaseExecutor.doExecute(TestCaseExecutor.java:319)
	at com.kms.katalon.core.main.TestCaseExecutor.processExecutionPhase(TestCaseExecutor.java:298)
	at com.kms.katalon.core.main.TestCaseExecutor.accessMainPhase(TestCaseExecutor.java:290)
	at com.kms.katalon.core.main.TestCaseExecutor.execute(TestCaseExecutor.java:224)
	at com.kms.katalon.core.main.TestSuiteExecutor.accessTestCaseMainPhase(TestSuiteExecutor.java:129)
	at com.kms.katalon.core.main.TestSuiteExecutor.accessTestSuiteMainPhase(TestSuiteExecutor.java:112)
	at com.kms.katalon.core.main.TestSuiteExecutor.execute(TestSuiteExecutor.java:81)
	at com.kms.katalon.core.main.TestCaseMain.startTestSuite(TestCaseMain.java:149)
	at com.kms.katalon.core.main.TestCaseMain$startTestSuite$0.call(Unknown Source)
	at TempTestSuite1556647337000.run(TempTestSuite1556647337000.groovy:36)


2019-04-30 14:05:41 - [TEST_STEP][PASSED] - openBrowser(""): Browser is opened with url: ''

2019-04-30 14:05:41 - [MESSAGE][INFO] - Starting 'Chrome' driver

2019-04-30 14:05:42 - [MESSAGE][PASSED] - Browser is opened with url: ''

2019-04-30 14:05:42 - [TEST_STEP][PASSED] - navigateToUrl("http://ocs.ca/#/verify-age"): Navigate to 'http://ocs.ca/#/verify-age' successfully

2019-04-30 14:05:46 - [MESSAGE][PASSED] - Navigate to 'http://ocs.ca/#/verify-age' successfully

2019-04-30 14:05:46 - [TEST_STEP][PASSED] - maximizeWindow(): Current window maximized

2019-04-30 14:05:46 - [MESSAGE][PASSED] - Current window maximized

[...]

2019-04-30 14:10:26 - [MESSAGE][PASSED] - All options with value '1' are selected in object 'Object Repository/Accessories_OR/Page_Ontario Cannabis Store  Ontari/select_Select01020304050607080'  using regular expression

2019-04-30 14:10:26 - [TEST_STEP][PASSED] - selectOptionByValue(findTestObject("Object Repository/Accessories_OR/Page_Ontario Cannabis Store  Ontari/select_SelectJanuary - 01Febru"), "0", true): All options with value '0' are selected in object 'Object Repository/Accessories_OR/Page_Ontario Cannabis Store  Ontari/select_SelectJanuary - 01Febru'  using regular expression

2019-04-30 14:10:26 - [MESSAGE][PASSED] - All options with value '0' are selected in object 'Object Repository/Accessories_OR/Page_Ontario Cannabis Store  Ontari/select_SelectJanuary - 01Febru'  using regular expression

2019-04-30 14:10:26 - [TEST_STEP][PASSED] - selectOptionByValue(findTestObject("Object Repository/Accessories_OR/Page_Ontario Cannabis Store  Ontari/select_Select20182017201620152"), "1968", true): All options with value '1968' are selected in object 'Object Repository/Accessories_OR/Page_Ontario Cannabis Store  Ontari/select_Select20182017201620152'  using regular expression

2019-04-30 14:10:27 - [MESSAGE][PASSED] - All options with value '1968' are selected in object 'Object Repository/Accessories_OR/Page_Ontario Cannabis Store  Ontari/select_Select20182017201620152'  using regular expression

2019-04-30 14:10:27 - [TEST_STEP][PASSED] - click(findTestObject("Object Repository/Accessories_OR/Page_Ontario Cannabis Store  Ontari/button_Verify")): Object: 'Object Repository/Accessories_OR/Page_Ontario Cannabis Store  Ontari/button_Verify' is clicked on

2019-04-30 14:10:27 - [MESSAGE][PASSED] - Object: 'Object Repository/Accessories_OR/Page_Ontario Cannabis Store  Ontari/button_Verify' is clicked on

2019-04-30 14:10:27 - [TEST_STEP][PASSED] - click(findTestObject("Object Repository/Accessories_OR/Page_Ontario Cannabis Store  Ontari/span_CONFIRM AND ACKNOWLEDGE_c")): Object: 'Object Repository/Accessories_OR/Page_Ontario Cannabis Store  Ontari/span_CONFIRM AND ACKNOWLEDGE_c' is clicked on

2019-04-30 14:10:27 - [MESSAGE][PASSED] - Object: 'Object Repository/Accessories_OR/Page_Ontario Cannabis Store  Ontari/span_CONFIRM AND ACKNOWLEDGE_c' is clicked on

2019-04-30 14:10:27 - [TEST_STEP][PASSED] - click(findTestObject("Object Repository/Accessories_OR/Page_Ontario Cannabis Store  Ontari/button_CONFIRM")): Object: 'Object Repository/Accessories_OR/Page_Ontario Cannabis Store  Ontari/button_CONFIRM' is clicked on

2019-04-30 14:10:28 - [MESSAGE][PASSED] - Object: 'Object Repository/Accessories_OR/Page_Ontario Cannabis Store  Ontari/button_CONFIRM' is clicked on

2019-04-30 14:10:28 - [TEST_STEP][PASSED] - click(findTestObject("Object Repository/Accessories_OR/Page_Ontario Cannabis Store  Ontari/button_Start Browsing")): Object: 'Object Repository/Accessories_OR/Page_Ontario Cannabis Store  Ontari/button_Start Browsing' is clicked on

2019-04-30 14:10:28 - [MESSAGE][PASSED] - Object: 'Object Repository/Accessories_OR/Page_Ontario Cannabis Store  Ontari/button_Start Browsing' is clicked on

2019-04-30 14:10:28 - [TEST_STEP][PASSED] - mouseOver(findTestObject("Object Repository/Accessories_OR/Page_Ontario Cannabis Store  Ontari/h3_Accessories")): Object: 'Object Repository/Accessories_OR/Page_Ontario Cannabis Store  Ontari/h3_Accessories' is hovered

2019-04-30 14:10:28 - [MESSAGE][PASSED] - Object: 'Object Repository/Accessories_OR/Page_Ontario Cannabis Store  Ontari/h3_Accessories' is hovered

2019-04-30 14:10:28 - [TEST_STEP][PASSED] - click(findTestObject("Object Repository/Accessories_OR/Page_Ontario Cannabis Store  Ontari/span_Vaporizers")): Object: 'Object Repository/Accessories_OR/Page_Ontario Cannabis Store  Ontari/span_Vaporizers' is clicked on

2019-04-30 14:10:29 - [MESSAGE][PASSED] - Object: 'Object Repository/Accessories_OR/Page_Ontario Cannabis Store  Ontari/span_Vaporizers' is clicked on

2019-04-30 14:10:29 - [TEST_STEP][PASSED] - click(findTestObject("Object Repository/Accessories_OR/Page_Vaporizers  Ontario Cannabis S/h3_Accessories")): Object: 'Object Repository/Accessories_OR/Page_Vaporizers  Ontario Cannabis S/h3_Accessories' is clicked on

2019-04-30 14:10:29 - [MESSAGE][PASSED] - Object: 'Object Repository/Accessories_OR/Page_Vaporizers  Ontario Cannabis S/h3_Accessories' is clicked on

2019-04-30 14:10:29 - [TEST_STEP][PASSED] - click(findTestObject("Object Repository/Accessories_OR/Page_Vaporizers  Ontario Cannabis S/span_Bongs  Water Pipes")): Object: 'Object Repository/Accessories_OR/Page_Vaporizers  Ontario Cannabis S/span_Bongs  Water Pipes' is clicked on

2019-04-30 14:10:31 - [MESSAGE][PASSED] - Object: 'Object Repository/Accessories_OR/Page_Vaporizers  Ontario Cannabis S/span_Bongs  Water Pipes' is clicked on

2019-04-30 14:10:31 - [TEST_STEP][PASSED] - click(findTestObject("Object Repository/Accessories_OR/Page_Bongs  Water Pipes  Ontario Ca/h3_Accessories")): Object: 'Object Repository/Accessories_OR/Page_Bongs  Water Pipes  Ontario Ca/h3_Accessories' is clicked on

2019-04-30 14:10:31 - [MESSAGE][PASSED] - Object: 'Object Repository/Accessories_OR/Page_Bongs  Water Pipes  Ontario Ca/h3_Accessories' is clicked on

2019-04-30 14:10:31 - [TEST_STEP][PASSED] - click(findTestObject("Object Repository/Accessories_OR/Page_Bongs  Water Pipes  Ontario Ca/span_Handheld Pipes")): Object: 'Object Repository/Accessories_OR/Page_Bongs  Water Pipes  Ontario Ca/span_Handheld Pipes' is clicked on

2019-04-30 14:10:33 - [MESSAGE][PASSED] - Object: 'Object Repository/Accessories_OR/Page_Bongs  Water Pipes  Ontario Ca/span_Handheld Pipes' is clicked on

2019-04-30 14:10:33 - [TEST_STEP][PASSED] - click(findTestObject("Object Repository/Accessories_OR/Page_Handheld Pipes  Ontario Cannab/h3_Accessories")): Object: 'Object Repository/Accessories_OR/Page_Handheld Pipes  Ontario Cannab/h3_Accessories' is clicked on

2019-04-30 14:10:33 - [MESSAGE][PASSED] - Object: 'Object Repository/Accessories_OR/Page_Handheld Pipes  Ontario Cannab/h3_Accessories' is clicked on

2019-04-30 14:10:33 - [TEST_STEP][PASSED] - click(findTestObject("Object Repository/Accessories_OR/Page_Handheld Pipes  Ontario Cannab/span_Papers  Filters")): Object: 'Object Repository/Accessories_OR/Page_Handheld Pipes  Ontario Cannab/span_Papers  Filters' is clicked on

2019-04-30 14:10:35 - [MESSAGE][PASSED] - Object: 'Object Repository/Accessories_OR/Page_Handheld Pipes  Ontario Cannab/span_Papers  Filters' is clicked on

2019-04-30 14:10:35 - [TEST_STEP][PASSED] - click(findTestObject("Object Repository/Accessories_OR/Page_Papers  Filters  Ontario Canna/h3_Accessories")): Object: 'Object Repository/Accessories_OR/Page_Papers  Filters  Ontario Canna/h3_Accessories' is clicked on

2019-04-30 14:10:35 - [MESSAGE][PASSED] - Object: 'Object Repository/Accessories_OR/Page_Papers  Filters  Ontario Canna/h3_Accessories' is clicked on

2019-04-30 14:10:35 - [TEST_STEP][PASSED] - click(findTestObject("Object Repository/Accessories_OR/Page_Papers  Filters  Ontario Canna/span_Grinders")): Object: 'Object Repository/Accessories_OR/Page_Papers  Filters  Ontario Canna/span_Grinders' is clicked on

2019-04-30 14:10:37 - [MESSAGE][PASSED] - Object: 'Object Repository/Accessories_OR/Page_Papers  Filters  Ontario Canna/span_Grinders' is clicked on

2019-04-30 14:10:37 - [TEST_STEP][PASSED] - click(findTestObject("Object Repository/Accessories_OR/Page_Grinders  Ontario Cannabis Sto/h3_Accessories")): Object: 'Object Repository/Accessories_OR/Page_Grinders  Ontario Cannabis Sto/h3_Accessories' is clicked on

2019-04-30 14:10:37 - [MESSAGE][PASSED] - Object: 'Object Repository/Accessories_OR/Page_Grinders  Ontario Cannabis Sto/h3_Accessories' is clicked on

2019-04-30 14:10:37 - [TEST_STEP][PASSED] - click(findTestObject("Object Repository/Accessories_OR/Page_Grinders  Ontario Cannabis Sto/span_Tools  Kits")): Object: 'Object Repository/Accessories_OR/Page_Grinders  Ontario Cannabis Sto/span_Tools  Kits' is clicked on

2019-04-30 14:10:38 - [MESSAGE][PASSED] - Object: 'Object Repository/Accessories_OR/Page_Grinders  Ontario Cannabis Sto/span_Tools  Kits' is clicked on

2019-04-30 14:10:38 - [TEST_STEP][PASSED] - click(findTestObject("Object Repository/Accessories_OR/Page_Multi-Tools  Kits  Ontario Can/h3_Accessories")): Object: 'Object Repository/Accessories_OR/Page_Multi-Tools  Kits  Ontario Can/h3_Accessories' is clicked on

2019-04-30 14:10:39 - [MESSAGE][PASSED] - Object: 'Object Repository/Accessories_OR/Page_Multi-Tools  Kits  Ontario Can/h3_Accessories' is clicked on

2019-04-30 14:10:39 - [TEST_STEP][PASSED] - click(findTestObject("Object Repository/Accessories_OR/Page_Multi-Tools  Kits  Ontario Can/span_Cleaning Supplies")): Object: 'Object Repository/Accessories_OR/Page_Multi-Tools  Kits  Ontario Can/span_Cleaning Supplies' is clicked on

2019-04-30 14:10:40 - [MESSAGE][PASSED] - Object: 'Object Repository/Accessories_OR/Page_Multi-Tools  Kits  Ontario Can/span_Cleaning Supplies' is clicked on

2019-04-30 14:10:40 - [TEST_STEP][PASSED] - click(findTestObject("Object Repository/Accessories_OR/Page_Cleaning Supplies  Ontario Can/h3_Accessories")): Object: 'Object Repository/Accessories_OR/Page_Cleaning Supplies  Ontario Can/h3_Accessories' is clicked on

2019-04-30 14:10:40 - [MESSAGE][PASSED] - Object: 'Object Repository/Accessories_OR/Page_Cleaning Supplies  Ontario Can/h3_Accessories' is clicked on

2019-04-30 14:10:40 - [TEST_STEP][PASSED] - click(findTestObject("Object Repository/Accessories_OR/Page_Cleaning Supplies  Ontario Can/span_Storage")): Object: 'Object Repository/Accessories_OR/Page_Cleaning Supplies  Ontario Can/span_Storage' is clicked on

2019-04-30 14:10:42 - [MESSAGE][PASSED] - Object: 'Object Repository/Accessories_OR/Page_Cleaning Supplies  Ontario Can/span_Storage' is clicked on

2019-04-30 14:10:42 - [TEST_STEP][PASSED] - click(findTestObject("Object Repository/Accessories_OR/Page_Storage  Ontario Cannabis Stor/h3_Accessories")): Object: 'Object Repository/Accessories_OR/Page_Storage  Ontario Cannabis Stor/h3_Accessories' is clicked on

2019-04-30 14:10:42 - [MESSAGE][PASSED] - Object: 'Object Repository/Accessories_OR/Page_Storage  Ontario Cannabis Stor/h3_Accessories' is clicked on

2019-04-30 14:10:42 - [TEST_STEP][PASSED] - click(findTestObject("Object Repository/Accessories_OR/Page_Storage  Ontario Cannabis Stor/span_Trays")): Object: 'Object Repository/Accessories_OR/Page_Storage  Ontario Cannabis Stor/span_Trays' is clicked on

2019-04-30 14:10:43 - [MESSAGE][PASSED] - Object: 'Object Repository/Accessories_OR/Page_Storage  Ontario Cannabis Stor/span_Trays' is clicked on

2019-04-30 14:10:43 - [TEST_STEP][PASSED] - click(findTestObject("Object Repository/Accessories_OR/Page_Trays  Ontario Cannabis Store/h3_Accessories")): Object: 'Object Repository/Accessories_OR/Page_Trays  Ontario Cannabis Store/h3_Accessories' is clicked on

2019-04-30 14:10:43 - [MESSAGE][PASSED] - Object: 'Object Repository/Accessories_OR/Page_Trays  Ontario Cannabis Store/h3_Accessories' is clicked on

2019-04-30 14:10:43 - [TEST_STEP][PASSED] - click(findTestObject("Object Repository/Accessories_OR/Page_Trays  Ontario Cannabis Store/span_Infusers")): Object: 'Object Repository/Accessories_OR/Page_Trays  Ontario Cannabis Store/span_Infusers' is clicked on

2019-04-30 14:10:45 - [MESSAGE][PASSED] - Object: 'Object Repository/Accessories_OR/Page_Trays  Ontario Cannabis Store/span_Infusers' is clicked on

2019-04-30 14:10:45 - [TEST_STEP][PASSED] - click(findTestObject("Object Repository/Accessories_OR/Page_Infusers  Ontario Cannabis Sto/h3_Accessories")): Object: 'Object Repository/Accessories_OR/Page_Infusers  Ontario Cannabis Sto/h3_Accessories' is clicked on

2019-04-30 14:10:45 - [MESSAGE][PASSED] - Object: 'Object Repository/Accessories_OR/Page_Infusers  Ontario Cannabis Sto/h3_Accessories' is clicked on

2019-04-30 14:10:45 - [TEST_STEP][PASSED] - click(findTestObject("Object Repository/Accessories_OR/Page_Infusers  Ontario Cannabis Sto/p_Bongs  Water Pipes")): Object: 'Object Repository/Accessories_OR/Page_Infusers  Ontario Cannabis Sto/p_Bongs  Water Pipes' is clicked on

2019-04-30 14:10:47 - [MESSAGE][PASSED] - Object: 'Object Repository/Accessories_OR/Page_Infusers  Ontario Cannabis Sto/p_Bongs  Water Pipes' is clicked on

2019-04-30 14:10:47 - [TEST_STEP][PASSED] - click(findTestObject("Object Repository/Accessories_OR/Page_Bongs  Water Pipes  Ontario Ca/h3_Accessories")): Object: 'Object Repository/Accessories_OR/Page_Bongs  Water Pipes  Ontario Ca/h3_Accessories' is clicked on

2019-04-30 14:10:47 - [MESSAGE][PASSED] - Object: 'Object Repository/Accessories_OR/Page_Bongs  Water Pipes  Ontario Ca/h3_Accessories' is clicked on

2019-04-30 14:10:47 - [TEST_STEP][PASSED] - click(findTestObject("Object Repository/Accessories_OR/Page_Bongs  Water Pipes  Ontario Ca/p_Papers  Filters")): Object: 'Object Repository/Accessories_OR/Page_Bongs  Water Pipes  Ontario Ca/p_Papers  Filters' is clicked on

2019-04-30 14:10:49 - [MESSAGE][PASSED] - Object: 'Object Repository/Accessories_OR/Page_Bongs  Water Pipes  Ontario Ca/p_Papers  Filters' is clicked on

2019-04-30 14:10:49 - [TEST_STEP][PASSED] - click(findTestObject("Object Repository/Accessories_OR/Page_Papers  Filters  Ontario Canna/h3_Accessories")): Object: 'Object Repository/Accessories_OR/Page_Papers  Filters  Ontario Canna/h3_Accessories' is clicked on

2019-04-30 14:10:49 - [MESSAGE][PASSED] - Object: 'Object Repository/Accessories_OR/Page_Papers  Filters  Ontario Canna/h3_Accessories' is clicked on

2019-04-30 14:10:49 - [TEST_STEP][PASSED] - click(findTestObject("Object Repository/Accessories_OR/Page_Papers  Filters  Ontario Canna/a_SHOP ALL ACCESSORIES")): Object: 'Object Repository/Accessories_OR/Page_Papers  Filters  Ontario Canna/a_SHOP ALL ACCESSORIES' is clicked on

2019-04-30 14:10:51 - [MESSAGE][PASSED] - Object: 'Object Repository/Accessories_OR/Page_Papers  Filters  Ontario Canna/a_SHOP ALL ACCESSORIES' is clicked on

2019-04-30 14:10:51 - [TEST_STEP][PASSED] - click(findTestObject("Object Repository/Accessories_OR/Page_All Accessories  Ontario Canna/h3_Accessories")): Object: 'Object Repository/Accessories_OR/Page_All Accessories  Ontario Canna/h3_Accessories' is clicked on

2019-04-30 14:10:51 - [MESSAGE][PASSED] - Object: 'Object Repository/Accessories_OR/Page_All Accessories  Ontario Canna/h3_Accessories' is clicked on

2019-04-30 14:10:51 - [TEST_STEP][PASSED] - closeBrowser(): Browser is closed

2019-04-30 14:10:51 - [MESSAGE][PASSED] - Browser is closed]]></system-out>
         <system-err><![CDATA[]]></system-err>
      </testcase>
      <system-out><![CDATA[2019-04-30 14:02:18 - [TEST_SUITE][FAILED] - HOME PAGE: Test Cases/OCS- HOME PAGE/Toggling language FAILED.
Reason:
com.kms.katalon.core.exception.StepFailedException: Unable to click on object 'Object Repository/language_OR/Page_Ontario Cannabis Store  Ontari/p_English' (Root cause: com.kms.katalon.core.webui.exception.WebElementNotFoundException: Web element with id: 'Object Repository/language_OR/Page_Ontario Cannabis Store  Ontari/p_English' located by 'By.xpath: //div[@id='shopify-section-en-header']/header/div/div/div/p' not found)
	at com.kms.katalon.core.keyword.internal.KeywordMain.stepFailed(KeywordMain.groovy:36)
	at com.kms.katalon.core.webui.keyword.internal.WebUIKeywordMain.stepFailed(WebUIKeywordMain.groovy:65)
	at com.kms.katalon.core.webui.keyword.internal.WebUIKeywordMain.runKeyword(WebUIKeywordMain.groovy:27)
	at com.kms.katalon.core.webui.keyword.builtin.ClickKeyword.click(ClickKeyword.groovy:86)
	at com.kms.katalon.core.webui.keyword.builtin.ClickKeyword.execute(ClickKeyword.groovy:67)
	at com.kms.katalon.core.keyword.internal.KeywordExecutor.executeKeywordForPlatform(KeywordExecutor.groovy:53)
	at com.kms.katalon.core.webui.keyword.WebUiBuiltInKeywords.click(WebUiBuiltInKeywords.groovy:616)
	at com.kms.katalon.core.webui.keyword.WebUiBuiltInKeywords$click$3.call(Unknown Source)
	at Toggling language.run(Toggling language:41)
	at com.kms.katalon.core.main.ScriptEngine.run(ScriptEngine.java:194)
	at com.kms.katalon.core.main.ScriptEngine.runScriptAsRawText(ScriptEngine.java:119)
	at com.kms.katalon.core.main.TestCaseExecutor.runScript(TestCaseExecutor.java:328)
	at com.kms.katalon.core.main.TestCaseExecutor.doExecute(TestCaseExecutor.java:319)
	at com.kms.katalon.core.main.TestCaseExecutor.processExecutionPhase(TestCaseExecutor.java:298)
	at com.kms.katalon.core.main.TestCaseExecutor.accessMainPhase(TestCaseExecutor.java:290)
	at com.kms.katalon.core.main.TestCaseExecutor.execute(TestCaseExecutor.java:224)
	at com.kms.katalon.core.main.TestSuiteExecutor.accessTestCaseMainPhase(TestSuiteExecutor.java:129)
	at com.kms.katalon.core.main.TestSuiteExecutor.accessTestSuiteMainPhase(TestSuiteExecutor.java:112)
	at com.kms.katalon.core.main.TestSuiteExecutor.execute(TestSuiteExecutor.java:81)
	at com.kms.katalon.core.main.TestCaseMain.startTestSuite(TestCaseMain.java:149)
	at com.kms.katalon.core.main.TestCaseMain$startTestSuite$0.call(Unknown Source)
	at TempTestSuite1556647337000.run(TempTestSuite1556647337000.groovy:36)]]></system-out>
      <system-err><![CDATA[2019-04-30 14:02:18 - [TEST_SUITE][FAILED] - HOME PAGE: Test Cases/OCS- HOME PAGE/Toggling language FAILED.
Reason:
com.kms.katalon.core.exception.StepFailedException: Unable to click on object 'Object Repository/language_OR/Page_Ontario Cannabis Store  Ontari/p_English' (Root cause: com.kms.katalon.core.webui.exception.WebElementNotFoundException: Web element with id: 'Object Repository/language_OR/Page_Ontario Cannabis Store  Ontari/p_English' located by 'By.xpath: //div[@id='shopify-section-en-header']/header/div/div/div/p' not found)
	at com.kms.katalon.core.keyword.internal.KeywordMain.stepFailed(KeywordMain.groovy:36)
	at com.kms.katalon.core.webui.keyword.internal.WebUIKeywordMain.stepFailed(WebUIKeywordMain.groovy:65)
	at com.kms.katalon.core.webui.keyword.internal.WebUIKeywordMain.runKeyword(WebUIKeywordMain.groovy:27)
	at com.kms.katalon.core.webui.keyword.builtin.ClickKeyword.click(ClickKeyword.groovy:86)
	at com.kms.katalon.core.webui.keyword.builtin.ClickKeyword.execute(ClickKeyword.groovy:67)
	at com.kms.katalon.core.keyword.internal.KeywordExecutor.executeKeywordForPlatform(KeywordExecutor.groovy:53)
	at com.kms.katalon.core.webui.keyword.WebUiBuiltInKeywords.click(WebUiBuiltInKeywords.groovy:616)
	at com.kms.katalon.core.webui.keyword.WebUiBuiltInKeywords$click$3.call(Unknown Source)
	at Toggling language.run(Toggling language:41)
	at com.kms.katalon.core.main.ScriptEngine.run(ScriptEngine.java:194)
	at com.kms.katalon.core.main.ScriptEngine.runScriptAsRawText(ScriptEngine.java:119)
	at com.kms.katalon.core.main.TestCaseExecutor.runScript(TestCaseExecutor.java:328)
	at com.kms.katalon.core.main.TestCaseExecutor.doExecute(TestCaseExecutor.java:319)
	at com.kms.katalon.core.main.TestCaseExecutor.processExecutionPhase(TestCaseExecutor.java:298)
	at com.kms.katalon.core.main.TestCaseExecutor.accessMainPhase(TestCaseExecutor.java:290)
	at com.kms.katalon.core.main.TestCaseExecutor.execute(TestCaseExecutor.java:224)
	at com.kms.katalon.core.main.TestSuiteExecutor.accessTestCaseMainPhase(TestSuiteExecutor.java:129)
	at com.kms.katalon.core.main.TestSuiteExecutor.accessTestSuiteMainPhase(TestSuiteExecutor.java:112)
	at com.kms.katalon.core.main.TestSuiteExecutor.execute(TestSuiteExecutor.java:81)
	at com.kms.katalon.core.main.TestCaseMain.startTestSuite(TestCaseMain.java:149)
	at com.kms.katalon.core.main.TestCaseMain$startTestSuite$0.call(Unknown Source)
	at TempTestSuite1556647337000.run(TempTestSuite1556647337000.groovy:36)]]></system-err>
   </testsuite>
</testsuites>
